my_unknown_sequence	GQ903013.1	100.00	924	0	0	1	924	1	924	0.0	1667
my_unknown_sequence	GQ903012.1	100.00	924	0	0	1	924	1	924	0.0	1667
my_unknown_sequence	GQ903011.1	100.00	924	0	0	1	924	1	924	0.0	1667
my_unknown_sequence	GQ903010.1	100.00	924	0	0	1	924	1	924	0.0	1667
my_unknown_sequence	GQ903009.1	100.00	924	0	0	1	924	1	924	0.0	1667
my_unknown_sequence	GQ903008.1	100.00	924	0	0	1	924	1	924	0.0	1667
my_unknown_sequence	GQ903007.1	100.00	924	0	0	1	924	1	924	0.0	1667
my_unknown_sequence	GQ903006.1	100.00	924	0	0	1	924	1	924	0.0	1667
my_unknown_sequence	GQ903005.1	100.00	924	0	0	1	924	1	924	0.0	1667
my_unknown_sequence	GQ903004.1	100.00	924	0	0	1	924	1	924	0.0	1667
my_unknown_sequence	GQ903003.1	100.00	924	0	0	1	924	1	924	0.0	1667
my_unknown_sequence	GQ903002.1	100.00	924	0	0	1	924	1	924	0.0	1667
my_unknown_sequence	GQ903001.1	100.00	924	0	0	1	924	1	924	0.0	1667
my_unknown_sequence	GQ903000.1	100.00	924	0	0	1	924	1	924	0.0	1667
my_unknown_sequence	GQ902999.1	100.00	924	0	0	1	924	1	924	0.0	1667
my_unknown_sequence	GQ902998.1	100.00	924	0	0	1	924	1	924	0.0	1667
my_unknown_sequence	GQ902997.1	100.00	924	0	0	1	924	1	924	0.0	1667
my_unknown_sequence	GQ902996.1	100.00	924	0	0	1	924	1	924	0.0	1667
my_unknown_sequence	GQ902995.1	100.00	924	0	0	1	924	1	924	0.0	1667
my_unknown_sequence	GQ902992.1	100.00	924	0	0	1	924	1	924	0.0	1667
my_unknown_sequence	GQ902991.1	100.00	924	0	0	1	924	1	924	0.0	1667
my_unknown_sequence	GQ903014.1	99.89	924	1	0	1	924	1	924	0.0	1662
my_unknown_sequence	GQ902994.1	99.78	924	2	0	1	924	1	924	0.0	1658
my_unknown_sequence	GQ902993.1	99.68	924	3	0	1	924	1	924	0.0	1653
my_unknown_sequence	KM408432.1	72.34	47	13	0	841	887	808	854	0.54	26.5
my_unknown_sequence	KC918816.1	100.00	12	0	0	327	338	321	332	6.5	22.9
my_unknown_sequence	KC918815.1	100.00	12	0	0	327	338	321	332	6.5	22.9
my_unknown_sequence	KC918814.1	100.00	12	0	0	327	338	321	332	6.5	22.9
my_unknown_sequence	KC918813.1	100.00	12	0	0	327	338	321	332	6.5	22.9
my_unknown_sequence	KC918812.1	100.00	12	0	0	327	338	321	332	6.5	22.9
my_unknown_sequence	KC918811.1	100.00	12	0	0	327	338	321	332	6.5	22.9
my_unknown_sequence	KC918810.1	100.00	12	0	0	327	338	321	332	6.5	22.9
my_unknown_sequence	KC918809.1	100.00	12	0	0	327	338	321	332	6.5	22.9
my_unknown_sequence	AB699248.1	100.00	12	0	0	327	338	321	332	6.5	22.9
my_unknown_sequence	U09807.1	100.00	12	0	0	327	338	377	388	6.5	22.9
my_unknown_sequence	KP187623.1	100.00	12	0	0	327	338	321	332	6.5	22.9
my_unknown_sequence	KP187622.1	100.00	12	0	0	327	338	321	332	6.5	22.9
my_unknown_sequence	KP187621.1	100.00	12	0	0	327	338	321	332	6.5	22.9
my_unknown_sequence	KP187620.1	100.00	12	0	0	327	338	321	332	6.5	22.9
my_unknown_sequence	EU649677.1	100.00	12	0	0	327	338	353	364	6.5	22.9
my_unknown_sequence	AY461808.1	100.00	12	0	0	327	338	321	332	6.5	22.9
my_unknown_sequence	KJ596546.1	100.00	12	0	0	327	338	321	332	6.5	22.9
my_unknown_sequence	KJ596547.1	100.00	12	0	0	327	338	321	332	6.5	22.9
my_unknown_sequence	KJ596548.1	100.00	12	0	0	327	338	321	332	6.5	22.9
my_unknown_sequence	KJ596549.1	100.00	12	0	0	327	338	321	332	6.5	22.9
