my_unknown_sequence	GQ903013.1	924	924	924	100.00	100	1667	0.0
my_unknown_sequence	GQ903012.1	924	924	924	100.00	100	1667	0.0
my_unknown_sequence	GQ903011.1	924	924	924	100.00	100	1667	0.0
my_unknown_sequence	GQ903010.1	924	924	924	100.00	100	1667	0.0
my_unknown_sequence	GQ903009.1	924	924	924	100.00	100	1667	0.0
my_unknown_sequence	GQ903008.1	924	924	924	100.00	100	1667	0.0
my_unknown_sequence	GQ903007.1	924	924	924	100.00	100	1667	0.0
my_unknown_sequence	GQ903006.1	924	924	924	100.00	100	1667	0.0
my_unknown_sequence	GQ903005.1	924	924	924	100.00	100	1667	0.0
my_unknown_sequence	GQ903004.1	924	924	924	100.00	100	1667	0.0
my_unknown_sequence	GQ903003.1	924	924	924	100.00	100	1667	0.0
my_unknown_sequence	GQ903002.1	924	924	924	100.00	100	1667	0.0
my_unknown_sequence	GQ903001.1	924	924	924	100.00	100	1667	0.0
my_unknown_sequence	GQ903000.1	924	924	924	100.00	100	1667	0.0
my_unknown_sequence	GQ902999.1	924	924	924	100.00	100	1667	0.0
my_unknown_sequence	GQ902998.1	924	924	924	100.00	100	1667	0.0
my_unknown_sequence	GQ902997.1	924	924	924	100.00	100	1667	0.0
my_unknown_sequence	GQ902996.1	924	924	924	100.00	100	1667	0.0
my_unknown_sequence	GQ902995.1	924	924	924	100.00	100	1667	0.0
my_unknown_sequence	GQ902992.1	924	924	924	100.00	100	1667	0.0
my_unknown_sequence	GQ902991.1	924	924	924	100.00	100	1667	0.0
my_unknown_sequence	GQ903014.1	924	924	924	99.89	100	1662	0.0
my_unknown_sequence	GQ902994.1	924	924	924	99.78	100	1658	0.0
my_unknown_sequence	GQ902993.1	924	924	924	99.68	100	1653	0.0
my_unknown_sequence	KM408432.1	924	882	47	72.34	5	26.5	0.54
my_unknown_sequence	KC918816.1	924	675	12	100.00	1	22.9	6.5
my_unknown_sequence	KC918815.1	924	675	12	100.00	1	22.9	6.5
my_unknown_sequence	KC918814.1	924	675	12	100.00	1	22.9	6.5
my_unknown_sequence	KC918813.1	924	675	12	100.00	1	22.9	6.5
my_unknown_sequence	KC918812.1	924	675	12	100.00	1	22.9	6.5
my_unknown_sequence	KC918811.1	924	675	12	100.00	1	22.9	6.5
my_unknown_sequence	KC918810.1	924	675	12	100.00	1	22.9	6.5
my_unknown_sequence	KC918809.1	924	675	12	100.00	1	22.9	6.5
my_unknown_sequence	AB699248.1	924	675	12	100.00	1	22.9	6.5
my_unknown_sequence	U09807.1	924	731	12	100.00	1	22.9	6.5
my_unknown_sequence	KP187623.1	924	675	12	100.00	1	22.9	6.5
my_unknown_sequence	KP187622.1	924	675	12	100.00	1	22.9	6.5
my_unknown_sequence	KP187621.1	924	675	12	100.00	1	22.9	6.5
my_unknown_sequence	KP187620.1	924	675	12	100.00	1	22.9	6.5
my_unknown_sequence	EU649677.1	924	832	12	100.00	1	22.9	6.5
my_unknown_sequence	AY461808.1	924	675	12	100.00	1	22.9	6.5
my_unknown_sequence	KJ596546.1	924	675	12	100.00	1	22.9	6.5
my_unknown_sequence	KJ596547.1	924	675	12	100.00	1	22.9	6.5
my_unknown_sequence	KJ596548.1	924	675	12	100.00	1	22.9	6.5
my_unknown_sequence	KJ596549.1	924	675	12	100.00	1	22.9	6.5
