my_unknown_sequence	GQ903013.1	100.00	924	0	0	1	924	1	924	0.0	1707
my_unknown_sequence	GQ903012.1	100.00	924	0	0	1	924	1	924	0.0	1707
my_unknown_sequence	GQ903011.1	100.00	924	0	0	1	924	1	924	0.0	1707
my_unknown_sequence	GQ903010.1	100.00	924	0	0	1	924	1	924	0.0	1707
my_unknown_sequence	GQ903009.1	100.00	924	0	0	1	924	1	924	0.0	1707
my_unknown_sequence	GQ903008.1	100.00	924	0	0	1	924	1	924	0.0	1707
my_unknown_sequence	GQ903007.1	100.00	924	0	0	1	924	1	924	0.0	1707
my_unknown_sequence	GQ903006.1	100.00	924	0	0	1	924	1	924	0.0	1707
my_unknown_sequence	GQ903005.1	100.00	924	0	0	1	924	1	924	0.0	1707
my_unknown_sequence	GQ903004.1	100.00	924	0	0	1	924	1	924	0.0	1707
my_unknown_sequence	GQ903003.1	100.00	924	0	0	1	924	1	924	0.0	1707
my_unknown_sequence	GQ903002.1	100.00	924	0	0	1	924	1	924	0.0	1707
my_unknown_sequence	GQ903001.1	100.00	924	0	0	1	924	1	924	0.0	1707
my_unknown_sequence	GQ903000.1	100.00	924	0	0	1	924	1	924	0.0	1707
my_unknown_sequence	GQ902999.1	100.00	924	0	0	1	924	1	924	0.0	1707
my_unknown_sequence	GQ902998.1	100.00	924	0	0	1	924	1	924	0.0	1707
my_unknown_sequence	GQ902997.1	100.00	924	0	0	1	924	1	924	0.0	1707
my_unknown_sequence	GQ902996.1	100.00	924	0	0	1	924	1	924	0.0	1707
my_unknown_sequence	GQ902995.1	100.00	924	0	0	1	924	1	924	0.0	1707
my_unknown_sequence	GQ902992.1	100.00	924	0	0	1	924	1	924	0.0	1707
my_unknown_sequence	GQ902991.1	100.00	924	0	0	1	924	1	924	0.0	1707
my_unknown_sequence	GQ903014.1	99.89	924	1	0	1	924	1	924	0.0	1701
my_unknown_sequence	GQ902994.1	99.78	924	2	0	1	924	1	924	0.0	1696
my_unknown_sequence	GQ902993.1	99.68	924	3	0	1	924	1	924	0.0	1690
