[11:02:19] This is prokka 1.12-beta
[11:02:19] Written by Torsten Seemann <torsten.seemann@gmail.com>
[11:02:19] Homepage is https://github.com/tseemann/prokka
[11:02:19] Local time is Wed Jan  4 11:02:19 2017
[11:02:19] You are manager
[11:02:19] Operating system is linux
[11:02:19] You have BioPerl 1.006923
[11:02:19] System has 1 cores.
[11:02:19] Option --cpu asked for 8 cores, but system only has 1
[11:02:19] Will use maximum of 1 cores.
[11:02:19] Annotating as >>> Bacteria <<<
[11:02:19] Creating new output folder: prokka_LN890524
[11:02:19] Running: mkdir -p prokka_LN890524
[11:02:19] Using filename prefix: PROKKA_01042017.XXX
[11:02:19] Setting HMMER_NCPU=1
[11:02:19] Writing log to: prokka_LN890524/PROKKA_01042017.log
[11:02:19] Command: /usr/local/bin/prokka --kingdom Bacteria --genus Salmonella --locustag LN890524 --outdir prokka_LN890524 LN890524.fna
[11:02:19] Appending to PATH: /opt/prokka/bin/../binaries/linux
[11:02:19] Appending to PATH: /opt/prokka/bin/../binaries/linux/../common
[11:02:19] Appending to PATH: /opt/prokka/bin
[11:02:19] Looking for 'aragorn' - found /usr/bin/aragorn
[11:02:19] Determined aragorn version is 1.2
[11:02:19] Looking for 'barrnap' - found /usr/local/bin/barrnap
[11:02:19] Determined barrnap version is 0.7
[11:02:19] Looking for 'blastp' - found /usr/bin/blastp
[11:02:19] Determined blastp version is 2.2
[11:02:19] Looking for 'cmpress' - found /usr/bin/cmpress
[11:02:19] Determined cmpress version is 1.1
[11:02:19] Looking for 'cmscan' - found /usr/bin/cmscan
[11:02:19] Determined cmscan version is 1.1
[11:02:19] Looking for 'egrep' - found /bin/egrep
[11:02:19] Looking for 'find' - found /usr/bin/find
[11:02:19] Looking for 'grep' - found /bin/grep
[11:02:19] Looking for 'hmmpress' - found /usr/bin/hmmpress
[11:02:19] Determined hmmpress version is 3.1
[11:02:19] Looking for 'hmmscan' - found /usr/bin/hmmscan
[11:02:19] Determined hmmscan version is 3.1
[11:02:19] Looking for 'less' - found /usr/bin/less
[11:02:19] Looking for 'makeblastdb' - found /usr/bin/makeblastdb
[11:02:19] Determined makeblastdb version is 2.2
[11:02:19] Looking for 'minced' - found /opt/prokka/bin/../binaries/linux/../common/minced
[11:02:19] Determined minced version is 2.0
[11:02:19] Looking for 'parallel' - found /usr/bin/parallel
[11:02:19] Determined parallel version is 20150422
[11:02:19] Looking for 'prodigal' - found /usr/bin/prodigal
[11:02:19] Determined prodigal version is 2.6
[11:02:19] Looking for 'prokka-genbank_to_fasta_db' - found /opt/prokka/bin/prokka-genbank_to_fasta_db
[11:02:19] Looking for 'sed' - found /bin/sed
[11:02:19] Looking for 'tbl2asn' - found /usr/bin/tbl2asn
[11:02:19] Determined tbl2asn version is 25.3
[11:02:19] Using genetic code table 11.
[11:02:19] Loading and checking input file: LN890524.fna
[11:02:19] Changing illegal '|' to '_' in sequence name: ENA|LN890524|LN890524.1
[11:02:19] Wrote 1 contigs totalling 4966880 bp.
[11:02:19] Predicting tRNAs and tmRNAs
[11:02:19] Running: aragorn -l -gc11  -w prokka_LN890524\/PROKKA_01042017\.fna
[11:02:22] 1 tRNA-Ile [294635,294711] 35 (gat)
[11:02:22] 2 tRNA-Ala [294821,294896] 34 (tgc)
[11:02:22] 3 tRNA-Asp [298571,298647] 35 (gtc)
[11:02:22] 4 tRNA-Asp [308011,308087] 35 (gtc)
[11:02:22] 5 tRNA-Thr [380366,380441] 34 (cgt)
[11:02:22] 6 tRNA-Arg [624106,624182] 35 (tct)
[11:02:22] 7 tRNA-Gln c[785017,785091] 33 (ctg)
[11:02:22] 8 tRNA-Gln c[785135,785209] 33 (ctg)
[11:02:22] 9 tRNA-Met c[785256,785332] 35 (cat)
[11:02:22] 10 tRNA-Gln c[785348,785422] 33 (ttg)
[11:02:22] 11 tRNA-Gln c[785458,785532] 33 (ttg)
[11:02:22] 12 tRNA-Leu c[785556,785640] 35 (tag)
[11:02:22] 13 tRNA-Met c[785649,785725] 35 (cat)
[11:02:22] 14 tRNA-Lys [865623,865698] 34 (ttt)
[11:02:22] 15 tRNA-Val [865835,865910] 34 (tac)
[11:02:22] 16 tRNA-Lys [865914,865989] 34 (ttt)
[11:02:22] 17 tRNA-Lys [866129,866204] 34 (ttt)
[11:02:22] 18 tRNA-Lys [866339,866414] 34 (ttt)
[11:02:22] 19 tRNA-Arg [1068347,1068423] 35 (cct)
[11:02:22] 20 tRNA-Arg [1080787,1080863] 35 (tct)
[11:02:22] 21 tRNA-Val c[1244155,1244231] 35 (gac)
[11:02:22] 22 tRNA-Val c[1244242,1244318] 35 (gac)
[11:02:22] 23 tRNA-Tyr [1601771,1601855] 35 (gta)
[11:02:22] 24 tRNA-Tyr [1602066,1602150] 35 (gta)
[11:02:22] 25 tRNA-Leu c[1791867,1791953] 35 (taa)
[11:02:22] 26 tRNA-Cys c[1791965,1792038] 33 (gca)
[11:02:22] 27 tRNA-Gly c[1792091,1792166] 34 (gcc)
[11:02:22] 28 tRNA-Ala c[1871021,1871107] 38 (ggc)
[11:02:22] 29 tRNA-Ser c[1926521,1926608] 35 (tga)
[11:02:22] 30 tRNA-Ser [2076156,2076243] 35 (gga)
[11:02:22] 31 tRNA-Ser [2246931,2247018] 35 (gga)
[11:02:22] 32 tRNA-Ser c[2253123,2253212] 35 (cga)
[11:02:22] 33 tRNA-Asn [2254199,2254274] 34 (gtt)
[11:02:22] 34 tRNA-Asn [2255169,2255244] 34 (gtt)
[11:02:22] 35 tRNA-Asn c[2260784,2260859] 34 (gtt)
[11:02:22] 36 tRNA-Asn [2262617,2262692] 34 (gtt)
[11:02:22] 37 tRNA-Pro [2499405,2499481] 35 (ggg)
[11:02:22] 38 tRNA-Arg [2664182,2664256] 34 (cct)
[11:02:22] 39 tRNA-Ala c[2689271,2689346] 34 (ggc)
[11:02:22] 40 tRNA-Ala c[2689389,2689464] 34 (ggc)
[11:02:22] 41 tRNA-Val [2692170,2692245] 34 (tac)
[11:02:22] 42 tRNA-Val [2692291,2692366] 34 (tac)
[11:02:22] 43 tRNA-Val [2692408,2692483] 34 (tac)
[11:02:22] 44 tRNA-Lys [2692488,2692563] 34 (ttt)
[11:02:22] 45 tRNA-Glu c[2916172,2916247] 35 (ttc)
[11:02:22] 46 tmRNA [2991596,2991958] 91,126 ANDENYALAA**
[11:02:22] 47 tRNA-Arg [3051141,3051217] 35 (tcg)
[11:02:22] 48 tRNA-Arg c[3051157,3051233] 35 (acg)
[11:02:22] 49 tRNA-Arg c[3051429,3051505] 35 (acg)
[11:02:22] 50 tRNA-Arg c[3051568,3051644] 35 (acg)
[11:02:22] 51 tRNA-Arg c[3051706,3051782] 35 (acg)
[11:02:22] 52 tRNA-Ser c[3051786,3051878] 35 (gct)
[11:02:22] 53 tRNA-Met [3231596,3231672] 35 (cat)
[11:02:22] 54 tRNA-Met [3231702,3231778] 35 (cat)
[11:02:22] 55 tRNA-Gly c[3286268,3286341] 33 (ccc)
[11:02:22] 56 tRNA-Phe [3364555,3364630] 34 (gaa)
[11:02:22] 57 tRNA-Met [3478194,3478269] 34 (cat)
[11:02:22] 58 tRNA-Met c[3582280,3582356] 35 (cat)
[11:02:22] 59 tRNA-Leu c[3584241,3584327] 35 (gag)
[11:02:22] 60 tRNA-Thr c[3689262,3689337] 34 (ggt)
[11:02:22] 61 tRNA-Glu c[3692662,3692737] 35 (ttc)
[11:02:22] 62 tRNA-Pro c[3934860,3934936] 35 (cgg)
[11:02:22] 63 tRNA-seC [4051379,4051473] 35 (tca)
[11:02:22] 64 tRNA-Glu [4200242,4200317] 35 (ttc)
[11:02:22] 65 tRNA-Asp [4203834,4203910] 35 (gtc)
[11:02:22] 66 tRNA-Trp [4203919,4203994] 34 (cca)
[11:02:22] 67 tRNA-Arg [4239482,4239558] 35 (ccg)
[11:02:22] 68 tRNA-His [4239613,4239688] 34 (gtg)
[11:02:22] 69 tRNA-Ser [4239709,4239795] 35 (cag)
[11:02:22] 70 tRNA-Pro [4239838,4239914] 35 (tgg)
[11:02:22] 71 tRNA-Ile [4297717,4297793] 35 (gat)
[11:02:22] 72 tRNA-Ala [4297905,4297980] 34 (tgc)
[11:02:22] 73 tRNA-Ile [4446392,4446468] 35 (gat)
[11:02:22] 74 tRNA-Ala [4446578,4446653] 34 (tgc)
[11:02:22] 75 tRNA-Thr [4453711,4453786] 34 (tgt)
[11:02:22] 76 tRNA-Tyr [4453795,4453879] 35 (gta)
[11:02:22] 77 tRNA-Gly [4453996,4454070] 34 (tcc)
[11:02:22] 78 tRNA-Thr [4454077,4454152] 34 (ggt)
[11:02:22] 79 tRNA-Glu [4489533,4489608] 35 (ttc)
[11:02:22] 80 tRNA-Phe c[4669857,4669932] 34 (gaa)
[11:02:22] 81 tRNA-Gly [4699786,4699861] 34 (gcc)
[11:02:22] 82 tRNA-Gly [4700018,4700093] 34 (gcc)
[11:02:22] 83 tRNA-Gly [4700250,4700325] 34 (gcc)
[11:02:22] 84 tRNA-Leu [4834054,4834138] 35 (caa)
[11:02:22] 85 tRNA-Ser c[4923885,4923971] 35 (cag)
[11:02:22] 86 tRNA-Ser c[4924003,4924089] 35 (cag)
[11:02:22] 87 tRNA-Ser c[4924117,4924203] 35 (cag)
[11:02:22] 88 tRNA-Gly [4951450,4951543] 37 (tcc)
[11:02:22] Found 88 tRNAs
[11:02:22] Predicting Ribosomal RNAs
[11:02:22] Running Barrnap with 1 threads
[11:02:30] 1 ENA_LN890524_LN890524.1 293027 16S ribosomal RNA
[11:02:30] 2 ENA_LN890524_LN890524.1 295081 23S ribosomal RNA
[11:02:30] 3 ENA_LN890524_LN890524.1 298266 5S ribosomal RNA
[11:02:30] 4 ENA_LN890524_LN890524.1 2912610 5S ribosomal RNA
[11:02:30] 5 ENA_LN890524_LN890524.1 2912920 23S ribosomal RNA
[11:02:30] 6 ENA_LN890524_LN890524.1 2916334 16S ribosomal RNA
[11:02:30] 7 ENA_LN890524_LN890524.1 3689110 5S ribosomal RNA
[11:02:30] 8 ENA_LN890524_LN890524.1 3689355 5S ribosomal RNA
[11:02:30] 9 ENA_LN890524_LN890524.1 3689562 23S ribosomal RNA
[11:02:30] 10 ENA_LN890524_LN890524.1 3692824 16S ribosomal RNA
[11:02:30] 11 ENA_LN890524_LN890524.1 4198617 16S ribosomal RNA
[11:02:30] 12 ENA_LN890524_LN890524.1 4200552 23S ribosomal RNA
[11:02:30] 13 ENA_LN890524_LN890524.1 4203666 5S ribosomal RNA
[11:02:30] 14 ENA_LN890524_LN890524.1 4296108 16S ribosomal RNA
[11:02:30] 15 ENA_LN890524_LN890524.1 4298165 23S ribosomal RNA
[11:02:30] 16 ENA_LN890524_LN890524.1 4301249 5S ribosomal RNA
[11:02:30] 17 ENA_LN890524_LN890524.1 4444784 16S ribosomal RNA
[11:02:30] 18 ENA_LN890524_LN890524.1 4446838 23S ribosomal RNA
[11:02:30] 19 ENA_LN890524_LN890524.1 4450042 5S ribosomal RNA
[11:02:30] 20 ENA_LN890524_LN890524.1 4487908 16S ribosomal RNA
[11:02:30] 21 ENA_LN890524_LN890524.1 4489843 23S ribosomal RNA
[11:02:30] 22 ENA_LN890524_LN890524.1 4493060 5S ribosomal RNA
[11:02:30] Found 22 rRNAs
[11:02:30] Skipping ncRNA search, enable with --rfam if desired.
[11:02:30] Total of 109 tRNA + rRNA features
[11:02:30] Searching for CRISPR repeats
[11:02:31] CRISPR1 ENA_LN890524_LN890524.1 3159157 with 40 spacers
[11:02:31] CRISPR2 ENA_LN890524_LN890524.1 3178071 with 27 spacers
[11:02:31] Found 2 CRISPRs
[11:02:31] Predicting coding sequences
[11:02:31] Contigs total 4966880 bp, so using single mode
[11:02:31] Running: prodigal -i prokka_LN890524\/PROKKA_01042017\.fna -c -m -g 11 -p single -f sco -q
[11:02:39] Excluding CDS which overlaps existing RNA (rRNA) at ENA_LN890524_LN890524.1:294211..294465 on + strand
[11:02:43] Excluding CDS which overlaps existing RNA (tRNA) at ENA_LN890524_LN890524.1:1868391..1871852 on + strand
[11:02:45] Excluding CDS which overlaps existing RNA (rRNA) at ENA_LN890524_LN890524.1:2916433..2916687 on - strand
[11:02:45] Excluding CDS which overlaps existing RNA (tRNA) at ENA_LN890524_LN890524.1:3051147..3051290 on + strand
[11:02:47] Excluding CDS which overlaps existing RNA (tRNA) at ENA_LN890524_LN890524.1:3688891..3689457 on + strand
[11:02:47] Excluding CDS which overlaps existing RNA (rRNA) at ENA_LN890524_LN890524.1:3692923..3693177 on - strand
[11:02:48] Excluding CDS which overlaps existing RNA (rRNA) at ENA_LN890524_LN890524.1:4199802..4200056 on + strand
[11:02:48] Excluding CDS which overlaps existing RNA (rRNA) at ENA_LN890524_LN890524.1:4297293..4297547 on + strand
[11:02:48] Excluding CDS which overlaps existing RNA (rRNA) at ENA_LN890524_LN890524.1:4445968..4446222 on + strand
[11:02:48] Excluding CDS which overlaps existing RNA (rRNA) at ENA_LN890524_LN890524.1:4489093..4489347 on + strand
[11:02:49] Excluding CDS which overlaps existing RNA (tRNA) at ENA_LN890524_LN890524.1:4951139..4951786 on + strand
[11:02:49] Found 4652 CDS
[11:02:49] Connecting features back to sequences
[11:02:49] Not using genus-specific database. Try --usegenus to enable it.
[11:02:49] Annotating CDS, please be patient.
[11:02:49] Will use 1 CPUs for similarity searching.
[11:02:56] There are still 4652 unannotated CDS left (started with 4652)
[11:02:56] Will use blast to search against /opt/prokka/bin/../db/kingdom/Bacteria/sprot with 1 CPUs
[11:02:56] Running: cat prokka_LN890524\/sprot\.faa | parallel --gnu --plain -j 1 --block 736516 --recstart '>' --pipe blastp -query - -db /opt/prokka/bin/../db/kingdom/Bacteria/sprot -evalue 1e-06 -num_threads 1 -num_descriptions 1 -num_alignments 1 -seg no > prokka_LN890524\/sprot\.blast 2> /dev/null
[11:12:19] Modify product: Uncharacterized HTH-type transcriptional regulator YbdO => putative HTH-type transcriptional regulator YbdO
[11:12:19] Modify product: Probable fimbrial chaperone SfmC => putative fimbrial chaperone SfmC
[11:12:19] Modify product: Probable outer membrane usher protein ElfC => putative outer membrane usher protein ElfC
[11:12:19] Modify product: Uncharacterized fimbrial-like protein SfmH => putative fimbrial-like protein SfmH
[11:12:19] Modify product: Uncharacterized fimbrial-like protein YcbU => putative fimbrial-like protein YcbU
[11:12:19] Modify product: Uncharacterized fimbrial-like protein YcbV => putative fimbrial-like protein YcbV
[11:12:19] Modify product: Uncharacterized fimbrial chaperone YcbF => putative fimbrial chaperone YcbF
[11:12:19] Modify product: Probable crotonobetaine/carnitine-CoA ligase => putative crotonobetaine/carnitine-CoA ligase
[11:12:19] Modify product: Uncharacterized lipoprotein YgdR => putative lipoprotein YgdR
[11:12:20] Modify product: Probable minor fimbrial subunit LpfD => putative minor fimbrial subunit LpfD
[11:12:20] Modify product: Probable fimbrial chaperone YfcS => putative fimbrial chaperone YfcS
[11:12:20] Modify product: Uncharacterized fimbrial-like protein YfcR => putative fimbrial-like protein YfcR
[11:12:20] Modify product: Uncharacterized fimbrial-like protein YfcQ => putative fimbrial-like protein YfcQ
[11:12:20] Modify product: Uncharacterized fimbrial-like protein YfcP => putative fimbrial-like protein YfcP
[11:12:20] Modify product: Uncharacterized methyltransferase YcgJ => putative methyltransferase YcgJ
[11:12:20] Modify product: Probable deoxyribonuclease RhsB => putative deoxyribonuclease RhsB
[11:12:20] Modify product: Probable fimbrial chaperone YadV => putative fimbrial chaperone YadV
[11:12:20] Modify product: Probable fimbrial chaperone YadV => putative fimbrial chaperone YadV
[11:12:20] Modify product: Probable diguanylate cyclase AdrA => putative diguanylate cyclase AdrA
[11:12:20] Modify product: Probable peroxiredoxin => putative peroxiredoxin
[11:12:20] Modify product: Uncharacterized lipoprotein YajI => putative lipoprotein YajI
[11:12:20] Modify product: Probable dimethyl sulfoxide reductase chain YnfF => putative dimethyl sulfoxide reductase chain YnfF
[11:12:20] Modify product: Probable siderophore biosynthesis protein SbnA => putative siderophore biosynthesis protein SbnA
[11:12:20] Modify product: Probable multidrug resistance ABC transporter ATP-binding/permease protein YheI => putative multidrug resistance ABC transporter ATP-binding/permease protein YheI
[11:12:21] Modify product: Probable iron export ATP-binding protein FetA => putative iron export ATP-binding protein FetA
[11:12:21] Modify product: Probable iron export permease protein FetB => putative iron export permease protein FetB
[11:12:21] Modify product: Probable sulfoacetate transporter SauU => putative sulfoacetate transporter SauU
[11:12:21] Modify product: Bifunctional protein FolD => Bifunctional protein FolD protein
[11:12:21] Modify product: Probable fimbrial chaperone SfmC => putative fimbrial chaperone SfmC
[11:12:21] Modify product: Uncharacterized fimbrial-like protein SfmH => putative fimbrial-like protein SfmH
[11:12:21] Modify product: Uncharacterized fimbrial-like protein SfmF => putative fimbrial-like protein SfmF
[11:12:21] Modify product: Uncharacterized HTH-type transcriptional regulator HI_1476 => putative HTH-type transcriptional regulator
[11:12:21] Modify product: Probable pyridine nucleotide-disulfide oxidoreductase RclA => putative pyridine nucleotide-disulfide oxidoreductase RclA
[11:12:21] Modify product: Uncharacterized oxidoreductase YbdH => putative oxidoreductase YbdH
[11:12:21] Modify product: Uncharacterized HTH-type transcriptional regulator YbdO => putative HTH-type transcriptional regulator YbdO
[11:12:21] Modify product: Probable zinc-binding alcohol dehydrogenase Rv1895 => putative zinc-binding alcohol dehydrogenase
[11:12:21] Modify product: Hydrolase Rv0480c => Hydrolase
[11:12:21] Modify product: Uncharacterized HTH-type transcriptional regulator YbdO => putative HTH-type transcriptional regulator YbdO
[11:12:21] Modify product: Probable glutamine ABC transporter permease protein GlnM => putative glutamine ABC transporter permease protein GlnM
[11:12:21] Modify product: Uncharacterized lipoprotein ChiQ => putative lipoprotein ChiQ
[11:12:21] Modify product: GTP cyclohydrolase 1 type 2 homolog => hypothetical protein
[11:12:21] Modify product: Probable siderophore transport system ATP-binding protein YusV => putative siderophore transport system ATP-binding protein YusV
[11:12:21] Modify product: Uncharacterized ABC transporter ATP-binding protein YlmA => putative ABC transporter ATP-binding protein YlmA
[11:12:21] Modify product: Uncharacterized ABC transporter ATP-binding protein YbhF => putative ABC transporter ATP-binding protein YbhF
[11:12:21] Modify product: Uncharacterized HTH-type transcriptional regulator YbiH => putative HTH-type transcriptional regulator YbiH
[11:12:22] Modify product: Probable ATP-dependent helicase DinG => putative ATP-dependent helicase DinG
[11:12:22] Modify product: Probable L,D-transpeptidase YbiS => putative L,D-transpeptidase YbiS
[11:12:22] Modify product: Uncharacterized ABC transporter ATP-binding protein YbiT => putative ABC transporter ATP-binding protein YbiT
[11:12:22] Modify product: Uncharacterized lipoprotein YbjP => putative lipoprotein YbjP
[11:12:22] Modify product: Tail fiber assembly protein homolog from lambdoid prophage e14 => hypothetical protein
[11:12:22] Modify product: Cytochrome b561 homolog 1 => hypothetical protein
[11:12:22] Modify product: Probable two-component-system connector protein AriR => putative two-component-system connector protein AriR
[11:12:22] Modify product: Stress response UPF0229 protein YhbH => hypothetical protein
[11:12:22] Modify product: Uncharacterized oxidoreductase Rv2298 => putative oxidoreductase
[11:12:22] Modify product: Probable fructose-bisphosphate aldolase => putative fructose-bisphosphate aldolase
[11:12:22] Modify product: Uncharacterized sugar kinase YdjH => putative sugar kinase YdjH
[11:12:22] Modify product: Uncharacterized FAD-linked oxidoreductase Rv2280 => putative FAD-linked oxidoreductase
[11:12:22] Modify product: Probable ATP-dependent transporter SufC => putative ATP-dependent transporter SufC
[11:12:22] Modify product: Probable L,D-transpeptidase YnhG => putative L,D-transpeptidase YnhG
[11:12:22] Modify product: Probable secretion system apparatus ATP synthase SsaN => putative secretion system apparatus ATP synthase SsaN
[11:12:22] Modify product: Uncharacterized HTH-type transcriptional regulator YahB => putative HTH-type transcriptional regulator YahB
[11:12:22] Modify product: DNA replication terminus site-binding protein => hypothetical protein
[11:12:22] Modify product: Probable dimethyl sulfoxide reductase chain YnfF => putative dimethyl sulfoxide reductase chain YnfF
[11:12:22] Modify product: Probable amino-acid metabolite efflux pump => putative amino-acid metabolite efflux pump
[11:12:23] Modify product: Probable Ni/Fe-hydrogenase 1 B-type cytochrome subunit => putative Ni/Fe-hydrogenase 1 B-type cytochrome subunit
[11:12:23] Modify product: Uncharacterized zinc-type alcohol dehydrogenase-like protein YjmD => putative zinc-type alcohol dehydrogenase-like protein YjmD
[11:12:23] Modify product: Glycogen operon protein GlgX homolog => hypothetical protein
[11:12:23] Modify product: Probable nitrate reductase molybdenum cofactor assembly chaperone NarW => putative nitrate reductase molybdenum cofactor assembly chaperone NarW
[11:12:23] Modify product: Uncharacterized isomerase YddE => putative isomerase YddE
[11:12:23] Modify product: Uncharacterized lipoprotein YgdR => putative lipoprotein YgdR
[11:12:23] Modify product: Uncharacterized protease YdcP => putative protease YdcP
[11:12:23] Modify product: D-galactonate dehydratase family member SeV_A0456 => D-galactonate dehydratase family member
[11:12:23] Modify product: Probable DNA endonuclease SmrA => putative DNA endonuclease SmrA
[11:12:23] Modify product: Probable thiol peroxidase => putative thiol peroxidase
[11:12:23] Modify product: Uncharacterized lipoprotein YgdR => putative lipoprotein YgdR
[11:12:23] Modify product: Uncharacterized oxidoreductase YtbE => putative oxidoreductase YtbE
[11:12:23] Modify product: Probable D,D-dipeptide transport ATP-binding protein DdpD => putative D,D-dipeptide transport ATP-binding protein DdpD
[11:12:23] Modify product: Probable protease SohB => putative protease SohB
[11:12:23] Modify product: Uncharacterized oxidoreductase YciK => putative oxidoreductase YciK
[11:12:23] Modify product: Probable intracellular septation protein A => putative intracellular septation protein A
[11:12:23] Modify product: Uncharacterized acyl-CoA thioester hydrolase HI_0827 => putative acyl-CoA thioester hydrolase
[11:12:23] Modify product: Uncharacterized NTE family protein Rv1063c => putative NTE family protein
[11:12:23] Modify product: Probable Ni/Fe-hydrogenase 1 B-type cytochrome subunit => putative Ni/Fe-hydrogenase 1 B-type cytochrome subunit
[11:12:23] Modify product: Probable S-adenosyl-L-methionine-dependent methyltransferase TehB => putative S-adenosyl-L-methionine-dependent methyltransferase TehB
[11:12:23] Modify product: Probable ATP-dependent helicase DinG homolog => hypothetical protein
[11:12:23] Modify product: Probable manganese efflux pump MntP => putative manganese efflux pump MntP
[11:12:23] Modify product: Acetyltransferase Atu2258 => Acetyltransferase
[11:12:23] Modify product: Uncharacterized inner membrane transporter YedA => putative inner membrane transporter YedA
[11:12:23] Modify product: Tail fiber assembly protein homolog from lambdoid prophage e14 => hypothetical protein
[11:12:23] Modify product: Probable transcriptional regulatory protein YebC => putative transcriptional regulatory protein YebC
[11:12:23] Modify product: Probable diguanylate cyclase YedQ => putative diguanylate cyclase YedQ
[11:12:23] Modify product: Uncharacterized inner membrane transporter YedA => putative inner membrane transporter YedA
[11:12:24] Modify product: Probable deoxyribonuclease RhsB => putative deoxyribonuclease RhsB
[11:12:24] Modify product: Uncharacterized HTH-type transcriptional regulator YbbH => putative HTH-type transcriptional regulator YbbH
[11:12:24] Modify product: Probable transcriptional regulatory protein YedW => putative transcriptional regulatory protein YedW
[11:12:24] Modify product: Probable sensor-like histidine kinase YedV => putative sensor-like histidine kinase YedV
[11:12:24] Modify product: Probable metallo-hydrolase M6_Spy0554 => putative metallo-hydrolase
[11:12:24] Modify product: Probable formate transporter 1 => putative formate transporter 1
[11:12:24] Modify product: Uncharacterized MFS-type transporter YcaD => putative MFS-type transporter YcaD
[11:12:24] Modify product: Probable multidrug resistance ABC transporter ATP-binding/permease protein YheH => putative multidrug resistance ABC transporter ATP-binding/permease protein YheH
[11:12:24] Modify product: Cytolethal distending toxin subunit B homolog => hypothetical protein
[11:12:24] Modify product: Uncharacterized HTH-type transcriptional regulator HI_1476 => putative HTH-type transcriptional regulator
[11:12:24] Modify product: Probable L,D-transpeptidase YcfS => putative L,D-transpeptidase YcfS
[11:12:24] Modify product: Uncharacterized metal-dependent hydrolase YcfH => putative metal-dependent hydrolase YcfH
[11:12:24] Modify product: Uncharacterized lipoprotein YceB => putative lipoprotein YceB
[11:12:24] Modify product: Cytochrome b561 homolog 2 => hypothetical protein
[11:12:24] Modify product: Probable phosphatase YcdX => putative phosphatase YcdX
[11:12:24] Modify product: Probable L,D-transpeptidase ErfK/SrfK => putative L,D-transpeptidase ErfK/SrfK
[11:12:24] Modify product: Probable cobalt-factor III C(17)-methyltransferase => putative cobalt-factor III C(17)-methyltransferase
[11:12:24] Modify product: Probable propionate kinase => putative propionate kinase
[11:12:24] Modify product: Uncharacterized ferredoxin-like protein YdhX => putative ferredoxin-like protein YdhX
[11:12:24] Modify product: Uncharacterized HTH-type transcriptional regulator YahB => putative HTH-type transcriptional regulator YahB
[11:12:24] Modify product: Putative acetyltransferase SACOL2570 => Putative acetyltransferase
[11:12:24] Modify product: PGL/p-HBAD biosynthesis glycosyltransferase Rv2957 => PGL/p-HBAD biosynthesis glycosyltransferase
[11:12:24] Modify product: Probable diguanylate cyclase YegE => putative diguanylate cyclase YegE
[11:12:24] Modify product: Uncharacterized protease YdcP => putative protease YdcP
[11:12:24] Modify product: Probable lipid kinase YegS => putative lipid kinase YegS
[11:12:24] Modify product: Uncharacterized sugar kinase YdjH => putative sugar kinase YdjH
[11:12:24] Modify product: Probable fimbrial chaperone YehC => putative fimbrial chaperone YehC
[11:12:24] Modify product: Uncharacterized fimbrial-like protein YehD => putative fimbrial-like protein YehD
[11:12:24] Modify product: Uncharacterized lipoprotein YehR => putative lipoprotein YehR
[11:12:24] Modify product: Uncharacterized lipoprotein YehR => putative lipoprotein YehR
[11:12:25] Modify product: Probable 4-deoxy-4-formamido-L-arabinose-phosphoundecaprenol deformylase ArnD => putative 4-deoxy-4-formamido-L-arabinose-phosphoundecaprenol deformylase ArnD
[11:12:25] Modify product: Probable 4-amino-4-deoxy-L-arabinose-phosphoundecaprenol flippase subunit ArnE => putative 4-amino-4-deoxy-L-arabinose-phosphoundecaprenol flippase subunit ArnE
[11:12:25] Modify product: Probable 4-amino-4-deoxy-L-arabinose-phosphoundecaprenol flippase subunit ArnF => putative 4-amino-4-deoxy-L-arabinose-phosphoundecaprenol flippase subunit ArnF
[11:12:25] Modify product: Uncharacterized Nudix hydrolase YfcD => putative Nudix hydrolase YfcD
[11:12:25] Modify product: Epimerase family protein SA0724 => Epimerase family protein
[11:12:25] Modify product: Uncharacterized membrane protein Rv0364 => putative membrane protein
[11:12:25] Modify product: Probable phospholipid-binding lipoprotein MlaA => putative phospholipid-binding lipoprotein MlaA
[11:12:25] Modify product: Uncharacterized oxidoreductase Rv1350 => putative oxidoreductase
[11:12:25] Modify product: Probable deferrochelatase/peroxidase YfeX => putative deferrochelatase/peroxidase YfeX
[11:12:25] Modify product: Uncharacterized lipoprotein YfhM => putative lipoprotein YfhM
[11:12:25] Modify product: Probable 3-phenylpropionic acid transporter => putative 3-phenylpropionic acid transporter
[11:12:25] Modify product: Probable cadaverine/lysine antiporter => putative cadaverine/lysine antiporter
[11:12:25] Modify product: PTS system EIIBC component SA0186 => PTS system EIIBC component
[11:12:25] Modify product: Uncharacterized MFS-type transporter YhjX => putative MFS-type transporter YhjX
[11:12:25] Modify product: Uncharacterized ferredoxin-like protein YfhL => putative ferredoxin-like protein YfhL
[11:12:25] Modify product: Probable diguanylate cyclase YfiN => putative diguanylate cyclase YfiN
[11:12:26] Modify product: Multidrug efflux ATP-binding/permease protein BCG_0231 => Multidrug efflux ATP-binding/permease protein
[11:12:26] Modify product: Probable HTH-type transcriptional regulator YgaV => putative HTH-type transcriptional regulator YgaV
[11:12:26] Modify product: Probable transporter SCO4007 => putative transporter
[11:12:26] Modify product: Uncharacterized periplasmic iron-binding protein HI_0362 => putative periplasmic iron-binding protein
[11:12:26] Modify product: Probable ATP synthase SpaL => putative ATP synthase SpaL
[11:12:26] Modify product: Probable UbiX-like flavin prenyltransferase => putative UbiX-like flavin prenyltransferase
[11:12:26] Modify product: Probable fimbrial chaperone YfcS => putative fimbrial chaperone YfcS
[11:12:26] Modify product: Uncharacterized fimbrial-like protein YfcR => putative fimbrial-like protein YfcR
[11:12:26] Modify product: Uncharacterized fimbrial-like protein YfcQ => putative fimbrial-like protein YfcQ
[11:12:26] Modify product: Uncharacterized fimbrial-like protein YfcP => putative fimbrial-like protein YfcP
[11:12:26] Modify product: Probable glucarate transporter => putative glucarate transporter
[11:12:26] Modify product: Uncharacterized lipoprotein YgdR => putative lipoprotein YgdR
[11:12:26] Modify product: Uncharacterized lipoprotein YgdR => putative lipoprotein YgdR
[11:12:26] Modify product: Uncharacterized fimbrial-like protein YbgD => putative fimbrial-like protein YbgD
[11:12:26] Modify product: Probable Fe(2+)-trafficking protein => putative Fe(2+)-trafficking protein
[11:12:26] Modify product: Uncharacterized membrane protein YdfK => putative membrane protein YdfK
[11:12:26] Modify product: Probable type I restriction enzyme BthVORF4518P M protein => putative type I restriction enzymeP M protein
[11:12:26] Modify product: Virulence protein STM3117 => Virulence protein
[11:12:26] Modify product: Probable Ni/Fe-hydrogenase 2 b-type cytochrome subunit => putative Ni/Fe-hydrogenase 2 b-type cytochrome subunit
[11:12:26] Modify product: Uncharacterized oxidoreductase YghA => putative oxidoreductase YghA
[11:12:26] Modify product: Uncharacterized HIT-like protein Rv0759c => putative HIT-like protein
[11:12:26] Modify product: Probable quinol monooxygenase YgiN => putative quinol monooxygenase YgiN
[11:12:26] Modify product: Probable glycerol-3-phosphate acyltransferase => putative glycerol-3-phosphate acyltransferase
[11:12:26] Modify product: Uncharacterized HTH-type transcriptional regulator YahB => putative HTH-type transcriptional regulator YahB
[11:12:26] Modify product: Uncharacterized protease YhbU => putative protease YhbU
[11:12:26] Modify product: Transcription termination/antitermination protein NusA => hypothetical protein
[11:12:27] Modify product: Uncharacterized inner membrane transporter YhbE => putative inner membrane transporter YhbE
[11:12:27] Modify product: Probable phospholipid ABC transporter-binding protein MlaB => putative phospholipid ABC transporter-binding protein MlaB
[11:12:27] Modify product: Probable phospholipid-binding protein MlaC => putative phospholipid-binding protein MlaC
[11:12:27] Modify product: Probable phospholipid ABC transporter-binding protein MlaD => putative phospholipid ABC transporter-binding protein MlaD
[11:12:27] Modify product: Probable phospholipid ABC transporter permease protein MlaE => putative phospholipid ABC transporter permease protein MlaE
[11:12:27] Modify product: Probable phospholipid import ATP-binding protein MlaF => putative phospholipid import ATP-binding protein MlaF
[11:12:27] Modify product: Uncharacterized HTH-type transcriptional regulator Rv0043c => putative HTH-type transcriptional regulator
[11:12:27] Modify product: Probable acrylyl-CoA reductase AcuI => putative acrylyl-CoA reductase AcuI
[11:12:27] Modify product: Uncharacterized membrane protein YhdT => putative membrane protein YhdT
[11:12:27] Modify product: Probable tRNA-dihydrouridine synthase => putative tRNA-dihydrouridine synthase
[11:12:27] Modify product: Uncharacterized signaling protein CC_0091 => putative signaling protein
[11:12:27] Modify product: Uncharacterized ABC transporter ATP-binding protein YheS => putative ABC transporter ATP-binding protein YheS
[11:12:27] Modify product: Probable adenosine monophosphate-protein transferase fic => putative adenosine monophosphate-protein transferase fic
[11:12:27] Modify product: Probable [Fe-S]-dependent transcriptional repressor => putative [Fe-S]-dependent transcriptional repressor
[11:12:27] Modify product: 60 kDa SS-A/Ro ribonucleoprotein homolog => hypothetical protein
[11:12:27] Modify product: Uncharacterized oxidoreductase YhhX => putative oxidoreductase YhhX
[11:12:27] Modify product: Phosphotriesterase homology protein => hypothetical protein
[11:12:27] Modify product: Uncharacterized N-acetyltransferase YjaB => putative N-acetyltransferase YjaB
[11:12:28] Modify product: Probable lipoprotein YiaD => putative lipoprotein YiaD
[11:12:28] Modify product: Uncharacterized GST-like protein YibF => putative GST-like protein YibF
[11:12:28] Modify product: Probable glucarate transporter => putative glucarate transporter
[11:12:28] Modify product: Uncharacterized glycosyltransferase EpsJ => putative glycosyltransferase EpsJ
[11:12:28] Modify product: Uncharacterized HTH-type transcriptional regulator YbdO => putative HTH-type transcriptional regulator YbdO
[11:12:28] Modify product: Uncharacterized inner membrane transporter YicL => putative inner membrane transporter YicL
[11:12:28] Modify product: Probable 2-dehydro-3-deoxygalactonokinase DgoK1 => putative 2-dehydro-3-deoxygalactonokinase DgoK1
[11:12:28] Modify product: Probable sulfoacetate transporter SauU => putative sulfoacetate transporter SauU
[11:12:28] Modify product: Shikimate 5-dehydrogenase-like protein HI_0607 => Shikimate 5-dehydrogenase-like protein
[11:12:28] Modify product: Probable transport protein HsrA => putative transport protein HsrA
[11:12:28] Modify product: Transcription termination factor Rho => hypothetical protein
[11:12:28] Modify product: Probable ECA polymerase => putative ECA polymerase
[11:12:28] Modify product: Probable transport protein YifK => putative transport protein YifK
[11:12:28] Modify product: Probable protein kinase UbiB => putative protein kinase UbiB
[11:12:28] Modify product: Probable acyltransferase YihG => putative acyltransferase YihG
[11:12:28] Modify product: Probable GTP-binding protein EngB => putative GTP-binding protein EngB
[11:12:28] Modify product: Oxygen-independent coproporphyrinogen-III oxidase-like protein LL1139 => Oxygen-independent coproporphyrinogen-III oxidase-like protein
[11:12:28] Modify product: Solute-binding protein Bpro_3107 => Solute-binding protein
[11:12:28] Modify product: Transcription termination/antitermination protein NusG => hypothetical protein
[11:12:28] Modify product: Uncharacterized N-acetyltransferase YjaB => putative N-acetyltransferase YjaB
[11:12:28] Modify product: Uncharacterized lipoprotein GfcB => putative lipoprotein GfcB
[11:12:28] Modify product: Uncharacterized ferredoxin-like protein YdhX => putative ferredoxin-like protein YdhX
[11:12:29] Modify product: Probable L-ascorbate-6-phosphate lactonase UlaG => putative L-ascorbate-6-phosphate lactonase UlaG
[11:12:29] Modify product: Probable amino-acid metabolite efflux pump => putative amino-acid metabolite efflux pump
[11:12:29] Modify product: Probable sulfoacetate transporter SauU => putative sulfoacetate transporter SauU
[11:12:29] Modify product: Deacetylase Atu3266 => Deacetylase
[11:12:29] Modify product: Deacetylase EF_0837 => Deacetylase
[11:12:29] Modify product: Probable licABCH operon regulator => putative licABCH operon regulator
[11:12:29] Modify product: Probable transcriptional regulatory protein SA0624 => putative transcriptional regulatory protein
[11:12:29] Modify product: Probable amino-acid racemase => putative amino-acid racemase
[11:12:29] Modify product: Uncharacterized GTP-binding protein YjiA => putative GTP-binding protein YjiA
[11:12:29] Modify product: Probable phosphotransferase enzyme IIB component M6_Spy0801 => putative phosphotransferase enzyme IIB component
[11:12:29] Modify product: Probable diguanylate cyclase YcdT => putative diguanylate cyclase YcdT
[11:12:29] Modify product: Uncharacterized metal-dependent hydrolase YjjV => putative metal-dependent hydrolase YjjV
[11:12:29] Modify product: Probable major fimbrial subunit LpfA => putative major fimbrial subunit LpfA
[11:12:29] Modify product: Probable fimbrial chaperone LpfB => putative fimbrial chaperone LpfB
[11:12:29] Modify product: Uncharacterized tRNA/rRNA methyltransferase HI_0380 => putative tRNA/rRNA methyltransferase
[11:12:29] Cleaned 219 /product names
[11:12:29] Deleting unwanted file: prokka_LN890524/sprot.faa
[11:12:29] Deleting unwanted file: prokka_LN890524/sprot.blast
[11:12:33] There are still 1373 unannotated CDS left (started with 4652)
[11:12:33] Will use hmmer3 to search against /opt/prokka/bin/../db/hmm/HAMAP.hmm with 1 CPUs
[11:12:33] Running: cat prokka_LN890524\/HAMAP\.hmm\.faa | parallel --gnu --plain -j 1 --block 159166 --recstart '>' --pipe hmmscan --noali --notextw --acc -E 1e-06 --cpu 1 /opt/prokka/bin/../db/hmm/HAMAP.hmm /dev/stdin > prokka_LN890524\/HAMAP\.hmm\.hmmer3 2> /dev/null
[11:14:55] Modify product: Uncharacterized Nudix hydrolase NudL => putative Nudix hydrolase NudL
[11:14:55] Cleaned 1 /product names
[11:14:55] Deleting unwanted file: prokka_LN890524/HAMAP.hmm.faa
[11:14:55] Deleting unwanted file: prokka_LN890524/HAMAP.hmm.hmmer3
[11:14:55] Labelling remaining 1290 proteins as 'hypothetical protein'
[11:14:55] Possible /pseudo 'Diol dehydratase-reactivating factor alpha subunit' at ENA_LN890524_LN890524.1 position 382420
[11:14:55] Possible /pseudo 'Type-1 fimbrial protein, A chain' at ENA_LN890524_LN890524.1 position 615298
[11:14:55] Possible /pseudo 'Major outer membrane lipoprotein Lpp' at ENA_LN890524_LN890524.1 position 1201887
[11:14:55] Possible /pseudo 'Formate dehydrogenase, nitrate-inducible, major subunit' at ENA_LN890524_LN890524.1 position 1392547
[11:14:55] Possible /pseudo 'Exoribonuclease 2' at ENA_LN890524_LN890524.1 position 1543518
[11:14:55] Possible /pseudo 'Multidrug resistance protein MdtH' at ENA_LN890524_LN890524.1 position 2219030
[11:14:55] Possible /pseudo 'Aldehyde-alcohol dehydrogenase' at ENA_LN890524_LN890524.1 position 2294445
[11:14:55] Possible /pseudo 'putative lipoprotein YehR' at ENA_LN890524_LN890524.1 position 2421292
[11:14:55] Possible /pseudo 'Manganese transport system membrane protein MntB' at ENA_LN890524_LN890524.1 position 3090187
[11:14:55] Possible /pseudo 'Energy-coupling factor transporter ATP-binding protein EcfA1' at ENA_LN890524_LN890524.1 position 3324518
[11:14:55] Possible /pseudo 'Arylsulfate sulfotransferase AssT' at ENA_LN890524_LN890524.1 position 3453428
[11:14:55] Possible /pseudo 'Aldehyde dehydrogenase B' at ENA_LN890524_LN890524.1 position 3975451
[11:14:55] Possible /pseudo 'General stress protein A' at ENA_LN890524_LN890524.1 position 4015586
[11:14:55] Possible /pseudo 'Inner membrane symporter YicJ' at ENA_LN890524_LN890524.1 position 4050669
[11:14:55] Possible /pseudo 'D-glucosaminate-6-phosphate ammonia lyase' at ENA_LN890524_LN890524.1 position 4073595
[11:14:55] Possible /pseudo 'Prophage CP4-57 integrase' at ENA_LN890524_LN890524.1 position 4148840
[11:14:55] Possible /pseudo 'Putative 2,3-dihydroxypropane-1-sulfonate exporter' at ENA_LN890524_LN890524.1 position 4327050
[11:14:55] Possible /pseudo 'Formate dehydrogenase-O major subunit' at ENA_LN890524_LN890524.1 position 4347026
[11:14:55] Possible /pseudo 'Formate dehydrogenase H' at ENA_LN890524_LN890524.1 position 4607452
[11:14:55] Possible /pseudo 'D-xylose-proton symporter' at ENA_LN890524_LN890524.1 position 4764351
[11:14:55] Possible /pseudo 'Sensor protein CreC' at ENA_LN890524_LN890524.1 position 4954637
[11:14:55] Found 2790 unique /gene codes.
[11:14:55] Fixed 2 duplicate /gene - artM_1 artM_2
[11:14:55] Fixed 2 duplicate /gene - ynaI_1 ynaI_2
[11:14:55] Fixed 2 duplicate /gene - ydcP_1 ydcP_2
[11:14:55] Fixed 2 duplicate /gene - ydjH_1 ydjH_2
[11:14:55] Fixed 5 duplicate /gene - dinI_1 dinI_2 dinI_3 dinI_4 dinI_5
[11:14:55] Fixed 2 duplicate /gene - adrB_1 adrB_2
[11:14:55] Fixed 3 duplicate /gene - papC_1 papC_2 papC_3
[11:14:55] Fixed 2 duplicate /gene - ccmE_1 ccmE_2
[11:14:55] Fixed 2 duplicate /gene - ccmA_1 ccmA_2
[11:14:55] Fixed 3 duplicate /gene - trxA_1 trxA_2 trxA_3
[11:14:55] Fixed 2 duplicate /gene - cutC_1 cutC_2
[11:14:55] Fixed 2 duplicate /gene - ecfA1_1 ecfA1_2
[11:14:55] Fixed 2 duplicate /gene - hcpA_1 hcpA_2
[11:14:55] Fixed 2 duplicate /gene - pduV_1 pduV_2
[11:14:55] Fixed 2 duplicate /gene - icd_1 icd_2
[11:14:55] Fixed 4 duplicate /gene - ybdO_1 ybdO_2 ybdO_3 ybdO_4
[11:14:55] Fixed 2 duplicate /gene - btr_1 btr_2
[11:14:55] Fixed 2 duplicate /gene - metQ_1 metQ_2
[11:14:55] Fixed 2 duplicate /gene - ompC_1 ompC_2
[11:14:55] Fixed 2 duplicate /gene - appA_1 appA_2
[11:14:55] Fixed 2 duplicate /gene - topA_1 topA_2
[11:14:55] Fixed 2 duplicate /gene - lysA_1 lysA_2
[11:14:55] Fixed 2 duplicate /gene - prsE_1 prsE_2
[11:14:55] Fixed 3 duplicate /gene - dgaE_1 dgaE_2 dgaE_3
[11:14:55] Fixed 2 duplicate /gene - sifA_1 sifA_2
[11:14:55] Fixed 3 duplicate /gene - lldR_1 lldR_2 lldR_3
[11:14:55] Fixed 2 duplicate /gene - ttuB_1 ttuB_2
[11:14:55] Fixed 2 duplicate /gene - chiA_1 chiA_2
[11:14:55] Fixed 2 duplicate /gene - alsT_1 alsT_2
[11:14:55] Fixed 2 duplicate /gene - dcuA_1 dcuA_2
[11:14:55] Fixed 2 duplicate /gene - kefC_1 kefC_2
[11:14:55] Fixed 2 duplicate /gene - sppA_1 sppA_2
[11:14:55] Fixed 2 duplicate /gene - caiE_1 caiE_2
[11:14:55] Fixed 2 duplicate /gene - ccmD_1 ccmD_2
[11:14:55] Fixed 3 duplicate /gene - ccmF_1 ccmF_2 ccmF_3
[11:14:55] Fixed 3 duplicate /gene - gltR_1 gltR_2 gltR_3
[11:14:55] Fixed 2 duplicate /gene - yedA_1 yedA_2
[11:14:55] Fixed 5 duplicate /gene - intA_1 intA_2 intA_3 intA_4 intA_5
[11:14:55] Fixed 2 duplicate /gene - ywrO_1 ywrO_2
[11:14:55] Fixed 4 duplicate /gene - srlR_1 srlR_2 srlR_3 srlR_4
[11:14:55] Fixed 2 duplicate /gene - yhhW_1 yhhW_2
[11:14:55] Fixed 2 duplicate /gene - acrB_1 acrB_2
[11:14:55] Fixed 2 duplicate /gene - aaeB_1 aaeB_2
[11:14:55] Fixed 2 duplicate /gene - pepD_1 pepD_2
[11:14:55] Fixed 2 duplicate /gene - mtlA_1 mtlA_2
[11:14:55] Fixed 2 duplicate /gene - araB_1 araB_2
[11:14:55] Fixed 2 duplicate /gene - rnb_1 rnb_2
[11:14:55] Fixed 2 duplicate /gene - ubiE_1 ubiE_2
[11:14:55] Fixed 2 duplicate /gene - ptsG_1 ptsG_2
[11:14:55] Fixed 2 duplicate /gene - gudP_1 gudP_2
[11:14:55] Fixed 5 duplicate /gene - ail_1 ail_2 ail_3 ail_4 ail_5
[11:14:55] Fixed 2 duplicate /gene - acs_1 acs_2
[11:14:55] Fixed 2 duplicate /gene - emrB_1 emrB_2
[11:14:55] Fixed 2 duplicate /gene - nagK_1 nagK_2
[11:14:55] Fixed 2 duplicate /gene - bamD_1 bamD_2
[11:14:55] Fixed 2 duplicate /gene - fabG_1 fabG_2
[11:14:55] Fixed 2 duplicate /gene - rob_1 rob_2
[11:14:55] Fixed 2 duplicate /gene - fes_1 fes_2
[11:14:55] Fixed 2 duplicate /gene - lpp_1 lpp_2
[11:14:55] Fixed 2 duplicate /gene - yfcP_1 yfcP_2
[11:14:55] Fixed 2 duplicate /gene - lppC_1 lppC_2
[11:14:55] Fixed 2 duplicate /gene - guaA_1 guaA_2
[11:14:55] Fixed 2 duplicate /gene - hexR_1 hexR_2
[11:14:55] Fixed 2 duplicate /gene - hflK_1 hflK_2
[11:14:55] Fixed 3 duplicate /gene - fimD_1 fimD_2 fimD_3
[11:14:55] Fixed 2 duplicate /gene - yjiE_1 yjiE_2
[11:14:55] Fixed 2 duplicate /gene - pyrE_1 pyrE_2
[11:14:55] Fixed 2 duplicate /gene - pgrR_1 pgrR_2
[11:14:55] Fixed 2 duplicate /gene - rhsB_1 rhsB_2
[11:14:55] Fixed 2 duplicate /gene - ydeO_1 ydeO_2
[11:14:55] Fixed 5 duplicate /gene - gltC_1 gltC_2 gltC_3 gltC_4 gltC_5
[11:14:55] Fixed 4 duplicate /gene - cynR_1 cynR_2 cynR_3 cynR_4
[11:14:55] Fixed 2 duplicate /gene - tuf1_1 tuf1_2
[11:14:55] Fixed 2 duplicate /gene - sutR_1 sutR_2
[11:14:55] Fixed 2 duplicate /gene - icsA_1 icsA_2
[11:14:55] Fixed 4 duplicate /gene - esiB_1 esiB_2 esiB_3 esiB_4
[11:14:55] Fixed 2 duplicate /gene - gno_1 gno_2
[11:14:55] Fixed 3 duplicate /gene - glmS_1 glmS_2 glmS_3
[11:14:55] Fixed 2 duplicate /gene - srmB_1 srmB_2
[11:14:55] Fixed 2 duplicate /gene - sucD_1 sucD_2
[11:14:55] Fixed 2 duplicate /gene - mggB_1 mggB_2
[11:14:55] Fixed 2 duplicate /gene - acpP_1 acpP_2
[11:14:55] Fixed 2 duplicate /gene - rcsB_1 rcsB_2
[11:14:55] Fixed 2 duplicate /gene - dgaF_1 dgaF_2
[11:14:55] Fixed 2 duplicate /gene - cobD_1 cobD_2
[11:14:55] Fixed 2 duplicate /gene - fixX_1 fixX_2
[11:14:55] Fixed 3 duplicate /gene - glpE_1 glpE_2 glpE_3
[11:14:55] Fixed 2 duplicate /gene - appC_1 appC_2
[11:14:55] Fixed 2 duplicate /gene - yfcQ_1 yfcQ_2
[11:14:55] Fixed 2 duplicate /gene - yfgF_1 yfgF_2
[11:14:55] Fixed 2 duplicate /gene - rpe_1 rpe_2
[11:14:55] Fixed 2 duplicate /gene - qseF_1 qseF_2
[11:14:55] Fixed 2 duplicate /gene - ulaB_1 ulaB_2
[11:14:55] Fixed 2 duplicate /gene - fruA_1 fruA_2
[11:14:55] Fixed 2 duplicate /gene - actP_1 actP_2
[11:14:55] Fixed 2 duplicate /gene - mdtK_1 mdtK_2
[11:14:55] Fixed 2 duplicate /gene - yccS_1 yccS_2
[11:14:55] Fixed 2 duplicate /gene - exbD_1 exbD_2
[11:14:55] Fixed 2 duplicate /gene - rcsA_1 rcsA_2
[11:14:55] Fixed 2 duplicate /gene - kdgM_1 kdgM_2
[11:14:55] Fixed 2 duplicate /gene - yjaB_1 yjaB_2
[11:14:55] Fixed 2 duplicate /gene - argR_1 argR_2
[11:14:55] Fixed 2 duplicate /gene - ulaE_1 ulaE_2
[11:14:55] Fixed 2 duplicate /gene - hyaD_1 hyaD_2
[11:14:55] Fixed 2 duplicate /gene - sad_1 sad_2
[11:14:55] Fixed 2 duplicate /gene - gntT_1 gntT_2
[11:14:55] Fixed 3 duplicate /gene - oadG_1 oadG_2 oadG_3
[11:14:55] Fixed 2 duplicate /gene - gatB_1 gatB_2
[11:14:55] Fixed 2 duplicate /gene - ccmB_1 ccmB_2
[11:14:55] Fixed 4 duplicate /gene - manZ_1 manZ_2 manZ_3 manZ_4
[11:14:55] Fixed 2 duplicate /gene - aspT_1 aspT_2
[11:14:55] Fixed 2 duplicate /gene - cysH_1 cysH_2
[11:14:55] Fixed 2 duplicate /gene - ftnA_1 ftnA_2
[11:14:55] Fixed 2 duplicate /gene - yehR_1 yehR_2
[11:14:55] Fixed 2 duplicate /gene - gspA_1 gspA_2
[11:14:55] Fixed 2 duplicate /gene - dsbE_1 dsbE_2
[11:14:55] Fixed 2 duplicate /gene - dgoD_1 dgoD_2
[11:14:55] Fixed 2 duplicate /gene - lpxD_1 lpxD_2
[11:14:55] Fixed 2 duplicate /gene - ftsA_1 ftsA_2
[11:14:55] Fixed 3 duplicate /gene - ulaA_1 ulaA_2 ulaA_3
[11:14:55] Fixed 2 duplicate /gene - rbn_1 rbn_2
[11:14:55] Fixed 2 duplicate /gene - nlpD_1 nlpD_2
[11:14:55] Fixed 2 duplicate /gene - yfcG_1 yfcG_2
[11:14:55] Fixed 4 duplicate /gene - adhE_1 adhE_2 adhE_3 adhE_4
[11:14:55] Fixed 3 duplicate /gene - fliP_1 fliP_2 fliP_3
[11:14:55] Fixed 2 duplicate /gene - yfbT_1 yfbT_2
[11:14:55] Fixed 2 duplicate /gene - lolD_1 lolD_2
[11:14:55] Fixed 5 duplicate /gene - dmsC_1 dmsC_2 dmsC_3 dmsC_4 dmsC_5
[11:14:55] Fixed 3 duplicate /gene - ulaC_1 ulaC_2 ulaC_3
[11:14:55] Fixed 2 duplicate /gene - mlrA_1 mlrA_2
[11:14:55] Fixed 3 duplicate /gene - oppD_1 oppD_2 oppD_3
[11:14:55] Fixed 2 duplicate /gene - panE_1 panE_2
[11:14:55] Fixed 2 duplicate /gene - ccmC_1 ccmC_2
[11:14:55] Fixed 2 duplicate /gene - etfB_1 etfB_2
[11:14:55] Fixed 2 duplicate /gene - bioD1_1 bioD1_2
[11:14:55] Fixed 5 duplicate /gene - ygdR_1 ygdR_2 ygdR_3 ygdR_4 ygdR_5
[11:14:55] Fixed 4 duplicate /gene - chuR_1 chuR_2 chuR_3 chuR_4
[11:14:55] Fixed 2 duplicate /gene - galS_1 galS_2
[11:14:55] Fixed 2 duplicate /gene - citF_1 citF_2
[11:14:55] Fixed 4 duplicate /gene - citG_1 citG_2 citG_3 citG_4
[11:14:55] Fixed 4 duplicate /gene - proP_1 proP_2 proP_3 proP_4
[11:14:55] Fixed 2 duplicate /gene - hyaE_1 hyaE_2
[11:14:55] Fixed 2 duplicate /gene - gpr_1 gpr_2
[11:14:55] Fixed 2 duplicate /gene - proS_1 proS_2
[11:14:55] Fixed 3 duplicate /gene - yecS_1 yecS_2 yecS_3
[11:14:55] Fixed 2 duplicate /gene - ybhA_1 ybhA_2
[11:14:55] Fixed 2 duplicate /gene - leuO_1 leuO_2
[11:14:55] Fixed 3 duplicate /gene - garK_1 garK_2 garK_3
[11:14:55] Fixed 2 duplicate /gene - narX_1 narX_2
[11:14:55] Fixed 2 duplicate /gene - rlmB_1 rlmB_2
[11:14:55] Fixed 2 duplicate /gene - ansB_1 ansB_2
[11:14:55] Fixed 2 duplicate /gene - yhjB_1 yhjB_2
[11:14:55] Fixed 2 duplicate /gene - citE_1 citE_2
[11:14:55] Fixed 2 duplicate /gene - adaA_1 adaA_2
[11:14:55] Fixed 2 duplicate /gene - gltD_1 gltD_2
[11:14:55] Fixed 2 duplicate /gene - fliQ_1 fliQ_2
[11:14:55] Fixed 3 duplicate /gene - oxyR_1 oxyR_2 oxyR_3
[11:14:55] Fixed 2 duplicate /gene - gutB_1 gutB_2
[11:14:55] Fixed 2 duplicate /gene - yfcR_1 yfcR_2
[11:14:55] Fixed 2 duplicate /gene - uhpC_1 uhpC_2
[11:14:55] Fixed 3 duplicate /gene - oppF_1 oppF_2 oppF_3
[11:14:55] Fixed 2 duplicate /gene - yidA_1 yidA_2
[11:14:55] Fixed 2 duplicate /gene - fbaA_1 fbaA_2
[11:14:55] Fixed 2 duplicate /gene - aldB_1 aldB_2
[11:14:55] Fixed 2 duplicate /gene - ptsI_1 ptsI_2
[11:14:55] Fixed 3 duplicate /gene - bhsA_1 bhsA_2 bhsA_3
[11:14:55] Fixed 4 duplicate /gene - glpR_1 glpR_2 glpR_3 glpR_4
[11:14:55] Fixed 2 duplicate /gene - ydcV_1 ydcV_2
[11:14:55] Fixed 2 duplicate /gene - ttdA_1 ttdA_2
[11:14:55] Fixed 2 duplicate /gene - betC_1 betC_2
[11:14:55] Fixed 2 duplicate /gene - clpP1_1 clpP1_2
[11:14:55] Fixed 5 duplicate /gene - yicJ_1 yicJ_2 yicJ_3 yicJ_4 yicJ_5
[11:14:55] Fixed 2 duplicate /gene - fucA_1 fucA_2
[11:14:55] Fixed 3 duplicate /gene - cysJ_1 cysJ_2 cysJ_3
[11:14:55] Fixed 2 duplicate /gene - lutR_1 lutR_2
[11:14:55] Fixed 2 duplicate /gene - tpx_1 tpx_2
[11:14:55] Fixed 2 duplicate /gene - dnaK_1 dnaK_2
[11:14:55] Fixed 2 duplicate /gene - deoR_1 deoR_2
[11:14:55] Fixed 2 duplicate /gene - cysA_1 cysA_2
[11:14:55] Fixed 2 duplicate /gene - yedK_1 yedK_2
[11:14:55] Fixed 2 duplicate /gene - citC_1 citC_2
[11:14:55] Fixed 3 duplicate /gene - sgrR_1 sgrR_2 sgrR_3
[11:14:55] Fixed 2 duplicate /gene - ynfM_1 ynfM_2
[11:14:55] Fixed 2 duplicate /gene - rsxC_1 rsxC_2
[11:14:55] Fixed 2 duplicate /gene - creC_1 creC_2
[11:14:55] Fixed 2 duplicate /gene - ccmH_1 ccmH_2
[11:14:55] Fixed 2 duplicate /gene - dnaB_1 dnaB_2
[11:14:55] Fixed 2 duplicate /gene - sfmC_1 sfmC_2
[11:14:55] Fixed 2 duplicate /gene - gntK_1 gntK_2
[11:14:55] Fixed 2 duplicate /gene - mtlR_1 mtlR_2
[11:14:55] Fixed 2 duplicate /gene - citD_1 citD_2
[11:14:55] Fixed 2 duplicate /gene - benM_1 benM_2
[11:14:55] Fixed 6 duplicate /gene - dmsB_1 dmsB_2 dmsB_3 dmsB_4 dmsB_5 dmsB_6
[11:14:55] Fixed 2 duplicate /gene - cptA_1 cptA_2
[11:14:55] Fixed 2 duplicate /gene - yceI_1 yceI_2
[11:14:55] Fixed 2 duplicate /gene - rrrD_1 rrrD_2
[11:14:55] Fixed 2 duplicate /gene - mscS_1 mscS_2
[11:14:55] Fixed 3 duplicate /gene - macA_1 macA_2 macA_3
[11:14:55] Fixed 2 duplicate /gene - malP_1 malP_2
[11:14:55] Fixed 2 duplicate /gene - rfbD_1 rfbD_2
[11:14:55] Fixed 2 duplicate /gene - iscA_1 iscA_2
[11:14:55] Fixed 2 duplicate /gene - ompN_1 ompN_2
[11:14:55] Fixed 2 duplicate /gene - radD_1 radD_2
[11:14:55] Fixed 2 duplicate /gene - aaeA_1 aaeA_2
[11:14:55] Fixed 2 duplicate /gene - marA_1 marA_2
[11:14:55] Fixed 2 duplicate /gene - citX_1 citX_2
[11:14:55] Fixed 2 duplicate /gene - narL_1 narL_2
[11:14:55] Fixed 2 duplicate /gene - dsbD_1 dsbD_2
[11:14:55] Fixed 2 duplicate /gene - gdhA_1 gdhA_2
[11:14:55] Fixed 2 duplicate /gene - mdh_1 mdh_2
[11:14:55] Fixed 2 duplicate /gene - hyaB_1 hyaB_2
[11:14:55] Fixed 3 duplicate /gene - dmsA_1 dmsA_2 dmsA_3
[11:14:55] Fixed 2 duplicate /gene - tusA_1 tusA_2
[11:14:55] Fixed 2 duplicate /gene - potA_1 potA_2
[11:14:55] Fixed 2 duplicate /gene - cidA_1 cidA_2
[11:14:55] Fixed 2 duplicate /gene - znuC_1 znuC_2
[11:14:55] Fixed 2 duplicate /gene - bepA_1 bepA_2
[11:14:55] Fixed 2 duplicate /gene - rhtC_1 rhtC_2
[11:14:55] Fixed 3 duplicate /gene - clpB_1 clpB_2 clpB_3
[11:14:55] Fixed 3 duplicate /gene - sdcS_1 sdcS_2 sdcS_3
[11:14:55] Fixed 2 duplicate /gene - ynfF_1 ynfF_2
[11:14:55] Fixed 2 duplicate /gene - queA_1 queA_2
[11:14:55] Fixed 2 duplicate /gene - vgrG1_1 vgrG1_2
[11:14:55] Fixed 2 duplicate /gene - fdnH_1 fdnH_2
[11:14:55] Fixed 3 duplicate /gene - sauU_1 sauU_2 sauU_3
[11:14:55] Fixed 2 duplicate /gene - lptB_1 lptB_2
[11:14:55] Fixed 2 duplicate /gene - slyA_1 slyA_2
[11:14:55] Fixed 2 duplicate /gene - dgoT_1 dgoT_2
[11:14:55] Fixed 6 duplicate /gene - manX_1 manX_2 manX_3 manX_4 manX_5 manX_6
[11:14:55] Fixed 2 duplicate /gene - gatC_1 gatC_2
[11:14:55] Fixed 2 duplicate /gene - bshA_1 bshA_2
[11:14:55] Fixed 2 duplicate /gene - hyaC_1 hyaC_2
[11:14:55] Fixed 2 duplicate /gene - gbpR_1 gbpR_2
[11:14:55] Fixed 2 duplicate /gene - tetA_1 tetA_2
[11:14:55] Fixed 2 duplicate /gene - ftsI_1 ftsI_2
[11:14:55] Fixed 2 duplicate /gene - cysW_1 cysW_2
[11:14:55] Fixed 2 duplicate /gene - glmM_1 glmM_2
[11:14:55] Fixed 2 duplicate /gene - pduA_1 pduA_2
[11:14:55] Fixed 3 duplicate /gene - mdtH_1 mdtH_2 mdtH_3
[11:14:55] Fixed 3 duplicate /gene - hemN_1 hemN_2 hemN_3
[11:14:55] Fixed 4 duplicate /gene - rhsC_1 rhsC_2 rhsC_3 rhsC_4
[11:14:55] Fixed 3 duplicate /gene - oadB_1 oadB_2 oadB_3
[11:14:55] Fixed 4 duplicate /gene - ddrA_1 ddrA_2 ddrA_3 ddrA_4
[11:14:55] Fixed 2 duplicate /gene - rspR_1 rspR_2
[11:14:55] Fixed 2 duplicate /gene - artJ_1 artJ_2
[11:14:55] Fixed 2 duplicate /gene - tehB_1 tehB_2
[11:14:55] Fixed 5 duplicate /gene - xerC_1 xerC_2 xerC_3 xerC_4 xerC_5
[11:14:55] Fixed 2 duplicate /gene - hxlR_1 hxlR_2
[11:14:55] Fixed 2 duplicate /gene - ibpA_1 ibpA_2
[11:14:55] Fixed 2 duplicate /gene - kdgT_1 kdgT_2
[11:14:55] Fixed 2 duplicate /gene - afr_1 afr_2
[11:14:55] Fixed 2 duplicate /gene - yfcS_1 yfcS_2
[11:14:55] Fixed 2 duplicate /gene - gadX_1 gadX_2
[11:14:55] Fixed 2 duplicate /gene - fhuA_1 fhuA_2
[11:14:55] Fixed 3 duplicate /gene - dmsD_1 dmsD_2 dmsD_3
[11:14:55] Fixed 2 duplicate /gene - fumB_1 fumB_2
[11:14:55] Fixed 2 duplicate /gene - mntB_1 mntB_2
[11:14:55] Fixed 2 duplicate /gene - nuoI_1 nuoI_2
[11:14:55] Fixed 2 duplicate /gene - eamA_1 eamA_2
[11:14:55] Fixed 2 duplicate /gene - dnaT_1 dnaT_2
[11:14:55] Fixed 2 duplicate /gene - ydhX_1 ydhX_2
[11:14:55] Fixed 2 duplicate /gene - nagC_1 nagC_2
[11:14:55] Fixed 2 duplicate /gene - relE_1 relE_2
[11:14:55] Fixed 2 duplicate /gene - agaC_1 agaC_2
[11:14:55] Fixed 2 duplicate /gene - cph2_1 cph2_2
[11:14:55] Fixed 2 duplicate /gene - fdnG_1 fdnG_2
[11:14:55] Fixed 2 duplicate /gene - acrR_1 acrR_2
[11:14:55] Fixed 2 duplicate /gene - ccmK_1 ccmK_2
[11:14:55] Fixed 3 duplicate /gene - yvoA_1 yvoA_2 yvoA_3
[11:14:55] Fixed 2 duplicate /gene - tolC_1 tolC_2
[11:14:55] Fixed 2 duplicate /gene - fdoG_1 fdoG_2
[11:14:55] Fixed 2 duplicate /gene - yohK_1 yohK_2
[11:14:55] Fixed 3 duplicate /gene - yhdN_1 yhdN_2 yhdN_3
[11:14:55] Fixed 2 duplicate /gene - stp_1 stp_2
[11:14:55] Fixed 2 duplicate /gene - sdaA_1 sdaA_2
[11:14:55] Fixed 2 duplicate /gene - cysE_1 cysE_2
[11:14:55] Fixed 3 duplicate /gene - rimO_1 rimO_2 rimO_3
[11:14:55] Fixed 8 duplicate /gene - dmlR_1 dmlR_2 dmlR_3 dmlR_4 dmlR_5 dmlR_6 dmlR_7 dmlR_8
[11:14:55] Fixed 2 duplicate /gene - idnD_1 idnD_2
[11:14:55] Fixed 2 duplicate /gene - wcaJ_1 wcaJ_2
[11:14:55] Fixed 2 duplicate /gene - mzrA_1 mzrA_2
[11:14:55] Fixed 2 duplicate /gene - araC_1 araC_2
[11:14:55] Fixed 2 duplicate /gene - coaA_1 coaA_2
[11:14:55] Fixed 2 duplicate /gene - pqiB_1 pqiB_2
[11:14:55] Fixed 2 duplicate /gene - speG_1 speG_2
[11:14:55] Fixed 2 duplicate /gene - appB_1 appB_2
[11:14:55] Fixed 3 duplicate /gene - hypA_1 hypA_2 hypA_3
[11:14:55] Fixed 2 duplicate /gene - caiA_1 caiA_2
[11:14:55] Fixed 2 duplicate /gene - prfB_1 prfB_2
[11:14:55] Fixed 3 duplicate /gene - symE_1 symE_2 symE_3
[11:14:55] Fixed 3 duplicate /gene - yihP_1 yihP_2 yihP_3
[11:14:55] Fixed 2 duplicate /gene - rclR_1 rclR_2
[11:14:55] Fixed 3 duplicate /gene - etfA_1 etfA_2 etfA_3
[11:14:55] Fixed 4 duplicate /gene - smc_1 smc_2 smc_3 smc_4
[11:14:55] Fixed 3 duplicate /gene - yjhB_1 yjhB_2 yjhB_3
[11:14:55] Fixed 2 duplicate /gene - lon_1 lon_2
[11:14:55] Fixed 3 duplicate /gene - osmY_1 osmY_2 osmY_3
[11:14:55] Fixed 4 duplicate /gene - gntR_1 gntR_2 gntR_3 gntR_4
[11:14:55] Fixed 2 duplicate /gene - mrdA_1 mrdA_2
[11:14:55] Fixed 2 duplicate /gene - yadV_1 yadV_2
[11:14:55] Fixed 2 duplicate /gene - qseC_1 qseC_2
[11:14:55] Fixed 2 duplicate /gene - dppB_1 dppB_2
[11:14:55] Fixed 2 duplicate /gene - xylA_1 xylA_2
[11:14:55] Fixed 2 duplicate /gene - lip-1_1 lip-1_2
[11:14:55] Fixed 2 duplicate /gene - dppC_1 dppC_2
[11:14:55] Fixed 2 duplicate /gene - rtcB_1 rtcB_2
[11:14:55] Fixed 2 duplicate /gene - rcsC_1 rcsC_2
[11:14:55] Fixed 2 duplicate /gene - arcA_1 arcA_2
[11:14:55] Fixed 2 duplicate /gene - cdaR_1 cdaR_2
[11:14:55] Fixed 3 duplicate /gene - lrp_1 lrp_2 lrp_3
[11:14:55] Fixed 2 duplicate /gene - pncC_1 pncC_2
[11:14:55] Fixed 2 duplicate /gene - ynfE_1 ynfE_2
[11:14:55] Fixed 3 duplicate /gene - dgaR_1 dgaR_2 dgaR_3
[11:14:55] Fixed 4 duplicate /gene - rbsK_1 rbsK_2 rbsK_3 rbsK_4
[11:14:55] Fixed 3 duplicate /gene - recF_1 recF_2 recF_3
[11:14:55] Fixed 2 duplicate /gene - tqsA_1 tqsA_2
[11:14:55] Fixed 2 duplicate /gene - metN_1 metN_2
[11:14:55] Fixed 2 duplicate /gene - fliC_1 fliC_2
[11:14:55] Fixed 2 duplicate /gene - allS_1 allS_2
[11:14:55] Fixed 2 duplicate /gene - ymdB_1 ymdB_2
[11:14:55] Fixed 2 duplicate /gene - fliY_1 fliY_2
[11:14:55] Fixed 4 duplicate /gene - corC_1 corC_2 corC_3 corC_4
[11:14:55] Fixed 2 duplicate /gene - rspA_1 rspA_2
[11:14:55] Fixed 2 duplicate /gene - ydhP_1 ydhP_2
[11:14:55] Fixed 3 duplicate /gene - tabA_1 tabA_2 tabA_3
[11:14:55] Fixed 3 duplicate /gene - glnQ_1 glnQ_2 glnQ_3
[11:14:55] Fixed 2 duplicate /gene - garR_1 garR_2
[11:14:55] Fixed 2 duplicate /gene - ydjE_1 ydjE_2
[11:14:55] Fixed 2 duplicate /gene - xylE_1 xylE_2
[11:14:55] Fixed 3 duplicate /gene - pdhR_1 pdhR_2 pdhR_3
[11:14:55] Fixed 2 duplicate /gene - gsiA_1 gsiA_2
[11:14:55] Fixed 2 duplicate /gene - sfmH_1 sfmH_2
[11:14:55] Fixed 2 duplicate /gene - ydiV_1 ydiV_2
[11:14:55] Fixed 2 duplicate /gene - exuT_1 exuT_2
[11:14:55] Fixed 2 duplicate /gene - ubiG_1 ubiG_2
[11:14:55] Fixed 2 duplicate /gene - patB_1 patB_2
[11:14:55] Fixed 2 duplicate /gene - soxS_1 soxS_2
[11:14:55] Fixed 2 duplicate /gene - dam_1 dam_2
[11:14:55] Fixed 2 duplicate /gene - dsbB_1 dsbB_2
[11:14:55] Fixed 2 duplicate /gene - dxs_1 dxs_2
[11:14:55] Fixed 2 duplicate /gene - exoX_1 exoX_2
[11:14:55] Fixed 4 duplicate /gene - fimA_1 fimA_2 fimA_3 fimA_4
[11:14:55] Fixed 2 duplicate /gene - tsr_1 tsr_2
[11:14:55] Fixed 2 duplicate /gene - tcyP_1 tcyP_2
[11:14:55] Fixed 2 duplicate /gene - tktA_1 tktA_2
[11:14:55] Fixed 2 duplicate /gene - dppA_1 dppA_2
[11:14:55] Fixed 4 duplicate /gene - xerD_1 xerD_2 xerD_3 xerD_4
[11:14:55] Fixed 2 duplicate /gene - sseA_1 sseA_2
[11:14:55] Fixed 2 duplicate /gene - fdhF_1 fdhF_2
[11:14:55] Fixed 2 duplicate /gene - exbB_1 exbB_2
[11:14:55] Fixed 2 duplicate /gene - por_1 por_2
[11:14:55] Fixed 3 duplicate /gene - frlB_1 frlB_2 frlB_3
[11:14:55] Fixed 2 duplicate /gene - fucP_1 fucP_2
[11:14:55] Fixed 6 duplicate /gene - assT_1 assT_2 assT_3 assT_4 assT_5 assT_6
[11:14:55] Fixed 3 duplicate /gene - trg_1 trg_2 trg_3
[11:14:55] Fixed 2 duplicate /gene - ybhL_1 ybhL_2
[11:14:55] Fixed 2 duplicate /gene - rhlE_1 rhlE_2
[11:14:55] Fixed 2 duplicate /gene - manY_1 manY_2
[11:14:55] Fixed 3 duplicate /gene - yahB_1 yahB_2 yahB_3
[11:14:55] Fixed 3 duplicate /gene - hyfA_1 hyfA_2 hyfA_3
[11:14:55] Fixed 2 duplicate /gene - mepS_1 mepS_2
[11:14:55] Fixed 2 duplicate /gene - loiP_1 loiP_2
[11:14:55] Fixed 4 duplicate /gene - glcR_1 glcR_2 glcR_3 glcR_4
[11:14:55] Fixed 363 colliding /gene names.
[11:14:55] Adding /locus_tag identifiers
[11:14:55] Assigned 4762 locus_tags to CDS and RNA features.
[11:14:55] Writing outputs to prokka_LN890524/
[11:15:09] Generating annotation statistics file
[11:15:09] Generating Genbank and Sequin files
[11:15:09] Running: tbl2asn -V b -a r10k -l paired-ends -M n -N 1 -y 'Annotated using prokka 1.12-beta from https://github.com/tseemann/prokka' -Z prokka_LN890524\/PROKKA_01042017\.err -i prokka_LN890524\/PROKKA_01042017\.fsa 2> /dev/null
[11:15:28] Deleting unwanted file: prokka_LN890524/errorsummary.val
[11:15:28] Deleting unwanted file: prokka_LN890524/PROKKA_01042017.dr
[11:15:28] Deleting unwanted file: prokka_LN890524/PROKKA_01042017.fixedproducts
[11:15:28] Deleting unwanted file: prokka_LN890524/PROKKA_01042017.ecn
[11:15:28] Deleting unwanted file: prokka_LN890524/PROKKA_01042017.val
[11:15:28] Repairing broken .GBK output that tbl2asn produces...
[11:15:28] Running: sed 's/COORDINATES: profile/COORDINATES:profile/' < prokka_LN890524\/PROKKA_01042017\.gbf > prokka_LN890524\/PROKKA_01042017\.gbk
[11:15:28] Deleting unwanted file: prokka_LN890524/PROKKA_01042017.gbf
[11:15:28] Output files:
[11:15:28] prokka_LN890524/PROKKA_01042017.gbk
[11:15:28] prokka_LN890524/PROKKA_01042017.txt
[11:15:28] prokka_LN890524/PROKKA_01042017.faa
[11:15:28] prokka_LN890524/PROKKA_01042017.fsa
[11:15:28] prokka_LN890524/PROKKA_01042017.gff
[11:15:28] prokka_LN890524/PROKKA_01042017.tbl
[11:15:28] prokka_LN890524/PROKKA_01042017.err
[11:15:28] prokka_LN890524/PROKKA_01042017.sqn
[11:15:28] prokka_LN890524/PROKKA_01042017.fna
[11:15:28] prokka_LN890524/PROKKA_01042017.ffn
[11:15:28] prokka_LN890524/PROKKA_01042017.log
[11:15:28] Annotation finished successfully.
[11:15:28] Walltime used: 13.15 minutes
[11:15:28] If you use this result please cite the Prokka paper:
[11:15:28] Seemann T (2014) Prokka: rapid prokaryotic genome annotation. Bioinformatics. 30(14):2068-9.
[11:15:28] Type 'prokka --citation' for more details.
[11:15:28] Share and enjoy!
