Discrepancy Report Results

Summary
FATAL: MISSING_PROTEIN_ID:67 proteins have invalid IDs.
DISC_SOURCE_QUALS_ASNDISC:strain (all present, all unique)
DISC_SOURCE_QUALS_ASNDISC:taxname (all present, all unique)
DISC_FEATURE_COUNT:CDS: 67 present
DISC_COUNT_NUCLEOTIDES:1 nucleotide Bioseqs are present
FEATURE_LOCATION_CONFLICT:67 features have inconsistent gene locations.
DISC_QUALITY_SCORES:Quality scores are missing on all sequences.
ONCALLER_COMMENT_PRESENT:1 comment descriptors were found (all same)
MISSING_GENOMEASSEMBLY_COMMENTS:1 bioseqs are missing GenomeAssembly structured comments
MOLTYPE_NOT_MRNA:1 molecule types are not set as mRNA.
TECHNIQUE_NOT_TSA:1 technique are not set as TSA
MISSING_STRUCTURED_COMMENT:1 sequences do not include structured comments.
MISSING_PROJECT:68 sequences do not include project.
DISC_INCONSISTENT_MOLINFO_TECH:Molinfo Technique Report (some missing, all same)


Detailed Report

FATAL: DiscRep_ALL:MISSING_PROTEIN_ID::67 proteins have invalid IDs.
prokka_LN890526/PROKKA_01042017:ENA_LN890526_LN890526.1_1 (length 87)
prokka_LN890526/PROKKA_01042017:ENA_LN890526_LN890526.1_2 (length 207)
prokka_LN890526/PROKKA_01042017:ENA_LN890526_LN890526.1_3 (length 457)
prokka_LN890526/PROKKA_01042017:ENA_LN890526_LN890526.1_4 (length 239)
prokka_LN890526/PROKKA_01042017:ENA_LN890526_LN890526.1_5 (length 196)
prokka_LN890526/PROKKA_01042017:ENA_LN890526_LN890526.1_6 (length 181)
prokka_LN890526/PROKKA_01042017:ENA_LN890526_LN890526.1_7 (length 619)
prokka_LN890526/PROKKA_01042017:ENA_LN890526_LN890526.1_8 (length 79)
prokka_LN890526/PROKKA_01042017:ENA_LN890526_LN890526.1_9 (length 520)
prokka_LN890526/PROKKA_01042017:ENA_LN890526_LN890526.1_10 (length 354)
prokka_LN890526/PROKKA_01042017:ENA_LN890526_LN890526.1_11 (length 128)
prokka_LN890526/PROKKA_01042017:ENA_LN890526_LN890526.1_12 (length 347)
prokka_LN890526/PROKKA_01042017:ENA_LN890526_LN890526.1_13 (length 151)
prokka_LN890526/PROKKA_01042017:ENA_LN890526_LN890526.1_14 (length 114)
prokka_LN890526/PROKKA_01042017:ENA_LN890526_LN890526.1_15 (length 161)
prokka_LN890526/PROKKA_01042017:ENA_LN890526_LN890526.1_16 (length 99)
prokka_LN890526/PROKKA_01042017:ENA_LN890526_LN890526.1_17 (length 489)
prokka_LN890526/PROKKA_01042017:ENA_LN890526_LN890526.1_18 (length 173)
prokka_LN890526/PROKKA_01042017:ENA_LN890526_LN890526.1_19 (length 93)
prokka_LN890526/PROKKA_01042017:ENA_LN890526_LN890526.1_20 (length 818)
prokka_LN890526/PROKKA_01042017:ENA_LN890526_LN890526.1_21 (length 333)
prokka_LN890526/PROKKA_01042017:ENA_LN890526_LN890526.1_22 (length 206)
prokka_LN890526/PROKKA_01042017:ENA_LN890526_LN890526.1_23 (length 155)
prokka_LN890526/PROKKA_01042017:ENA_LN890526_LN890526.1_24 (length 107)
prokka_LN890526/PROKKA_01042017:ENA_LN890526_LN890526.1_25 (length 374)
prokka_LN890526/PROKKA_01042017:ENA_LN890526_LN890526.1_26 (length 193)
prokka_LN890526/PROKKA_01042017:ENA_LN890526_LN890526.1_27 (length 399)
prokka_LN890526/PROKKA_01042017:ENA_LN890526_LN890526.1_28 (length 306)
prokka_LN890526/PROKKA_01042017:ENA_LN890526_LN890526.1_29 (length 195)
prokka_LN890526/PROKKA_01042017:ENA_LN890526_LN890526.1_30 (length 177)
prokka_LN890526/PROKKA_01042017:ENA_LN890526_LN890526.1_31 (length 379)
prokka_LN890526/PROKKA_01042017:ENA_LN890526_LN890526.1_32 (length 195)
prokka_LN890526/PROKKA_01042017:ENA_LN890526_LN890526.1_33 (length 277)
prokka_LN890526/PROKKA_01042017:ENA_LN890526_LN890526.1_34 (length 98)
prokka_LN890526/PROKKA_01042017:ENA_LN890526_LN890526.1_35 (length 116)
prokka_LN890526/PROKKA_01042017:ENA_LN890526_LN890526.1_36 (length 99)
prokka_LN890526/PROKKA_01042017:ENA_LN890526_LN890526.1_37 (length 126)
prokka_LN890526/PROKKA_01042017:ENA_LN890526_LN890526.1_38 (length 90)
prokka_LN890526/PROKKA_01042017:ENA_LN890526_LN890526.1_39 (length 165)
prokka_LN890526/PROKKA_01042017:ENA_LN890526_LN890526.1_40 (length 88)
prokka_LN890526/PROKKA_01042017:ENA_LN890526_LN890526.1_41 (length 82)
prokka_LN890526/PROKKA_01042017:ENA_LN890526_LN890526.1_42 (length 216)
prokka_LN890526/PROKKA_01042017:ENA_LN890526_LN890526.1_43 (length 126)
prokka_LN890526/PROKKA_01042017:ENA_LN890526_LN890526.1_44 (length 219)
prokka_LN890526/PROKKA_01042017:ENA_LN890526_LN890526.1_45 (length 164)
prokka_LN890526/PROKKA_01042017:ENA_LN890526_LN890526.1_46 (length 156)
prokka_LN890526/PROKKA_01042017:ENA_LN890526_LN890526.1_47 (length 78)
prokka_LN890526/PROKKA_01042017:ENA_LN890526_LN890526.1_48 (length 134)
prokka_LN890526/PROKKA_01042017:ENA_LN890526_LN890526.1_49 (length 110)
prokka_LN890526/PROKKA_01042017:ENA_LN890526_LN890526.1_50 (length 125)
prokka_LN890526/PROKKA_01042017:ENA_LN890526_LN890526.1_51 (length 147)
prokka_LN890526/PROKKA_01042017:ENA_LN890526_LN890526.1_52 (length 357)
prokka_LN890526/PROKKA_01042017:ENA_LN890526_LN890526.1_53 (length 93)
prokka_LN890526/PROKKA_01042017:ENA_LN890526_LN890526.1_54 (length 68)
prokka_LN890526/PROKKA_01042017:ENA_LN890526_LN890526.1_55 (length 133)
prokka_LN890526/PROKKA_01042017:ENA_LN890526_LN890526.1_56 (length 96)
prokka_LN890526/PROKKA_01042017:ENA_LN890526_LN890526.1_57 (length 81)
prokka_LN890526/PROKKA_01042017:ENA_LN890526_LN890526.1_58 (length 98)
prokka_LN890526/PROKKA_01042017:ENA_LN890526_LN890526.1_59 (length 87)
prokka_LN890526/PROKKA_01042017:ENA_LN890526_LN890526.1_60 (length 154)
prokka_LN890526/PROKKA_01042017:ENA_LN890526_LN890526.1_61 (length 71)
prokka_LN890526/PROKKA_01042017:ENA_LN890526_LN890526.1_62 (length 92)
prokka_LN890526/PROKKA_01042017:ENA_LN890526_LN890526.1_63 (length 179)
prokka_LN890526/PROKKA_01042017:ENA_LN890526_LN890526.1_64 (length 184)
prokka_LN890526/PROKKA_01042017:ENA_LN890526_LN890526.1_65 (length 189)
prokka_LN890526/PROKKA_01042017:ENA_LN890526_LN890526.1_66 (length 97)
prokka_LN890526/PROKKA_01042017:ENA_LN890526_LN890526.1_67 (length 64)

DiscRep_ALL:DISC_SOURCE_QUALS_ASNDISC::strain (all present, all unique)
DiscRep_SUB:DISC_SOURCE_QUALS_ASNDISC::1 sources have unique values for strain
DiscRep_ALL:DISC_SOURCE_QUALS_ASNDISC::taxname (all present, all unique)
DiscRep_SUB:DISC_SOURCE_QUALS_ASNDISC::1 sources have unique values for taxname
DiscRep_ALL:DISC_FEATURE_COUNT::CDS: 67 present
DiscRep_ALL:DISC_COUNT_NUCLEOTIDES::1 nucleotide Bioseqs are present
prokka_LN890526/PROKKA_01042017:ENA_LN890526_LN890526.1 (length 47244)

DiscRep_ALL:FEATURE_LOCATION_CONFLICT::67 features have inconsistent gene locations.
DiscRep_SUB:FEATURE_LOCATION_CONFLICT::Coding region xref gene does not exist
prokka_LN890526/PROKKA_01042017:CDS	hypothetical protein	ENA_LN890526_LN890526.1:382-645	LN890526_00001

DiscRep_SUB:FEATURE_LOCATION_CONFLICT::Coding region xref gene does not exist
prokka_LN890526/PROKKA_01042017:CDS	hypothetical protein	ENA_LN890526_LN890526.1:874-1497	LN890526_00002

DiscRep_SUB:FEATURE_LOCATION_CONFLICT::Coding region xref gene does not exist
prokka_LN890526/PROKKA_01042017:CDS	hypothetical protein	ENA_LN890526_LN890526.1:1497-2870	LN890526_00003

DiscRep_SUB:FEATURE_LOCATION_CONFLICT::Coding region xref gene does not exist
prokka_LN890526/PROKKA_01042017:CDS	hypothetical protein	ENA_LN890526_LN890526.1:2881-3600	LN890526_00004

DiscRep_SUB:FEATURE_LOCATION_CONFLICT::Coding region xref gene does not exist
prokka_LN890526/PROKKA_01042017:CDS	hypothetical protein	ENA_LN890526_LN890526.1:4122-4712	LN890526_00005

DiscRep_SUB:FEATURE_LOCATION_CONFLICT::Coding region xref gene does not exist
prokka_LN890526/PROKKA_01042017:CDS	hypothetical protein	ENA_LN890526_LN890526.1:4712-5257	LN890526_00006

DiscRep_SUB:FEATURE_LOCATION_CONFLICT::Coding region xref gene does not exist
prokka_LN890526/PROKKA_01042017:CDS	hypothetical protein	ENA_LN890526_LN890526.1:5263-7122	LN890526_00007

DiscRep_SUB:FEATURE_LOCATION_CONFLICT::Coding region xref gene does not exist
prokka_LN890526/PROKKA_01042017:CDS	hypothetical protein	ENA_LN890526_LN890526.1:7134-7373	LN890526_00008

DiscRep_SUB:FEATURE_LOCATION_CONFLICT::Coding region xref gene does not exist
prokka_LN890526/PROKKA_01042017:CDS	hypothetical protein	ENA_LN890526_LN890526.1:7370-8932	LN890526_00009

DiscRep_SUB:FEATURE_LOCATION_CONFLICT::Coding region xref gene does not exist
prokka_LN890526/PROKKA_01042017:CDS	ATP-dependent Clp protease proteolytic subunit	ENA_LN890526_LN890526.1:8925-9989	LN890526_00010

DiscRep_SUB:FEATURE_LOCATION_CONFLICT::Coding region xref gene does not exist
prokka_LN890526/PROKKA_01042017:CDS	hypothetical protein	ENA_LN890526_LN890526.1:10000-10386	LN890526_00011

DiscRep_SUB:FEATURE_LOCATION_CONFLICT::Coding region xref gene does not exist
prokka_LN890526/PROKKA_01042017:CDS	hypothetical protein	ENA_LN890526_LN890526.1:10402-11445	LN890526_00012

DiscRep_SUB:FEATURE_LOCATION_CONFLICT::Coding region xref gene does not exist
prokka_LN890526/PROKKA_01042017:CDS	hypothetical protein	ENA_LN890526_LN890526.1:11446-11901	LN890526_00013

DiscRep_SUB:FEATURE_LOCATION_CONFLICT::Coding region xref gene does not exist
prokka_LN890526/PROKKA_01042017:CDS	hypothetical protein	ENA_LN890526_LN890526.1:11908-12252	LN890526_00014

DiscRep_SUB:FEATURE_LOCATION_CONFLICT::Coding region xref gene does not exist
prokka_LN890526/PROKKA_01042017:CDS	hypothetical protein	ENA_LN890526_LN890526.1:12249-12734	LN890526_00015

DiscRep_SUB:FEATURE_LOCATION_CONFLICT::Coding region xref gene does not exist
prokka_LN890526/PROKKA_01042017:CDS	hypothetical protein	ENA_LN890526_LN890526.1:12734-13033	LN890526_00016

DiscRep_SUB:FEATURE_LOCATION_CONFLICT::Coding region xref gene does not exist
prokka_LN890526/PROKKA_01042017:CDS	Putative prophage major tail sheath protein	ENA_LN890526_LN890526.1:13033-14502	LN890526_00017

DiscRep_SUB:FEATURE_LOCATION_CONFLICT::Coding region xref gene does not exist
prokka_LN890526/PROKKA_01042017:CDS	hypothetical protein	ENA_LN890526_LN890526.1:14515-15036	LN890526_00018

DiscRep_SUB:FEATURE_LOCATION_CONFLICT::Coding region xref gene does not exist
prokka_LN890526/PROKKA_01042017:CDS	hypothetical protein	ENA_LN890526_LN890526.1:15046-15327	LN890526_00019

DiscRep_SUB:FEATURE_LOCATION_CONFLICT::Coding region xref gene does not exist
prokka_LN890526/PROKKA_01042017:CDS	Chromosome partition protein Smc	ENA_LN890526_LN890526.1:15482-17938	LN890526_00020

DiscRep_SUB:FEATURE_LOCATION_CONFLICT::Coding region xref gene does not exist
prokka_LN890526/PROKKA_01042017:CDS	hypothetical protein	ENA_LN890526_LN890526.1:18139-19140	LN890526_00021

DiscRep_SUB:FEATURE_LOCATION_CONFLICT::Coding region xref gene does not exist
prokka_LN890526/PROKKA_01042017:CDS	hypothetical protein	ENA_LN890526_LN890526.1:19141-19761	LN890526_00022

DiscRep_SUB:FEATURE_LOCATION_CONFLICT::Coding region xref gene does not exist
prokka_LN890526/PROKKA_01042017:CDS	hypothetical protein	ENA_LN890526_LN890526.1:19758-20225	LN890526_00023

DiscRep_SUB:FEATURE_LOCATION_CONFLICT::Coding region xref gene does not exist
prokka_LN890526/PROKKA_01042017:CDS	hypothetical protein	ENA_LN890526_LN890526.1:20222-20545	LN890526_00024

DiscRep_SUB:FEATURE_LOCATION_CONFLICT::Coding region xref gene does not exist
prokka_LN890526/PROKKA_01042017:CDS	hypothetical protein	ENA_LN890526_LN890526.1:20542-21666	LN890526_00025

DiscRep_SUB:FEATURE_LOCATION_CONFLICT::Coding region xref gene does not exist
prokka_LN890526/PROKKA_01042017:CDS	hypothetical protein	ENA_LN890526_LN890526.1:21659-22240	LN890526_00026

DiscRep_SUB:FEATURE_LOCATION_CONFLICT::Coding region xref gene does not exist
prokka_LN890526/PROKKA_01042017:CDS	hypothetical protein	ENA_LN890526_LN890526.1:22295-23494	LN890526_00027

DiscRep_SUB:FEATURE_LOCATION_CONFLICT::Coding region xref gene does not exist
prokka_LN890526/PROKKA_01042017:CDS	hypothetical protein	ENA_LN890526_LN890526.1:23526-24446	LN890526_00028

DiscRep_SUB:FEATURE_LOCATION_CONFLICT::Coding region xref gene does not exist
prokka_LN890526/PROKKA_01042017:CDS	hypothetical protein	ENA_LN890526_LN890526.1:24446-25033	LN890526_00029

DiscRep_SUB:FEATURE_LOCATION_CONFLICT::Coding region xref gene does not exist
prokka_LN890526/PROKKA_01042017:CDS	hypothetical protein	ENA_LN890526_LN890526.1:c25570-25037	LN890526_00030

DiscRep_SUB:FEATURE_LOCATION_CONFLICT::Coding region xref gene does not exist
prokka_LN890526/PROKKA_01042017:CDS	hypothetical protein	ENA_LN890526_LN890526.1:c26712-25573	LN890526_00031

DiscRep_SUB:FEATURE_LOCATION_CONFLICT::Coding region xref gene does not exist
prokka_LN890526/PROKKA_01042017:CDS	DNA-invertase hin	ENA_LN890526_LN890526.1:26741-27328	LN890526_00032

DiscRep_SUB:FEATURE_LOCATION_CONFLICT::Coding region xref gene does not exist
prokka_LN890526/PROKKA_01042017:CDS	hypothetical protein	ENA_LN890526_LN890526.1:27654-28487	LN890526_00033

DiscRep_SUB:FEATURE_LOCATION_CONFLICT::Coding region xref gene does not exist
prokka_LN890526/PROKKA_01042017:CDS	hypothetical protein	ENA_LN890526_LN890526.1:29137-29433	LN890526_00034

DiscRep_SUB:FEATURE_LOCATION_CONFLICT::Coding region xref gene does not exist
prokka_LN890526/PROKKA_01042017:CDS	Putative toxin HigB2	ENA_LN890526_LN890526.1:29674-30024	LN890526_00035

DiscRep_SUB:FEATURE_LOCATION_CONFLICT::Coding region xref gene does not exist
prokka_LN890526/PROKKA_01042017:CDS	Antitoxin HigA1	ENA_LN890526_LN890526.1:30021-30320	LN890526_00036

DiscRep_SUB:FEATURE_LOCATION_CONFLICT::Coding region xref gene does not exist
prokka_LN890526/PROKKA_01042017:CDS	hypothetical protein	ENA_LN890526_LN890526.1:30476-30856	LN890526_00037

DiscRep_SUB:FEATURE_LOCATION_CONFLICT::Coding region xref gene does not exist
prokka_LN890526/PROKKA_01042017:CDS	hypothetical protein	ENA_LN890526_LN890526.1:30928-31200	LN890526_00038

DiscRep_SUB:FEATURE_LOCATION_CONFLICT::Coding region xref gene does not exist
prokka_LN890526/PROKKA_01042017:CDS	hypothetical protein	ENA_LN890526_LN890526.1:c32297-31800	LN890526_00039

DiscRep_SUB:FEATURE_LOCATION_CONFLICT::Coding region xref gene does not exist
prokka_LN890526/PROKKA_01042017:CDS	hypothetical protein	ENA_LN890526_LN890526.1:c32792-32526	LN890526_00040

DiscRep_SUB:FEATURE_LOCATION_CONFLICT::Coding region xref gene does not exist
prokka_LN890526/PROKKA_01042017:CDS	hypothetical protein	ENA_LN890526_LN890526.1:c33267-33019	LN890526_00041

DiscRep_SUB:FEATURE_LOCATION_CONFLICT::Coding region xref gene does not exist
prokka_LN890526/PROKKA_01042017:CDS	Iron-sulfur cluster carrier protein	ENA_LN890526_LN890526.1:c33961-33311	LN890526_00042

DiscRep_SUB:FEATURE_LOCATION_CONFLICT::Coding region xref gene does not exist
prokka_LN890526/PROKKA_01042017:CDS	hypothetical protein	ENA_LN890526_LN890526.1:c34489-34109	LN890526_00043

DiscRep_SUB:FEATURE_LOCATION_CONFLICT::Coding region xref gene does not exist
prokka_LN890526/PROKKA_01042017:CDS	hypothetical protein	ENA_LN890526_LN890526.1:c35243-34584	LN890526_00044

DiscRep_SUB:FEATURE_LOCATION_CONFLICT::Coding region xref gene does not exist
prokka_LN890526/PROKKA_01042017:CDS	hypothetical protein	ENA_LN890526_LN890526.1:35418-35912	LN890526_00045

DiscRep_SUB:FEATURE_LOCATION_CONFLICT::Coding region xref gene does not exist
prokka_LN890526/PROKKA_01042017:CDS	hypothetical protein	ENA_LN890526_LN890526.1:35909-36379	LN890526_00046

DiscRep_SUB:FEATURE_LOCATION_CONFLICT::Coding region xref gene does not exist
prokka_LN890526/PROKKA_01042017:CDS	hypothetical protein	ENA_LN890526_LN890526.1:36376-36612	LN890526_00047

DiscRep_SUB:FEATURE_LOCATION_CONFLICT::Coding region xref gene does not exist
prokka_LN890526/PROKKA_01042017:CDS	hypothetical protein	ENA_LN890526_LN890526.1:36609-37013	LN890526_00048

DiscRep_SUB:FEATURE_LOCATION_CONFLICT::Coding region xref gene does not exist
prokka_LN890526/PROKKA_01042017:CDS	hypothetical protein	ENA_LN890526_LN890526.1:37010-37342	LN890526_00049

DiscRep_SUB:FEATURE_LOCATION_CONFLICT::Coding region xref gene does not exist
prokka_LN890526/PROKKA_01042017:CDS	hypothetical protein	ENA_LN890526_LN890526.1:37346-37723	LN890526_00050

DiscRep_SUB:FEATURE_LOCATION_CONFLICT::Coding region xref gene does not exist
prokka_LN890526/PROKKA_01042017:CDS	hypothetical protein	ENA_LN890526_LN890526.1:37720-38163	LN890526_00051

DiscRep_SUB:FEATURE_LOCATION_CONFLICT::Coding region xref gene does not exist
prokka_LN890526/PROKKA_01042017:CDS	hypothetical protein	ENA_LN890526_LN890526.1:38288-39361	LN890526_00052

DiscRep_SUB:FEATURE_LOCATION_CONFLICT::Coding region xref gene does not exist
prokka_LN890526/PROKKA_01042017:CDS	hypothetical protein	ENA_LN890526_LN890526.1:39434-39715	LN890526_00053

DiscRep_SUB:FEATURE_LOCATION_CONFLICT::Coding region xref gene does not exist
prokka_LN890526/PROKKA_01042017:CDS	hypothetical protein	ENA_LN890526_LN890526.1:39712-39918	LN890526_00054

DiscRep_SUB:FEATURE_LOCATION_CONFLICT::Coding region xref gene does not exist
prokka_LN890526/PROKKA_01042017:CDS	hypothetical protein	ENA_LN890526_LN890526.1:39915-40316	LN890526_00055

DiscRep_SUB:FEATURE_LOCATION_CONFLICT::Coding region xref gene does not exist
prokka_LN890526/PROKKA_01042017:CDS	hypothetical protein	ENA_LN890526_LN890526.1:40313-40603	LN890526_00056

DiscRep_SUB:FEATURE_LOCATION_CONFLICT::Coding region xref gene does not exist
prokka_LN890526/PROKKA_01042017:CDS	hypothetical protein	ENA_LN890526_LN890526.1:40600-40845	LN890526_00057

DiscRep_SUB:FEATURE_LOCATION_CONFLICT::Coding region xref gene does not exist
prokka_LN890526/PROKKA_01042017:CDS	hypothetical protein	ENA_LN890526_LN890526.1:40842-41138	LN890526_00058

DiscRep_SUB:FEATURE_LOCATION_CONFLICT::Coding region xref gene does not exist
prokka_LN890526/PROKKA_01042017:CDS	hypothetical protein	ENA_LN890526_LN890526.1:41144-41407	LN890526_00059

DiscRep_SUB:FEATURE_LOCATION_CONFLICT::Coding region xref gene does not exist
prokka_LN890526/PROKKA_01042017:CDS	hypothetical protein	ENA_LN890526_LN890526.1:41411-41875	LN890526_00060

DiscRep_SUB:FEATURE_LOCATION_CONFLICT::Coding region xref gene does not exist
prokka_LN890526/PROKKA_01042017:CDS	hypothetical protein	ENA_LN890526_LN890526.1:41872-42087	LN890526_00061

DiscRep_SUB:FEATURE_LOCATION_CONFLICT::Coding region xref gene does not exist
prokka_LN890526/PROKKA_01042017:CDS	hypothetical protein	ENA_LN890526_LN890526.1:42523-42801	LN890526_00062

DiscRep_SUB:FEATURE_LOCATION_CONFLICT::Coding region xref gene does not exist
prokka_LN890526/PROKKA_01042017:CDS	Lysozyme RrrD	ENA_LN890526_LN890526.1:42804-43343	LN890526_00063

DiscRep_SUB:FEATURE_LOCATION_CONFLICT::Coding region xref gene does not exist
prokka_LN890526/PROKKA_01042017:CDS	hypothetical protein	ENA_LN890526_LN890526.1:43333-43887	LN890526_00064

DiscRep_SUB:FEATURE_LOCATION_CONFLICT::Coding region xref gene does not exist
prokka_LN890526/PROKKA_01042017:CDS	hypothetical protein	ENA_LN890526_LN890526.1:45002-45571	LN890526_00065

DiscRep_SUB:FEATURE_LOCATION_CONFLICT::Coding region xref gene does not exist
prokka_LN890526/PROKKA_01042017:CDS	hypothetical protein	ENA_LN890526_LN890526.1:45685-45978	LN890526_00066

DiscRep_SUB:FEATURE_LOCATION_CONFLICT::Coding region xref gene does not exist
prokka_LN890526/PROKKA_01042017:CDS	hypothetical protein	ENA_LN890526_LN890526.1:45975-46169	LN890526_00067

DiscRep_ALL:DISC_QUALITY_SCORES::Quality scores are missing on all sequences.

DiscRep_ALL:ONCALLER_COMMENT_PRESENT::1 comment descriptors were found (all same)
prokka_LN890526/PROKKA_01042017:ENA_LN890526_LN890526.1:Annotated using prokka 1.12-beta from https://github.com/tseemann/prokka

DiscRep_ALL:MISSING_GENOMEASSEMBLY_COMMENTS::1 bioseqs are missing GenomeAssembly structured comments
prokka_LN890526/PROKKA_01042017:ENA_LN890526_LN890526.1 (length 47244)

DiscRep_ALL:MOLTYPE_NOT_MRNA::1 molecule types are not set as mRNA.
prokka_LN890526/PROKKA_01042017:ENA_LN890526_LN890526.1 (length 47244)

DiscRep_ALL:TECHNIQUE_NOT_TSA::1 technique are not set as TSA
prokka_LN890526/PROKKA_01042017:ENA_LN890526_LN890526.1 (length 47244)

DiscRep_ALL:MISSING_STRUCTURED_COMMENT::1 sequences do not include structured comments.
prokka_LN890526/PROKKA_01042017:ENA_LN890526_LN890526.1 (length 47244)

DiscRep_ALL:MISSING_PROJECT::68 sequences do not include project.
prokka_LN890526/PROKKA_01042017:ENA_LN890526_LN890526.1 (length 47244)
prokka_LN890526/PROKKA_01042017:ENA_LN890526_LN890526.1_1 (length 87)
prokka_LN890526/PROKKA_01042017:ENA_LN890526_LN890526.1_2 (length 207)
prokka_LN890526/PROKKA_01042017:ENA_LN890526_LN890526.1_3 (length 457)
prokka_LN890526/PROKKA_01042017:ENA_LN890526_LN890526.1_4 (length 239)
prokka_LN890526/PROKKA_01042017:ENA_LN890526_LN890526.1_5 (length 196)
prokka_LN890526/PROKKA_01042017:ENA_LN890526_LN890526.1_6 (length 181)
prokka_LN890526/PROKKA_01042017:ENA_LN890526_LN890526.1_7 (length 619)
prokka_LN890526/PROKKA_01042017:ENA_LN890526_LN890526.1_8 (length 79)
prokka_LN890526/PROKKA_01042017:ENA_LN890526_LN890526.1_9 (length 520)
prokka_LN890526/PROKKA_01042017:ENA_LN890526_LN890526.1_10 (length 354)
prokka_LN890526/PROKKA_01042017:ENA_LN890526_LN890526.1_11 (length 128)
prokka_LN890526/PROKKA_01042017:ENA_LN890526_LN890526.1_12 (length 347)
prokka_LN890526/PROKKA_01042017:ENA_LN890526_LN890526.1_13 (length 151)
prokka_LN890526/PROKKA_01042017:ENA_LN890526_LN890526.1_14 (length 114)
prokka_LN890526/PROKKA_01042017:ENA_LN890526_LN890526.1_15 (length 161)
prokka_LN890526/PROKKA_01042017:ENA_LN890526_LN890526.1_16 (length 99)
prokka_LN890526/PROKKA_01042017:ENA_LN890526_LN890526.1_17 (length 489)
prokka_LN890526/PROKKA_01042017:ENA_LN890526_LN890526.1_18 (length 173)
prokka_LN890526/PROKKA_01042017:ENA_LN890526_LN890526.1_19 (length 93)
prokka_LN890526/PROKKA_01042017:ENA_LN890526_LN890526.1_20 (length 818)
prokka_LN890526/PROKKA_01042017:ENA_LN890526_LN890526.1_21 (length 333)
prokka_LN890526/PROKKA_01042017:ENA_LN890526_LN890526.1_22 (length 206)
prokka_LN890526/PROKKA_01042017:ENA_LN890526_LN890526.1_23 (length 155)
prokka_LN890526/PROKKA_01042017:ENA_LN890526_LN890526.1_24 (length 107)
prokka_LN890526/PROKKA_01042017:ENA_LN890526_LN890526.1_25 (length 374)
prokka_LN890526/PROKKA_01042017:ENA_LN890526_LN890526.1_26 (length 193)
prokka_LN890526/PROKKA_01042017:ENA_LN890526_LN890526.1_27 (length 399)
prokka_LN890526/PROKKA_01042017:ENA_LN890526_LN890526.1_28 (length 306)
prokka_LN890526/PROKKA_01042017:ENA_LN890526_LN890526.1_29 (length 195)
prokka_LN890526/PROKKA_01042017:ENA_LN890526_LN890526.1_30 (length 177)
prokka_LN890526/PROKKA_01042017:ENA_LN890526_LN890526.1_31 (length 379)
prokka_LN890526/PROKKA_01042017:ENA_LN890526_LN890526.1_32 (length 195)
prokka_LN890526/PROKKA_01042017:ENA_LN890526_LN890526.1_33 (length 277)
prokka_LN890526/PROKKA_01042017:ENA_LN890526_LN890526.1_34 (length 98)
prokka_LN890526/PROKKA_01042017:ENA_LN890526_LN890526.1_35 (length 116)
prokka_LN890526/PROKKA_01042017:ENA_LN890526_LN890526.1_36 (length 99)
prokka_LN890526/PROKKA_01042017:ENA_LN890526_LN890526.1_37 (length 126)
prokka_LN890526/PROKKA_01042017:ENA_LN890526_LN890526.1_38 (length 90)
prokka_LN890526/PROKKA_01042017:ENA_LN890526_LN890526.1_39 (length 165)
prokka_LN890526/PROKKA_01042017:ENA_LN890526_LN890526.1_40 (length 88)
prokka_LN890526/PROKKA_01042017:ENA_LN890526_LN890526.1_41 (length 82)
prokka_LN890526/PROKKA_01042017:ENA_LN890526_LN890526.1_42 (length 216)
prokka_LN890526/PROKKA_01042017:ENA_LN890526_LN890526.1_43 (length 126)
prokka_LN890526/PROKKA_01042017:ENA_LN890526_LN890526.1_44 (length 219)
prokka_LN890526/PROKKA_01042017:ENA_LN890526_LN890526.1_45 (length 164)
prokka_LN890526/PROKKA_01042017:ENA_LN890526_LN890526.1_46 (length 156)
prokka_LN890526/PROKKA_01042017:ENA_LN890526_LN890526.1_47 (length 78)
prokka_LN890526/PROKKA_01042017:ENA_LN890526_LN890526.1_48 (length 134)
prokka_LN890526/PROKKA_01042017:ENA_LN890526_LN890526.1_49 (length 110)
prokka_LN890526/PROKKA_01042017:ENA_LN890526_LN890526.1_50 (length 125)
prokka_LN890526/PROKKA_01042017:ENA_LN890526_LN890526.1_51 (length 147)
prokka_LN890526/PROKKA_01042017:ENA_LN890526_LN890526.1_52 (length 357)
prokka_LN890526/PROKKA_01042017:ENA_LN890526_LN890526.1_53 (length 93)
prokka_LN890526/PROKKA_01042017:ENA_LN890526_LN890526.1_54 (length 68)
prokka_LN890526/PROKKA_01042017:ENA_LN890526_LN890526.1_55 (length 133)
prokka_LN890526/PROKKA_01042017:ENA_LN890526_LN890526.1_56 (length 96)
prokka_LN890526/PROKKA_01042017:ENA_LN890526_LN890526.1_57 (length 81)
prokka_LN890526/PROKKA_01042017:ENA_LN890526_LN890526.1_58 (length 98)
prokka_LN890526/PROKKA_01042017:ENA_LN890526_LN890526.1_59 (length 87)
prokka_LN890526/PROKKA_01042017:ENA_LN890526_LN890526.1_60 (length 154)
prokka_LN890526/PROKKA_01042017:ENA_LN890526_LN890526.1_61 (length 71)
prokka_LN890526/PROKKA_01042017:ENA_LN890526_LN890526.1_62 (length 92)
prokka_LN890526/PROKKA_01042017:ENA_LN890526_LN890526.1_63 (length 179)
prokka_LN890526/PROKKA_01042017:ENA_LN890526_LN890526.1_64 (length 184)
prokka_LN890526/PROKKA_01042017:ENA_LN890526_LN890526.1_65 (length 189)
prokka_LN890526/PROKKA_01042017:ENA_LN890526_LN890526.1_66 (length 97)
prokka_LN890526/PROKKA_01042017:ENA_LN890526_LN890526.1_67 (length 64)

DiscRep_ALL:DISC_INCONSISTENT_MOLINFO_TECH::Molinfo Technique Report (some missing, all same)
DiscRep_SUB:DISC_INCONSISTENT_MOLINFO_TECH::technique (all missing)
DiscRep_SUB:DISC_INCONSISTENT_MOLINFO_TECH::1 Molinfos are missing field technique
prokka_LN890526/PROKKA_01042017:ENA_LN890526_LN890526.1 (length 47244)

