[11:02:07] This is prokka 1.12-beta
[11:02:07] Written by Torsten Seemann <torsten.seemann@gmail.com>
[11:02:07] Homepage is https://github.com/tseemann/prokka
[11:02:07] Local time is Wed Jan  4 11:02:07 2017
[11:02:07] You are manager
[11:02:07] Operating system is linux
[11:02:07] You have BioPerl 1.006923
[11:02:07] System has 1 cores.
[11:02:07] Option --cpu asked for 8 cores, but system only has 1
[11:02:07] Will use maximum of 1 cores.
[11:02:07] Annotating as >>> Bacteria <<<
[11:02:07] Creating new output folder: prokka_LN890523
[11:02:07] Running: mkdir -p prokka_LN890523
[11:02:07] Using filename prefix: PROKKA_01042017.XXX
[11:02:07] Setting HMMER_NCPU=1
[11:02:07] Writing log to: prokka_LN890523/PROKKA_01042017.log
[11:02:07] Command: /usr/local/bin/prokka --kingdom Bacteria --genus Salmonella --locustag LN890523 --outdir prokka_LN890523 LN890523.fna
[11:02:07] Appending to PATH: /opt/prokka/bin/../binaries/linux
[11:02:07] Appending to PATH: /opt/prokka/bin/../binaries/linux/../common
[11:02:07] Appending to PATH: /opt/prokka/bin
[11:02:07] Looking for 'aragorn' - found /usr/bin/aragorn
[11:02:07] Determined aragorn version is 1.2
[11:02:07] Looking for 'barrnap' - found /usr/local/bin/barrnap
[11:02:07] Determined barrnap version is 0.7
[11:02:07] Looking for 'blastp' - found /usr/bin/blastp
[11:02:07] Determined blastp version is 2.2
[11:02:07] Looking for 'cmpress' - found /usr/bin/cmpress
[11:02:07] Determined cmpress version is 1.1
[11:02:07] Looking for 'cmscan' - found /usr/bin/cmscan
[11:02:07] Determined cmscan version is 1.1
[11:02:07] Looking for 'egrep' - found /bin/egrep
[11:02:07] Looking for 'find' - found /usr/bin/find
[11:02:07] Looking for 'grep' - found /bin/grep
[11:02:07] Looking for 'hmmpress' - found /usr/bin/hmmpress
[11:02:07] Determined hmmpress version is 3.1
[11:02:07] Looking for 'hmmscan' - found /usr/bin/hmmscan
[11:02:07] Determined hmmscan version is 3.1
[11:02:07] Looking for 'less' - found /usr/bin/less
[11:02:07] Looking for 'makeblastdb' - found /usr/bin/makeblastdb
[11:02:07] Determined makeblastdb version is 2.2
[11:02:07] Looking for 'minced' - found /opt/prokka/bin/../binaries/linux/../common/minced
[11:02:07] Determined minced version is 2.0
[11:02:07] Looking for 'parallel' - found /usr/bin/parallel
[11:02:07] Determined parallel version is 20150422
[11:02:07] Looking for 'prodigal' - found /usr/bin/prodigal
[11:02:07] Determined prodigal version is 2.6
[11:02:07] Looking for 'prokka-genbank_to_fasta_db' - found /opt/prokka/bin/prokka-genbank_to_fasta_db
[11:02:07] Looking for 'sed' - found /bin/sed
[11:02:07] Looking for 'tbl2asn' - found /usr/bin/tbl2asn
[11:02:07] Determined tbl2asn version is 25.3
[11:02:07] Using genetic code table 11.
[11:02:07] Loading and checking input file: LN890523.fna
[11:02:07] Changing illegal '|' to '_' in sequence name: ENA|LN890523|LN890523.1
[11:02:07] Wrote 1 contigs totalling 82119 bp.
[11:02:07] Predicting tRNAs and tmRNAs
[11:02:07] Running: aragorn -l -gc11  -w prokka_LN890523\/PROKKA_01042017\.fna
[11:02:07] Found 0 tRNAs
[11:02:07] Predicting Ribosomal RNAs
[11:02:07] Running Barrnap with 1 threads
[11:02:08] Found 0 rRNAs
[11:02:08] Skipping ncRNA search, enable with --rfam if desired.
[11:02:08] Total of 0 tRNA + rRNA features
[11:02:08] Searching for CRISPR repeats
[11:02:08] Found 0 CRISPRs
[11:02:08] Predicting coding sequences
[11:02:08] Contigs total 82119 bp, so using meta mode
[11:02:08] Running: prodigal -i prokka_LN890523\/PROKKA_01042017\.fna -c -m -g 11 -p meta -f sco -q
[11:02:09] Found 75 CDS
[11:02:09] Connecting features back to sequences
[11:02:09] Not using genus-specific database. Try --usegenus to enable it.
[11:02:09] Annotating CDS, please be patient.
[11:02:09] Will use 1 CPUs for similarity searching.
[11:02:09] There are still 75 unannotated CDS left (started with 75)
[11:02:09] Will use blast to search against /opt/prokka/bin/../db/kingdom/Bacteria/sprot with 1 CPUs
[11:02:09] Running: cat prokka_LN890523\/sprot\.faa | parallel --gnu --plain -j 1 --block 11320 --recstart '>' --pipe blastp -query - -db /opt/prokka/bin/../db/kingdom/Bacteria/sprot -evalue 1e-06 -num_threads 1 -num_descriptions 1 -num_alignments 1 -seg no > prokka_LN890523\/sprot\.blast 2> /dev/null
[11:02:15] Deleting unwanted file: prokka_LN890523/sprot.faa
[11:02:15] Deleting unwanted file: prokka_LN890523/sprot.blast
[11:02:15] There are still 52 unannotated CDS left (started with 75)
[11:02:15] Will use hmmer3 to search against /opt/prokka/bin/../db/hmm/HAMAP.hmm with 1 CPUs
[11:02:15] Running: cat prokka_LN890523\/HAMAP\.hmm\.faa | parallel --gnu --plain -j 1 --block 4410 --recstart '>' --pipe hmmscan --noali --notextw --acc -E 1e-06 --cpu 1 /opt/prokka/bin/../db/hmm/HAMAP.hmm /dev/stdin > prokka_LN890523\/HAMAP\.hmm\.hmmer3 2> /dev/null
[11:02:18] Deleting unwanted file: prokka_LN890523/HAMAP.hmm.faa
[11:02:18] Deleting unwanted file: prokka_LN890523/HAMAP.hmm.hmmer3
[11:02:18] Labelling remaining 50 proteins as 'hypothetical protein'
[11:02:18] Found 25 unique /gene codes.
[11:02:18] Fixed 0 colliding /gene names.
[11:02:18] Adding /locus_tag identifiers
[11:02:18] Assigned 75 locus_tags to CDS and RNA features.
[11:02:18] Writing outputs to prokka_LN890523/
[11:02:18] Generating annotation statistics file
[11:02:18] Generating Genbank and Sequin files
[11:02:18] Running: tbl2asn -V b -a r10k -l paired-ends -M n -N 1 -y 'Annotated using prokka 1.12-beta from https://github.com/tseemann/prokka' -Z prokka_LN890523\/PROKKA_01042017\.err -i prokka_LN890523\/PROKKA_01042017\.fsa 2> /dev/null
[11:02:18] Deleting unwanted file: prokka_LN890523/errorsummary.val
[11:02:18] Deleting unwanted file: prokka_LN890523/PROKKA_01042017.dr
[11:02:18] Deleting unwanted file: prokka_LN890523/PROKKA_01042017.fixedproducts
[11:02:18] Deleting unwanted file: prokka_LN890523/PROKKA_01042017.ecn
[11:02:18] Deleting unwanted file: prokka_LN890523/PROKKA_01042017.val
[11:02:18] Repairing broken .GBK output that tbl2asn produces...
[11:02:18] Running: sed 's/COORDINATES: profile/COORDINATES:profile/' < prokka_LN890523\/PROKKA_01042017\.gbf > prokka_LN890523\/PROKKA_01042017\.gbk
[11:02:18] Deleting unwanted file: prokka_LN890523/PROKKA_01042017.gbf
[11:02:18] Output files:
[11:02:18] prokka_LN890523/PROKKA_01042017.gbk
[11:02:18] prokka_LN890523/PROKKA_01042017.txt
[11:02:18] prokka_LN890523/PROKKA_01042017.faa
[11:02:18] prokka_LN890523/PROKKA_01042017.fsa
[11:02:18] prokka_LN890523/PROKKA_01042017.gff
[11:02:18] prokka_LN890523/PROKKA_01042017.tbl
[11:02:18] prokka_LN890523/PROKKA_01042017.err
[11:02:18] prokka_LN890523/PROKKA_01042017.sqn
[11:02:18] prokka_LN890523/PROKKA_01042017.fna
[11:02:18] prokka_LN890523/PROKKA_01042017.ffn
[11:02:18] prokka_LN890523/PROKKA_01042017.log
[11:02:18] Annotation finished successfully.
[11:02:18] Walltime used: 0.18 minutes
[11:02:18] If you use this result please cite the Prokka paper:
[11:02:18] Seemann T (2014) Prokka: rapid prokaryotic genome annotation. Bioinformatics. 30(14):2068-9.
[11:02:18] Type 'prokka --citation' for more details.
[11:02:18] Share and enjoy!
