Discrepancy Report Results

Summary
FATAL: MISSING_PROTEIN_ID:75 proteins have invalid IDs.
DISC_SOURCE_QUALS_ASNDISC:strain (all present, all unique)
DISC_SOURCE_QUALS_ASNDISC:taxname (all present, all unique)
DISC_FEATURE_COUNT:CDS: 75 present
DISC_COUNT_NUCLEOTIDES:1 nucleotide Bioseqs are present
FEATURE_LOCATION_CONFLICT:75 features have inconsistent gene locations.
DISC_QUALITY_SCORES:Quality scores are missing on all sequences.
ONCALLER_COMMENT_PRESENT:1 comment descriptors were found (all same)
SHORT_PROT_SEQUENCES:5 protein sequences are shorter than 50 aa.
MISSING_GENOMEASSEMBLY_COMMENTS:1 bioseqs are missing GenomeAssembly structured comments
MOLTYPE_NOT_MRNA:1 molecule types are not set as mRNA.
TECHNIQUE_NOT_TSA:1 technique are not set as TSA
MISSING_STRUCTURED_COMMENT:1 sequences do not include structured comments.
MISSING_PROJECT:76 sequences do not include project.
DISC_INCONSISTENT_MOLINFO_TECH:Molinfo Technique Report (some missing, all same)


Detailed Report

FATAL: DiscRep_ALL:MISSING_PROTEIN_ID::75 proteins have invalid IDs.
prokka_LN890523/PROKKA_01042017:ENA_LN890523_LN890523.1_1 (length 4382)
prokka_LN890523/PROKKA_01042017:ENA_LN890523_LN890523.1_2 (length 419)
prokka_LN890523/PROKKA_01042017:ENA_LN890523_LN890523.1_3 (length 88)
prokka_LN890523/PROKKA_01042017:ENA_LN890523_LN890523.1_4 (length 229)
prokka_LN890523/PROKKA_01042017:ENA_LN890523_LN890523.1_5 (length 252)
prokka_LN890523/PROKKA_01042017:ENA_LN890523_LN890523.1_6 (length 94)
prokka_LN890523/PROKKA_01042017:ENA_LN890523_LN890523.1_7 (length 269)
prokka_LN890523/PROKKA_01042017:ENA_LN890523_LN890523.1_8 (length 149)
prokka_LN890523/PROKKA_01042017:ENA_LN890523_LN890523.1_9 (length 160)
prokka_LN890523/PROKKA_01042017:ENA_LN890523_LN890523.1_10 (length 94)
prokka_LN890523/PROKKA_01042017:ENA_LN890523_LN890523.1_11 (length 86)
prokka_LN890523/PROKKA_01042017:ENA_LN890523_LN890523.1_12 (length 320)
prokka_LN890523/PROKKA_01042017:ENA_LN890523_LN890523.1_13 (length 92)
prokka_LN890523/PROKKA_01042017:ENA_LN890523_LN890523.1_14 (length 46)
prokka_LN890523/PROKKA_01042017:ENA_LN890523_LN890523.1_15 (length 87)
prokka_LN890523/PROKKA_01042017:ENA_LN890523_LN890523.1_16 (length 349)
prokka_LN890523/PROKKA_01042017:ENA_LN890523_LN890523.1_17 (length 364)
prokka_LN890523/PROKKA_01042017:ENA_LN890523_LN890523.1_18 (length 156)
prokka_LN890523/PROKKA_01042017:ENA_LN890523_LN890523.1_19 (length 56)
prokka_LN890523/PROKKA_01042017:ENA_LN890523_LN890523.1_20 (length 50)
prokka_LN890523/PROKKA_01042017:ENA_LN890523_LN890523.1_21 (length 322)
prokka_LN890523/PROKKA_01042017:ENA_LN890523_LN890523.1_22 (length 55)
prokka_LN890523/PROKKA_01042017:ENA_LN890523_LN890523.1_23 (length 71)
prokka_LN890523/PROKKA_01042017:ENA_LN890523_LN890523.1_24 (length 83)
prokka_LN890523/PROKKA_01042017:ENA_LN890523_LN890523.1_25 (length 75)
prokka_LN890523/PROKKA_01042017:ENA_LN890523_LN890523.1_26 (length 101)
prokka_LN890523/PROKKA_01042017:ENA_LN890523_LN890523.1_27 (length 241)
prokka_LN890523/PROKKA_01042017:ENA_LN890523_LN890523.1_28 (length 112)
prokka_LN890523/PROKKA_01042017:ENA_LN890523_LN890523.1_29 (length 289)
prokka_LN890523/PROKKA_01042017:ENA_LN890523_LN890523.1_30 (length 81)
prokka_LN890523/PROKKA_01042017:ENA_LN890523_LN890523.1_31 (length 71)
prokka_LN890523/PROKKA_01042017:ENA_LN890523_LN890523.1_32 (length 105)
prokka_LN890523/PROKKA_01042017:ENA_LN890523_LN890523.1_33 (length 243)
prokka_LN890523/PROKKA_01042017:ENA_LN890523_LN890523.1_34 (length 188)
prokka_LN890523/PROKKA_01042017:ENA_LN890523_LN890523.1_35 (length 1767)
prokka_LN890523/PROKKA_01042017:ENA_LN890523_LN890523.1_36 (length 744)
prokka_LN890523/PROKKA_01042017:ENA_LN890523_LN890523.1_37 (length 245)
prokka_LN890523/PROKKA_01042017:ENA_LN890523_LN890523.1_38 (length 400)
prokka_LN890523/PROKKA_01042017:ENA_LN890523_LN890523.1_39 (length 152)
prokka_LN890523/PROKKA_01042017:ENA_LN890523_LN890523.1_40 (length 187)
prokka_LN890523/PROKKA_01042017:ENA_LN890523_LN890523.1_41 (length 277)
prokka_LN890523/PROKKA_01042017:ENA_LN890523_LN890523.1_42 (length 48)
prokka_LN890523/PROKKA_01042017:ENA_LN890523_LN890523.1_43 (length 115)
prokka_LN890523/PROKKA_01042017:ENA_LN890523_LN890523.1_44 (length 134)
prokka_LN890523/PROKKA_01042017:ENA_LN890523_LN890523.1_45 (length 382)
prokka_LN890523/PROKKA_01042017:ENA_LN890523_LN890523.1_46 (length 117)
prokka_LN890523/PROKKA_01042017:ENA_LN890523_LN890523.1_47 (length 242)
prokka_LN890523/PROKKA_01042017:ENA_LN890523_LN890523.1_48 (length 143)
prokka_LN890523/PROKKA_01042017:ENA_LN890523_LN890523.1_49 (length 677)
prokka_LN890523/PROKKA_01042017:ENA_LN890523_LN890523.1_50 (length 80)
prokka_LN890523/PROKKA_01042017:ENA_LN890523_LN890523.1_51 (length 184)
prokka_LN890523/PROKKA_01042017:ENA_LN890523_LN890523.1_52 (length 105)
prokka_LN890523/PROKKA_01042017:ENA_LN890523_LN890523.1_53 (length 53)
prokka_LN890523/PROKKA_01042017:ENA_LN890523_LN890523.1_54 (length 63)
prokka_LN890523/PROKKA_01042017:ENA_LN890523_LN890523.1_55 (length 168)
prokka_LN890523/PROKKA_01042017:ENA_LN890523_LN890523.1_56 (length 259)
prokka_LN890523/PROKKA_01042017:ENA_LN890523_LN890523.1_57 (length 139)
prokka_LN890523/PROKKA_01042017:ENA_LN890523_LN890523.1_58 (length 73)
prokka_LN890523/PROKKA_01042017:ENA_LN890523_LN890523.1_59 (length 145)
prokka_LN890523/PROKKA_01042017:ENA_LN890523_LN890523.1_60 (length 47)
prokka_LN890523/PROKKA_01042017:ENA_LN890523_LN890523.1_61 (length 174)
prokka_LN890523/PROKKA_01042017:ENA_LN890523_LN890523.1_62 (length 43)
prokka_LN890523/PROKKA_01042017:ENA_LN890523_LN890523.1_63 (length 96)
prokka_LN890523/PROKKA_01042017:ENA_LN890523_LN890523.1_64 (length 424)
prokka_LN890523/PROKKA_01042017:ENA_LN890523_LN890523.1_65 (length 324)
prokka_LN890523/PROKKA_01042017:ENA_LN890523_LN890523.1_66 (length 401)
prokka_LN890523/PROKKA_01042017:ENA_LN890523_LN890523.1_67 (length 46)
prokka_LN890523/PROKKA_01042017:ENA_LN890523_LN890523.1_68 (length 313)
prokka_LN890523/PROKKA_01042017:ENA_LN890523_LN890523.1_69 (length 260)
prokka_LN890523/PROKKA_01042017:ENA_LN890523_LN890523.1_70 (length 101)
prokka_LN890523/PROKKA_01042017:ENA_LN890523_LN890523.1_71 (length 72)
prokka_LN890523/PROKKA_01042017:ENA_LN890523_LN890523.1_72 (length 235)
prokka_LN890523/PROKKA_01042017:ENA_LN890523_LN890523.1_73 (length 131)
prokka_LN890523/PROKKA_01042017:ENA_LN890523_LN890523.1_74 (length 137)
prokka_LN890523/PROKKA_01042017:ENA_LN890523_LN890523.1_75 (length 2793)

DiscRep_ALL:DISC_SOURCE_QUALS_ASNDISC::strain (all present, all unique)
DiscRep_SUB:DISC_SOURCE_QUALS_ASNDISC::1 sources have unique values for strain
DiscRep_ALL:DISC_SOURCE_QUALS_ASNDISC::taxname (all present, all unique)
DiscRep_SUB:DISC_SOURCE_QUALS_ASNDISC::1 sources have unique values for taxname
DiscRep_ALL:DISC_FEATURE_COUNT::CDS: 75 present
DiscRep_ALL:DISC_COUNT_NUCLEOTIDES::1 nucleotide Bioseqs are present
prokka_LN890523/PROKKA_01042017:ENA_LN890523_LN890523.1 (length 82119)

DiscRep_ALL:FEATURE_LOCATION_CONFLICT::75 features have inconsistent gene locations.
DiscRep_SUB:FEATURE_LOCATION_CONFLICT::Coding region xref gene does not exist
prokka_LN890523/PROKKA_01042017:CDS	Linear gramicidin synthase subunit B	ENA_LN890523_LN890523.1:156-13304	LN890523_00001

DiscRep_SUB:FEATURE_LOCATION_CONFLICT::Coding region xref gene does not exist
prokka_LN890523/PROKKA_01042017:CDS	Tetracycline resistance protein, class C	ENA_LN890523_LN890523.1:13558-14817	LN890523_00002

DiscRep_SUB:FEATURE_LOCATION_CONFLICT::Coding region xref gene does not exist
prokka_LN890523/PROKKA_01042017:CDS	hypothetical protein	ENA_LN890523_LN890523.1:15188-15454	LN890523_00003

DiscRep_SUB:FEATURE_LOCATION_CONFLICT::Coding region xref gene does not exist
prokka_LN890523/PROKKA_01042017:CDS	hypothetical protein	ENA_LN890523_LN890523.1:15610-16299	LN890523_00004

DiscRep_SUB:FEATURE_LOCATION_CONFLICT::Coding region xref gene does not exist
prokka_LN890523/PROKKA_01042017:CDS	Enterobactin synthase component D	ENA_LN890523_LN890523.1:c17069-16311	LN890523_00005

DiscRep_SUB:FEATURE_LOCATION_CONFLICT::Coding region xref gene does not exist
prokka_LN890523/PROKKA_01042017:CDS	hypothetical protein	ENA_LN890523_LN890523.1:17227-17511	LN890523_00006

DiscRep_SUB:FEATURE_LOCATION_CONFLICT::Coding region xref gene does not exist
prokka_LN890523/PROKKA_01042017:CDS	hypothetical protein	ENA_LN890523_LN890523.1:17553-18362	LN890523_00007

DiscRep_SUB:FEATURE_LOCATION_CONFLICT::Coding region xref gene does not exist
prokka_LN890523/PROKKA_01042017:CDS	hypothetical protein	ENA_LN890523_LN890523.1:c18885-18436	LN890523_00008

DiscRep_SUB:FEATURE_LOCATION_CONFLICT::Coding region xref gene does not exist
prokka_LN890523/PROKKA_01042017:CDS	hypothetical protein	ENA_LN890523_LN890523.1:c19751-19269	LN890523_00009

DiscRep_SUB:FEATURE_LOCATION_CONFLICT::Coding region xref gene does not exist
prokka_LN890523/PROKKA_01042017:CDS	hypothetical protein	ENA_LN890523_LN890523.1:c20026-19742	LN890523_00010

DiscRep_SUB:FEATURE_LOCATION_CONFLICT::Coding region xref gene does not exist
prokka_LN890523/PROKKA_01042017:CDS	hypothetical protein	ENA_LN890523_LN890523.1:20338-20598	LN890523_00011

DiscRep_SUB:FEATURE_LOCATION_CONFLICT::Coding region xref gene does not exist
prokka_LN890523/PROKKA_01042017:CDS	hypothetical protein	ENA_LN890523_LN890523.1:20595-21557	LN890523_00012

DiscRep_SUB:FEATURE_LOCATION_CONFLICT::Coding region xref gene does not exist
prokka_LN890523/PROKKA_01042017:CDS	Colicin-E3	ENA_LN890523_LN890523.1:c21820-21542	LN890523_00013

DiscRep_SUB:FEATURE_LOCATION_CONFLICT::Coding region xref gene does not exist
prokka_LN890523/PROKKA_01042017:CDS	hypothetical protein	ENA_LN890523_LN890523.1:22093-22233	LN890523_00014

DiscRep_SUB:FEATURE_LOCATION_CONFLICT::Coding region xref gene does not exist
prokka_LN890523/PROKKA_01042017:CDS	hypothetical protein	ENA_LN890523_LN890523.1:22367-22630	LN890523_00015

DiscRep_SUB:FEATURE_LOCATION_CONFLICT::Coding region xref gene does not exist
prokka_LN890523/PROKKA_01042017:CDS	hypothetical protein	ENA_LN890523_LN890523.1:c23803-22754	LN890523_00016

DiscRep_SUB:FEATURE_LOCATION_CONFLICT::Coding region xref gene does not exist
prokka_LN890523/PROKKA_01042017:CDS	Ribosomal-protein-serine acetyltransferase	ENA_LN890523_LN890523.1:c25094-24000	LN890523_00017

DiscRep_SUB:FEATURE_LOCATION_CONFLICT::Coding region xref gene does not exist
prokka_LN890523/PROKKA_01042017:CDS	L-glutamyl-[BtrI acyl-carrier protein] decarboxylase	ENA_LN890523_LN890523.1:c25792-25322	LN890523_00018

DiscRep_SUB:FEATURE_LOCATION_CONFLICT::Coding region xref gene does not exist
prokka_LN890523/PROKKA_01042017:CDS	hypothetical protein	ENA_LN890523_LN890523.1:26480-26650	LN890523_00019

DiscRep_SUB:FEATURE_LOCATION_CONFLICT::Coding region xref gene does not exist
prokka_LN890523/PROKKA_01042017:CDS	hypothetical protein	ENA_LN890523_LN890523.1:c27607-27455	LN890523_00020

DiscRep_SUB:FEATURE_LOCATION_CONFLICT::Coding region xref gene does not exist
prokka_LN890523/PROKKA_01042017:CDS	Chromosome partition protein Smc	ENA_LN890523_LN890523.1:c28572-27604	LN890523_00021

DiscRep_SUB:FEATURE_LOCATION_CONFLICT::Coding region xref gene does not exist
prokka_LN890523/PROKKA_01042017:CDS	hypothetical protein	ENA_LN890523_LN890523.1:c29445-29278	LN890523_00022

DiscRep_SUB:FEATURE_LOCATION_CONFLICT::Coding region xref gene does not exist
prokka_LN890523/PROKKA_01042017:CDS	hypothetical protein	ENA_LN890523_LN890523.1:c29754-29539	LN890523_00023

DiscRep_SUB:FEATURE_LOCATION_CONFLICT::Coding region xref gene does not exist
prokka_LN890523/PROKKA_01042017:CDS	hypothetical protein	ENA_LN890523_LN890523.1:c29995-29744	LN890523_00024

DiscRep_SUB:FEATURE_LOCATION_CONFLICT::Coding region xref gene does not exist
prokka_LN890523/PROKKA_01042017:CDS	hypothetical protein	ENA_LN890523_LN890523.1:c30299-30072	LN890523_00025

DiscRep_SUB:FEATURE_LOCATION_CONFLICT::Coding region xref gene does not exist
prokka_LN890523/PROKKA_01042017:CDS	hypothetical protein	ENA_LN890523_LN890523.1:c30805-30500	LN890523_00026

DiscRep_SUB:FEATURE_LOCATION_CONFLICT::Coding region xref gene does not exist
prokka_LN890523/PROKKA_01042017:CDS	hypothetical protein	ENA_LN890523_LN890523.1:c31812-31087	LN890523_00027

DiscRep_SUB:FEATURE_LOCATION_CONFLICT::Coding region xref gene does not exist
prokka_LN890523/PROKKA_01042017:CDS	hypothetical protein	ENA_LN890523_LN890523.1:c32490-32152	LN890523_00028

DiscRep_SUB:FEATURE_LOCATION_CONFLICT::Coding region xref gene does not exist
prokka_LN890523/PROKKA_01042017:CDS	hypothetical protein	ENA_LN890523_LN890523.1:c33725-32856	LN890523_00029

DiscRep_SUB:FEATURE_LOCATION_CONFLICT::Coding region xref gene does not exist
prokka_LN890523/PROKKA_01042017:CDS	hypothetical protein	ENA_LN890523_LN890523.1:c34290-34045	LN890523_00030

DiscRep_SUB:FEATURE_LOCATION_CONFLICT::Coding region xref gene does not exist
prokka_LN890523/PROKKA_01042017:CDS	Phospholipase D	ENA_LN890523_LN890523.1:c34635-34420	LN890523_00031

DiscRep_SUB:FEATURE_LOCATION_CONFLICT::Coding region xref gene does not exist
prokka_LN890523/PROKKA_01042017:CDS	hypothetical protein	ENA_LN890523_LN890523.1:c34949-34632	LN890523_00032

DiscRep_SUB:FEATURE_LOCATION_CONFLICT::Coding region xref gene does not exist
prokka_LN890523/PROKKA_01042017:CDS	hypothetical protein	ENA_LN890523_LN890523.1:c35895-35164	LN890523_00033

DiscRep_SUB:FEATURE_LOCATION_CONFLICT::Coding region xref gene does not exist
prokka_LN890523/PROKKA_01042017:CDS	hypothetical protein	ENA_LN890523_LN890523.1:c36458-35892	LN890523_00034

DiscRep_SUB:FEATURE_LOCATION_CONFLICT::Coding region xref gene does not exist
prokka_LN890523/PROKKA_01042017:CDS	Multifunctional conjugation protein TraI	ENA_LN890523_LN890523.1:c41780-36477	LN890523_00035

DiscRep_SUB:FEATURE_LOCATION_CONFLICT::Coding region xref gene does not exist
prokka_LN890523/PROKKA_01042017:CDS	Coupling protein TraD	ENA_LN890523_LN890523.1:c44014-41780	LN890523_00036

DiscRep_SUB:FEATURE_LOCATION_CONFLICT::Coding region xref gene does not exist
prokka_LN890523/PROKKA_01042017:CDS	Lipoprotein YlpA	ENA_LN890523_LN890523.1:c44902-44165	LN890523_00037

DiscRep_SUB:FEATURE_LOCATION_CONFLICT::Coding region xref gene does not exist
prokka_LN890523/PROKKA_01042017:CDS	hypothetical protein	ENA_LN890523_LN890523.1:45571-46773	LN890523_00038

DiscRep_SUB:FEATURE_LOCATION_CONFLICT::Coding region xref gene does not exist
prokka_LN890523/PROKKA_01042017:CDS	hypothetical protein	ENA_LN890523_LN890523.1:c47387-46929	LN890523_00039

DiscRep_SUB:FEATURE_LOCATION_CONFLICT::Coding region xref gene does not exist
prokka_LN890523/PROKKA_01042017:CDS	Antirestriction protein KlcA	ENA_LN890523_LN890523.1:c48254-47691	LN890523_00040

DiscRep_SUB:FEATURE_LOCATION_CONFLICT::Coding region xref gene does not exist
prokka_LN890523/PROKKA_01042017:CDS	hypothetical protein	ENA_LN890523_LN890523.1:c49624-48791	LN890523_00041

DiscRep_SUB:FEATURE_LOCATION_CONFLICT::Coding region xref gene does not exist
prokka_LN890523/PROKKA_01042017:CDS	hypothetical protein	ENA_LN890523_LN890523.1:c49817-49671	LN890523_00042

DiscRep_SUB:FEATURE_LOCATION_CONFLICT::Coding region xref gene does not exist
prokka_LN890523/PROKKA_01042017:CDS	hypothetical protein	ENA_LN890523_LN890523.1:c50259-49912	LN890523_00043

DiscRep_SUB:FEATURE_LOCATION_CONFLICT::Coding region xref gene does not exist
prokka_LN890523/PROKKA_01042017:CDS	hypothetical protein	ENA_LN890523_LN890523.1:c50720-50316	LN890523_00044

DiscRep_SUB:FEATURE_LOCATION_CONFLICT::Coding region xref gene does not exist
prokka_LN890523/PROKKA_01042017:CDS	hypothetical protein	ENA_LN890523_LN890523.1:c52561-51413	LN890523_00045

DiscRep_SUB:FEATURE_LOCATION_CONFLICT::Coding region xref gene does not exist
prokka_LN890523/PROKKA_01042017:CDS	hypothetical protein	ENA_LN890523_LN890523.1:c53065-52712	LN890523_00046

DiscRep_SUB:FEATURE_LOCATION_CONFLICT::Coding region xref gene does not exist
prokka_LN890523/PROKKA_01042017:CDS	hypothetical protein	ENA_LN890523_LN890523.1:c53790-53062	LN890523_00047

DiscRep_SUB:FEATURE_LOCATION_CONFLICT::Coding region xref gene does not exist
prokka_LN890523/PROKKA_01042017:CDS	hypothetical protein	ENA_LN890523_LN890523.1:c54218-53787	LN890523_00048

DiscRep_SUB:FEATURE_LOCATION_CONFLICT::Coding region xref gene does not exist
prokka_LN890523/PROKKA_01042017:CDS	Nucleoid occlusion protein	ENA_LN890523_LN890523.1:c56295-54262	LN890523_00049

DiscRep_SUB:FEATURE_LOCATION_CONFLICT::Coding region xref gene does not exist
prokka_LN890523/PROKKA_01042017:CDS	hypothetical protein	ENA_LN890523_LN890523.1:c56607-56365	LN890523_00050

DiscRep_SUB:FEATURE_LOCATION_CONFLICT::Coding region xref gene does not exist
prokka_LN890523/PROKKA_01042017:CDS	Plasmid-derived single-stranded DNA-binding protein	ENA_LN890523_LN890523.1:c57214-56660	LN890523_00051

DiscRep_SUB:FEATURE_LOCATION_CONFLICT::Coding region xref gene does not exist
prokka_LN890523/PROKKA_01042017:CDS	hypothetical protein	ENA_LN890523_LN890523.1:c58224-57907	LN890523_00052

DiscRep_SUB:FEATURE_LOCATION_CONFLICT::Coding region xref gene does not exist
prokka_LN890523/PROKKA_01042017:CDS	DNA polymerase III subunit theta	ENA_LN890523_LN890523.1:c58420-58259	LN890523_00053

DiscRep_SUB:FEATURE_LOCATION_CONFLICT::Coding region xref gene does not exist
prokka_LN890523/PROKKA_01042017:CDS	hypothetical protein	ENA_LN890523_LN890523.1:c58896-58705	LN890523_00054

DiscRep_SUB:FEATURE_LOCATION_CONFLICT::Coding region xref gene does not exist
prokka_LN890523/PROKKA_01042017:CDS	hypothetical protein	ENA_LN890523_LN890523.1:c59445-58939	LN890523_00055

DiscRep_SUB:FEATURE_LOCATION_CONFLICT::Coding region xref gene does not exist
prokka_LN890523/PROKKA_01042017:CDS	hypothetical protein	ENA_LN890523_LN890523.1:c60630-59851	LN890523_00056

DiscRep_SUB:FEATURE_LOCATION_CONFLICT::Coding region xref gene does not exist
prokka_LN890523/PROKKA_01042017:CDS	hypothetical protein	ENA_LN890523_LN890523.1:c61104-60685	LN890523_00057

DiscRep_SUB:FEATURE_LOCATION_CONFLICT::Coding region xref gene does not exist
prokka_LN890523/PROKKA_01042017:CDS	hypothetical protein	ENA_LN890523_LN890523.1:c61336-61115	LN890523_00058

DiscRep_SUB:FEATURE_LOCATION_CONFLICT::Coding region xref gene does not exist
prokka_LN890523/PROKKA_01042017:CDS	DNA adenine methyltransferase YhdJ	ENA_LN890523_LN890523.1:c61773-61336	LN890523_00059

DiscRep_SUB:FEATURE_LOCATION_CONFLICT::Coding region xref gene does not exist
prokka_LN890523/PROKKA_01042017:CDS	hypothetical protein	ENA_LN890523_LN890523.1:61977-62120	LN890523_00060

DiscRep_SUB:FEATURE_LOCATION_CONFLICT::Coding region xref gene does not exist
prokka_LN890523/PROKKA_01042017:CDS	Putative SOS response-associated peptidase YedK	ENA_LN890523_LN890523.1:62374-62898	LN890523_00061

DiscRep_SUB:FEATURE_LOCATION_CONFLICT::Coding region xref gene does not exist
prokka_LN890523/PROKKA_01042017:CDS	hypothetical protein	ENA_LN890523_LN890523.1:63225-63356	LN890523_00062

DiscRep_SUB:FEATURE_LOCATION_CONFLICT::Coding region xref gene does not exist
prokka_LN890523/PROKKA_01042017:CDS	LexA repressor	ENA_LN890523_LN890523.1:63356-63646	LN890523_00063

DiscRep_SUB:FEATURE_LOCATION_CONFLICT::Coding region xref gene does not exist
prokka_LN890523/PROKKA_01042017:CDS	DNA polymerase IV 1	ENA_LN890523_LN890523.1:63646-64920	LN890523_00064

DiscRep_SUB:FEATURE_LOCATION_CONFLICT::Coding region xref gene does not exist
prokka_LN890523/PROKKA_01042017:CDS	Virulence regulon transcriptional activator VirB	ENA_LN890523_LN890523.1:c65976-65002	LN890523_00065

DiscRep_SUB:FEATURE_LOCATION_CONFLICT::Coding region xref gene does not exist
prokka_LN890523/PROKKA_01042017:CDS	Plasmid partition protein A	ENA_LN890523_LN890523.1:c67181-65976	LN890523_00066

DiscRep_SUB:FEATURE_LOCATION_CONFLICT::Coding region xref gene does not exist
prokka_LN890523/PROKKA_01042017:CDS	hypothetical protein	ENA_LN890523_LN890523.1:c67455-67315	LN890523_00067

DiscRep_SUB:FEATURE_LOCATION_CONFLICT::Coding region xref gene does not exist
prokka_LN890523/PROKKA_01042017:CDS	hypothetical protein	ENA_LN890523_LN890523.1:67607-68548	LN890523_00068

DiscRep_SUB:FEATURE_LOCATION_CONFLICT::Coding region xref gene does not exist
prokka_LN890523/PROKKA_01042017:CDS	Tyrosine recombinase XerD	ENA_LN890523_LN890523.1:c69481-68699	LN890523_00069

DiscRep_SUB:FEATURE_LOCATION_CONFLICT::Coding region xref gene does not exist
prokka_LN890523/PROKKA_01042017:CDS	Toxin CcdB	ENA_LN890523_LN890523.1:c70095-69790	LN890523_00070

DiscRep_SUB:FEATURE_LOCATION_CONFLICT::Coding region xref gene does not exist
prokka_LN890523/PROKKA_01042017:CDS	Antitoxin CcdA	ENA_LN890523_LN890523.1:c70315-70097	LN890523_00071

DiscRep_SUB:FEATURE_LOCATION_CONFLICT::Coding region xref gene does not exist
prokka_LN890523/PROKKA_01042017:CDS	hypothetical protein	ENA_LN890523_LN890523.1:c71708-71001	LN890523_00072

DiscRep_SUB:FEATURE_LOCATION_CONFLICT::Coding region xref gene does not exist
prokka_LN890523/PROKKA_01042017:CDS	hypothetical protein	ENA_LN890523_LN890523.1:c72232-71837	LN890523_00073

DiscRep_SUB:FEATURE_LOCATION_CONFLICT::Coding region xref gene does not exist
prokka_LN890523/PROKKA_01042017:CDS	hypothetical protein	ENA_LN890523_LN890523.1:72632-73045	LN890523_00074

DiscRep_SUB:FEATURE_LOCATION_CONFLICT::Coding region xref gene does not exist
prokka_LN890523/PROKKA_01042017:CDS	Tyrocidine synthase 3	ENA_LN890523_LN890523.1:73738-82119	LN890523_00075

DiscRep_ALL:DISC_QUALITY_SCORES::Quality scores are missing on all sequences.

DiscRep_ALL:ONCALLER_COMMENT_PRESENT::1 comment descriptors were found (all same)
prokka_LN890523/PROKKA_01042017:ENA_LN890523_LN890523.1:Annotated using prokka 1.12-beta from https://github.com/tseemann/prokka

DiscRep_ALL:SHORT_PROT_SEQUENCES::5 protein sequences are shorter than 50 aa.
prokka_LN890523/PROKKA_01042017:ENA_LN890523_LN890523.1_14 (length 46)
prokka_LN890523/PROKKA_01042017:ENA_LN890523_LN890523.1_42 (length 48)
prokka_LN890523/PROKKA_01042017:ENA_LN890523_LN890523.1_60 (length 47)
prokka_LN890523/PROKKA_01042017:ENA_LN890523_LN890523.1_62 (length 43)
prokka_LN890523/PROKKA_01042017:ENA_LN890523_LN890523.1_67 (length 46)

DiscRep_ALL:MISSING_GENOMEASSEMBLY_COMMENTS::1 bioseqs are missing GenomeAssembly structured comments
prokka_LN890523/PROKKA_01042017:ENA_LN890523_LN890523.1 (length 82119)

DiscRep_ALL:MOLTYPE_NOT_MRNA::1 molecule types are not set as mRNA.
prokka_LN890523/PROKKA_01042017:ENA_LN890523_LN890523.1 (length 82119)

DiscRep_ALL:TECHNIQUE_NOT_TSA::1 technique are not set as TSA
prokka_LN890523/PROKKA_01042017:ENA_LN890523_LN890523.1 (length 82119)

DiscRep_ALL:MISSING_STRUCTURED_COMMENT::1 sequences do not include structured comments.
prokka_LN890523/PROKKA_01042017:ENA_LN890523_LN890523.1 (length 82119)

DiscRep_ALL:MISSING_PROJECT::76 sequences do not include project.
prokka_LN890523/PROKKA_01042017:ENA_LN890523_LN890523.1 (length 82119)
prokka_LN890523/PROKKA_01042017:ENA_LN890523_LN890523.1_1 (length 4382)
prokka_LN890523/PROKKA_01042017:ENA_LN890523_LN890523.1_2 (length 419)
prokka_LN890523/PROKKA_01042017:ENA_LN890523_LN890523.1_3 (length 88)
prokka_LN890523/PROKKA_01042017:ENA_LN890523_LN890523.1_4 (length 229)
prokka_LN890523/PROKKA_01042017:ENA_LN890523_LN890523.1_5 (length 252)
prokka_LN890523/PROKKA_01042017:ENA_LN890523_LN890523.1_6 (length 94)
prokka_LN890523/PROKKA_01042017:ENA_LN890523_LN890523.1_7 (length 269)
prokka_LN890523/PROKKA_01042017:ENA_LN890523_LN890523.1_8 (length 149)
prokka_LN890523/PROKKA_01042017:ENA_LN890523_LN890523.1_9 (length 160)
prokka_LN890523/PROKKA_01042017:ENA_LN890523_LN890523.1_10 (length 94)
prokka_LN890523/PROKKA_01042017:ENA_LN890523_LN890523.1_11 (length 86)
prokka_LN890523/PROKKA_01042017:ENA_LN890523_LN890523.1_12 (length 320)
prokka_LN890523/PROKKA_01042017:ENA_LN890523_LN890523.1_13 (length 92)
prokka_LN890523/PROKKA_01042017:ENA_LN890523_LN890523.1_14 (length 46)
prokka_LN890523/PROKKA_01042017:ENA_LN890523_LN890523.1_15 (length 87)
prokka_LN890523/PROKKA_01042017:ENA_LN890523_LN890523.1_16 (length 349)
prokka_LN890523/PROKKA_01042017:ENA_LN890523_LN890523.1_17 (length 364)
prokka_LN890523/PROKKA_01042017:ENA_LN890523_LN890523.1_18 (length 156)
prokka_LN890523/PROKKA_01042017:ENA_LN890523_LN890523.1_19 (length 56)
prokka_LN890523/PROKKA_01042017:ENA_LN890523_LN890523.1_20 (length 50)
prokka_LN890523/PROKKA_01042017:ENA_LN890523_LN890523.1_21 (length 322)
prokka_LN890523/PROKKA_01042017:ENA_LN890523_LN890523.1_22 (length 55)
prokka_LN890523/PROKKA_01042017:ENA_LN890523_LN890523.1_23 (length 71)
prokka_LN890523/PROKKA_01042017:ENA_LN890523_LN890523.1_24 (length 83)
prokka_LN890523/PROKKA_01042017:ENA_LN890523_LN890523.1_25 (length 75)
prokka_LN890523/PROKKA_01042017:ENA_LN890523_LN890523.1_26 (length 101)
prokka_LN890523/PROKKA_01042017:ENA_LN890523_LN890523.1_27 (length 241)
prokka_LN890523/PROKKA_01042017:ENA_LN890523_LN890523.1_28 (length 112)
prokka_LN890523/PROKKA_01042017:ENA_LN890523_LN890523.1_29 (length 289)
prokka_LN890523/PROKKA_01042017:ENA_LN890523_LN890523.1_30 (length 81)
prokka_LN890523/PROKKA_01042017:ENA_LN890523_LN890523.1_31 (length 71)
prokka_LN890523/PROKKA_01042017:ENA_LN890523_LN890523.1_32 (length 105)
prokka_LN890523/PROKKA_01042017:ENA_LN890523_LN890523.1_33 (length 243)
prokka_LN890523/PROKKA_01042017:ENA_LN890523_LN890523.1_34 (length 188)
prokka_LN890523/PROKKA_01042017:ENA_LN890523_LN890523.1_35 (length 1767)
prokka_LN890523/PROKKA_01042017:ENA_LN890523_LN890523.1_36 (length 744)
prokka_LN890523/PROKKA_01042017:ENA_LN890523_LN890523.1_37 (length 245)
prokka_LN890523/PROKKA_01042017:ENA_LN890523_LN890523.1_38 (length 400)
prokka_LN890523/PROKKA_01042017:ENA_LN890523_LN890523.1_39 (length 152)
prokka_LN890523/PROKKA_01042017:ENA_LN890523_LN890523.1_40 (length 187)
prokka_LN890523/PROKKA_01042017:ENA_LN890523_LN890523.1_41 (length 277)
prokka_LN890523/PROKKA_01042017:ENA_LN890523_LN890523.1_42 (length 48)
prokka_LN890523/PROKKA_01042017:ENA_LN890523_LN890523.1_43 (length 115)
prokka_LN890523/PROKKA_01042017:ENA_LN890523_LN890523.1_44 (length 134)
prokka_LN890523/PROKKA_01042017:ENA_LN890523_LN890523.1_45 (length 382)
prokka_LN890523/PROKKA_01042017:ENA_LN890523_LN890523.1_46 (length 117)
prokka_LN890523/PROKKA_01042017:ENA_LN890523_LN890523.1_47 (length 242)
prokka_LN890523/PROKKA_01042017:ENA_LN890523_LN890523.1_48 (length 143)
prokka_LN890523/PROKKA_01042017:ENA_LN890523_LN890523.1_49 (length 677)
prokka_LN890523/PROKKA_01042017:ENA_LN890523_LN890523.1_50 (length 80)
prokka_LN890523/PROKKA_01042017:ENA_LN890523_LN890523.1_51 (length 184)
prokka_LN890523/PROKKA_01042017:ENA_LN890523_LN890523.1_52 (length 105)
prokka_LN890523/PROKKA_01042017:ENA_LN890523_LN890523.1_53 (length 53)
prokka_LN890523/PROKKA_01042017:ENA_LN890523_LN890523.1_54 (length 63)
prokka_LN890523/PROKKA_01042017:ENA_LN890523_LN890523.1_55 (length 168)
prokka_LN890523/PROKKA_01042017:ENA_LN890523_LN890523.1_56 (length 259)
prokka_LN890523/PROKKA_01042017:ENA_LN890523_LN890523.1_57 (length 139)
prokka_LN890523/PROKKA_01042017:ENA_LN890523_LN890523.1_58 (length 73)
prokka_LN890523/PROKKA_01042017:ENA_LN890523_LN890523.1_59 (length 145)
prokka_LN890523/PROKKA_01042017:ENA_LN890523_LN890523.1_60 (length 47)
prokka_LN890523/PROKKA_01042017:ENA_LN890523_LN890523.1_61 (length 174)
prokka_LN890523/PROKKA_01042017:ENA_LN890523_LN890523.1_62 (length 43)
prokka_LN890523/PROKKA_01042017:ENA_LN890523_LN890523.1_63 (length 96)
prokka_LN890523/PROKKA_01042017:ENA_LN890523_LN890523.1_64 (length 424)
prokka_LN890523/PROKKA_01042017:ENA_LN890523_LN890523.1_65 (length 324)
prokka_LN890523/PROKKA_01042017:ENA_LN890523_LN890523.1_66 (length 401)
prokka_LN890523/PROKKA_01042017:ENA_LN890523_LN890523.1_67 (length 46)
prokka_LN890523/PROKKA_01042017:ENA_LN890523_LN890523.1_68 (length 313)
prokka_LN890523/PROKKA_01042017:ENA_LN890523_LN890523.1_69 (length 260)
prokka_LN890523/PROKKA_01042017:ENA_LN890523_LN890523.1_70 (length 101)
prokka_LN890523/PROKKA_01042017:ENA_LN890523_LN890523.1_71 (length 72)
prokka_LN890523/PROKKA_01042017:ENA_LN890523_LN890523.1_72 (length 235)
prokka_LN890523/PROKKA_01042017:ENA_LN890523_LN890523.1_73 (length 131)
prokka_LN890523/PROKKA_01042017:ENA_LN890523_LN890523.1_74 (length 137)
prokka_LN890523/PROKKA_01042017:ENA_LN890523_LN890523.1_75 (length 2793)

DiscRep_ALL:DISC_INCONSISTENT_MOLINFO_TECH::Molinfo Technique Report (some missing, all same)
DiscRep_SUB:DISC_INCONSISTENT_MOLINFO_TECH::technique (all missing)
DiscRep_SUB:DISC_INCONSISTENT_MOLINFO_TECH::1 Molinfos are missing field technique
prokka_LN890523/PROKKA_01042017:ENA_LN890523_LN890523.1 (length 82119)

