Discrepancy Report Results

Summary
FATAL: MISSING_PROTEIN_ID:94 proteins have invalid IDs.
DISC_SOURCE_QUALS_ASNDISC:strain (all present, all unique)
DISC_SOURCE_QUALS_ASNDISC:taxname (all present, all unique)
DISC_FEATURE_COUNT:CDS: 94 present
DISC_COUNT_NUCLEOTIDES:1 nucleotide Bioseqs are present
FEATURE_LOCATION_CONFLICT:94 features have inconsistent gene locations.
DISC_QUALITY_SCORES:Quality scores are missing on all sequences.
ONCALLER_COMMENT_PRESENT:1 comment descriptors were found (all same)
SHORT_PROT_SEQUENCES:1 protein sequences are shorter than 50 aa.
MISSING_GENOMEASSEMBLY_COMMENTS:1 bioseqs are missing GenomeAssembly structured comments
MOLTYPE_NOT_MRNA:1 molecule types are not set as mRNA.
TECHNIQUE_NOT_TSA:1 technique are not set as TSA
MISSING_STRUCTURED_COMMENT:1 sequences do not include structured comments.
MISSING_PROJECT:95 sequences do not include project.
DISC_INCONSISTENT_MOLINFO_TECH:Molinfo Technique Report (some missing, all same)


Detailed Report

FATAL: DiscRep_ALL:MISSING_PROTEIN_ID::94 proteins have invalid IDs.
prokka_LN890525/PROKKA_01042017:ENA_LN890525_LN890525.1_1 (length 56)
prokka_LN890525/PROKKA_01042017:ENA_LN890525_LN890525.1_2 (length 83)
prokka_LN890525/PROKKA_01042017:ENA_LN890525_LN890525.1_3 (length 100)
prokka_LN890525/PROKKA_01042017:ENA_LN890525_LN890525.1_4 (length 282)
prokka_LN890525/PROKKA_01042017:ENA_LN890525_LN890525.1_5 (length 111)
prokka_LN890525/PROKKA_01042017:ENA_LN890525_LN890525.1_6 (length 110)
prokka_LN890525/PROKKA_01042017:ENA_LN890525_LN890525.1_7 (length 899)
prokka_LN890525/PROKKA_01042017:ENA_LN890525_LN890525.1_8 (length 763)
prokka_LN890525/PROKKA_01042017:ENA_LN890525_LN890525.1_9 (length 356)
prokka_LN890525/PROKKA_01042017:ENA_LN890525_LN890525.1_10 (length 402)
prokka_LN890525/PROKKA_01042017:ENA_LN890525_LN890525.1_11 (length 317)
prokka_LN890525/PROKKA_01042017:ENA_LN890525_LN890525.1_12 (length 51)
prokka_LN890525/PROKKA_01042017:ENA_LN890525_LN890525.1_13 (length 83)
prokka_LN890525/PROKKA_01042017:ENA_LN890525_LN890525.1_14 (length 58)
prokka_LN890525/PROKKA_01042017:ENA_LN890525_LN890525.1_15 (length 69)
prokka_LN890525/PROKKA_01042017:ENA_LN890525_LN890525.1_16 (length 220)
prokka_LN890525/PROKKA_01042017:ENA_LN890525_LN890525.1_17 (length 722)
prokka_LN890525/PROKKA_01042017:ENA_LN890525_LN890525.1_18 (length 194)
prokka_LN890525/PROKKA_01042017:ENA_LN890525_LN890525.1_19 (length 400)
prokka_LN890525/PROKKA_01042017:ENA_LN890525_LN890525.1_20 (length 204)
prokka_LN890525/PROKKA_01042017:ENA_LN890525_LN890525.1_21 (length 1014)
prokka_LN890525/PROKKA_01042017:ENA_LN890525_LN890525.1_22 (length 266)
prokka_LN890525/PROKKA_01042017:ENA_LN890525_LN890525.1_23 (length 62)
prokka_LN890525/PROKKA_01042017:ENA_LN890525_LN890525.1_24 (length 134)
prokka_LN890525/PROKKA_01042017:ENA_LN890525_LN890525.1_25 (length 175)
prokka_LN890525/PROKKA_01042017:ENA_LN890525_LN890525.1_26 (length 234)
prokka_LN890525/PROKKA_01042017:ENA_LN890525_LN890525.1_27 (length 429)
prokka_LN890525/PROKKA_01042017:ENA_LN890525_LN890525.1_28 (length 327)
prokka_LN890525/PROKKA_01042017:ENA_LN890525_LN890525.1_29 (length 230)
prokka_LN890525/PROKKA_01042017:ENA_LN890525_LN890525.1_30 (length 115)
prokka_LN890525/PROKKA_01042017:ENA_LN890525_LN890525.1_31 (length 1255)
prokka_LN890525/PROKKA_01042017:ENA_LN890525_LN890525.1_32 (length 183)
prokka_LN890525/PROKKA_01042017:ENA_LN890525_LN890525.1_33 (length 96)
prokka_LN890525/PROKKA_01042017:ENA_LN890525_LN890525.1_34 (length 382)
prokka_LN890525/PROKKA_01042017:ENA_LN890525_LN890525.1_35 (length 272)
prokka_LN890525/PROKKA_01042017:ENA_LN890525_LN890525.1_36 (length 152)
prokka_LN890525/PROKKA_01042017:ENA_LN890525_LN890525.1_37 (length 194)
prokka_LN890525/PROKKA_01042017:ENA_LN890525_LN890525.1_38 (length 399)
prokka_LN890525/PROKKA_01042017:ENA_LN890525_LN890525.1_39 (length 274)
prokka_LN890525/PROKKA_01042017:ENA_LN890525_LN890525.1_40 (length 384)
prokka_LN890525/PROKKA_01042017:ENA_LN890525_LN890525.1_41 (length 44)
prokka_LN890525/PROKKA_01042017:ENA_LN890525_LN890525.1_42 (length 368)
prokka_LN890525/PROKKA_01042017:ENA_LN890525_LN890525.1_43 (length 218)
prokka_LN890525/PROKKA_01042017:ENA_LN890525_LN890525.1_44 (length 186)
prokka_LN890525/PROKKA_01042017:ENA_LN890525_LN890525.1_45 (length 204)
prokka_LN890525/PROKKA_01042017:ENA_LN890525_LN890525.1_46 (length 361)
prokka_LN890525/PROKKA_01042017:ENA_LN890525_LN890525.1_47 (length 517)
prokka_LN890525/PROKKA_01042017:ENA_LN890525_LN890525.1_48 (length 150)
prokka_LN890525/PROKKA_01042017:ENA_LN890525_LN890525.1_49 (length 431)
prokka_LN890525/PROKKA_01042017:ENA_LN890525_LN890525.1_50 (length 560)
prokka_LN890525/PROKKA_01042017:ENA_LN890525_LN890525.1_51 (length 145)
prokka_LN890525/PROKKA_01042017:ENA_LN890525_LN890525.1_52 (length 355)
prokka_LN890525/PROKKA_01042017:ENA_LN890525_LN890525.1_53 (length 197)
prokka_LN890525/PROKKA_01042017:ENA_LN890525_LN890525.1_54 (length 84)
prokka_LN890525/PROKKA_01042017:ENA_LN890525_LN890525.1_55 (length 227)
prokka_LN890525/PROKKA_01042017:ENA_LN890525_LN890525.1_56 (length 177)
prokka_LN890525/PROKKA_01042017:ENA_LN890525_LN890525.1_57 (length 95)
prokka_LN890525/PROKKA_01042017:ENA_LN890525_LN890525.1_58 (length 358)
prokka_LN890525/PROKKA_01042017:ENA_LN890525_LN890525.1_59 (length 92)
prokka_LN890525/PROKKA_01042017:ENA_LN890525_LN890525.1_60 (length 91)
prokka_LN890525/PROKKA_01042017:ENA_LN890525_LN890525.1_61 (length 93)
prokka_LN890525/PROKKA_01042017:ENA_LN890525_LN890525.1_62 (length 88)
prokka_LN890525/PROKKA_01042017:ENA_LN890525_LN890525.1_63 (length 164)
prokka_LN890525/PROKKA_01042017:ENA_LN890525_LN890525.1_64 (length 200)
prokka_LN890525/PROKKA_01042017:ENA_LN890525_LN890525.1_65 (length 350)
prokka_LN890525/PROKKA_01042017:ENA_LN890525_LN890525.1_66 (length 196)
prokka_LN890525/PROKKA_01042017:ENA_LN890525_LN890525.1_67 (length 84)
prokka_LN890525/PROKKA_01042017:ENA_LN890525_LN890525.1_68 (length 137)
prokka_LN890525/PROKKA_01042017:ENA_LN890525_LN890525.1_69 (length 259)
prokka_LN890525/PROKKA_01042017:ENA_LN890525_LN890525.1_70 (length 214)
prokka_LN890525/PROKKA_01042017:ENA_LN890525_LN890525.1_71 (length 102)
prokka_LN890525/PROKKA_01042017:ENA_LN890525_LN890525.1_72 (length 326)
prokka_LN890525/PROKKA_01042017:ENA_LN890525_LN890525.1_73 (length 138)
prokka_LN890525/PROKKA_01042017:ENA_LN890525_LN890525.1_74 (length 424)
prokka_LN890525/PROKKA_01042017:ENA_LN890525_LN890525.1_75 (length 145)
prokka_LN890525/PROKKA_01042017:ENA_LN890525_LN890525.1_76 (length 82)
prokka_LN890525/PROKKA_01042017:ENA_LN890525_LN890525.1_77 (length 308)
prokka_LN890525/PROKKA_01042017:ENA_LN890525_LN890525.1_78 (length 70)
prokka_LN890525/PROKKA_01042017:ENA_LN890525_LN890525.1_79 (length 227)
prokka_LN890525/PROKKA_01042017:ENA_LN890525_LN890525.1_80 (length 73)
prokka_LN890525/PROKKA_01042017:ENA_LN890525_LN890525.1_81 (length 144)
prokka_LN890525/PROKKA_01042017:ENA_LN890525_LN890525.1_82 (length 273)
prokka_LN890525/PROKKA_01042017:ENA_LN890525_LN890525.1_83 (length 141)
prokka_LN890525/PROKKA_01042017:ENA_LN890525_LN890525.1_84 (length 140)
prokka_LN890525/PROKKA_01042017:ENA_LN890525_LN890525.1_85 (length 63)
prokka_LN890525/PROKKA_01042017:ENA_LN890525_LN890525.1_86 (length 175)
prokka_LN890525/PROKKA_01042017:ENA_LN890525_LN890525.1_87 (length 77)
prokka_LN890525/PROKKA_01042017:ENA_LN890525_LN890525.1_88 (length 682)
prokka_LN890525/PROKKA_01042017:ENA_LN890525_LN890525.1_89 (length 144)
prokka_LN890525/PROKKA_01042017:ENA_LN890525_LN890525.1_90 (length 239)
prokka_LN890525/PROKKA_01042017:ENA_LN890525_LN890525.1_91 (length 198)
prokka_LN890525/PROKKA_01042017:ENA_LN890525_LN890525.1_92 (length 166)
prokka_LN890525/PROKKA_01042017:ENA_LN890525_LN890525.1_93 (length 144)
prokka_LN890525/PROKKA_01042017:ENA_LN890525_LN890525.1_94 (length 88)

DiscRep_ALL:DISC_SOURCE_QUALS_ASNDISC::strain (all present, all unique)
DiscRep_SUB:DISC_SOURCE_QUALS_ASNDISC::1 sources have unique values for strain
DiscRep_ALL:DISC_SOURCE_QUALS_ASNDISC::taxname (all present, all unique)
DiscRep_SUB:DISC_SOURCE_QUALS_ASNDISC::1 sources have unique values for taxname
DiscRep_ALL:DISC_FEATURE_COUNT::CDS: 94 present
DiscRep_ALL:DISC_COUNT_NUCLEOTIDES::1 nucleotide Bioseqs are present
prokka_LN890525/PROKKA_01042017:ENA_LN890525_LN890525.1 (length 84987)

DiscRep_ALL:FEATURE_LOCATION_CONFLICT::94 features have inconsistent gene locations.
DiscRep_SUB:FEATURE_LOCATION_CONFLICT::Coding region xref gene does not exist
prokka_LN890525/PROKKA_01042017:CDS	hypothetical protein	ENA_LN890525_LN890525.1:65-235	LN890525_00001

DiscRep_SUB:FEATURE_LOCATION_CONFLICT::Coding region xref gene does not exist
prokka_LN890525/PROKKA_01042017:CDS	hypothetical protein	ENA_LN890525_LN890525.1:c517-266	LN890525_00002

DiscRep_SUB:FEATURE_LOCATION_CONFLICT::Coding region xref gene does not exist
prokka_LN890525/PROKKA_01042017:CDS	hypothetical protein	ENA_LN890525_LN890525.1:c853-551	LN890525_00003

DiscRep_SUB:FEATURE_LOCATION_CONFLICT::Coding region xref gene does not exist
prokka_LN890525/PROKKA_01042017:CDS	hypothetical protein	ENA_LN890525_LN890525.1:1097-1945	LN890525_00004

DiscRep_SUB:FEATURE_LOCATION_CONFLICT::Coding region xref gene does not exist
prokka_LN890525/PROKKA_01042017:CDS	hypothetical protein	ENA_LN890525_LN890525.1:c2366-2031	LN890525_00005

DiscRep_SUB:FEATURE_LOCATION_CONFLICT::Coding region xref gene does not exist
prokka_LN890525/PROKKA_01042017:CDS	hypothetical protein	ENA_LN890525_LN890525.1:2600-2932	LN890525_00006

DiscRep_SUB:FEATURE_LOCATION_CONFLICT::Coding region xref gene does not exist
prokka_LN890525/PROKKA_01042017:CDS	hypothetical protein	ENA_LN890525_LN890525.1:2943-5642	LN890525_00007

DiscRep_SUB:FEATURE_LOCATION_CONFLICT::Coding region xref gene does not exist
prokka_LN890525/PROKKA_01042017:CDS	hypothetical protein	ENA_LN890525_LN890525.1:c7970-5679	LN890525_00008

DiscRep_SUB:FEATURE_LOCATION_CONFLICT::Coding region xref gene does not exist
prokka_LN890525/PROKKA_01042017:CDS	hypothetical protein	ENA_LN890525_LN890525.1:c9033-7963	LN890525_00009

DiscRep_SUB:FEATURE_LOCATION_CONFLICT::Coding region xref gene does not exist
prokka_LN890525/PROKKA_01042017:CDS	hypothetical protein	ENA_LN890525_LN890525.1:c10260-9052	LN890525_00010

DiscRep_SUB:FEATURE_LOCATION_CONFLICT::Coding region xref gene does not exist
prokka_LN890525/PROKKA_01042017:CDS	hypothetical protein	ENA_LN890525_LN890525.1:c11431-10478	LN890525_00011

DiscRep_SUB:FEATURE_LOCATION_CONFLICT::Coding region xref gene does not exist
prokka_LN890525/PROKKA_01042017:CDS	hypothetical protein	ENA_LN890525_LN890525.1:12030-12185	LN890525_00012

DiscRep_SUB:FEATURE_LOCATION_CONFLICT::Coding region xref gene does not exist
prokka_LN890525/PROKKA_01042017:CDS	hypothetical protein	ENA_LN890525_LN890525.1:c12508-12257	LN890525_00013

DiscRep_SUB:FEATURE_LOCATION_CONFLICT::Coding region xref gene does not exist
prokka_LN890525/PROKKA_01042017:CDS	hypothetical protein	ENA_LN890525_LN890525.1:c13343-13167	LN890525_00014

DiscRep_SUB:FEATURE_LOCATION_CONFLICT::Coding region xref gene does not exist
prokka_LN890525/PROKKA_01042017:CDS	hypothetical protein	ENA_LN890525_LN890525.1:13675-13884	LN890525_00015

DiscRep_SUB:FEATURE_LOCATION_CONFLICT::Coding region xref gene does not exist
prokka_LN890525/PROKKA_01042017:CDS	hypothetical protein	ENA_LN890525_LN890525.1:c14618-13956	LN890525_00016

DiscRep_SUB:FEATURE_LOCATION_CONFLICT::Coding region xref gene does not exist
prokka_LN890525/PROKKA_01042017:CDS	hypothetical protein	ENA_LN890525_LN890525.1:c16857-14689	LN890525_00017

DiscRep_SUB:FEATURE_LOCATION_CONFLICT::Coding region xref gene does not exist
prokka_LN890525/PROKKA_01042017:CDS	hypothetical protein	ENA_LN890525_LN890525.1:c17538-16954	LN890525_00018

DiscRep_SUB:FEATURE_LOCATION_CONFLICT::Coding region xref gene does not exist
prokka_LN890525/PROKKA_01042017:CDS	hypothetical protein	ENA_LN890525_LN890525.1:c18769-17567	LN890525_00019

DiscRep_SUB:FEATURE_LOCATION_CONFLICT::Coding region xref gene does not exist
prokka_LN890525/PROKKA_01042017:CDS	hypothetical protein	ENA_LN890525_LN890525.1:c19350-18736	LN890525_00020

DiscRep_SUB:FEATURE_LOCATION_CONFLICT::Coding region xref gene does not exist
prokka_LN890525/PROKKA_01042017:CDS	hypothetical protein	ENA_LN890525_LN890525.1:c22394-19350	LN890525_00021

DiscRep_SUB:FEATURE_LOCATION_CONFLICT::Coding region xref gene does not exist
prokka_LN890525/PROKKA_01042017:CDS	hypothetical protein	ENA_LN890525_LN890525.1:c23284-22484	LN890525_00022

DiscRep_SUB:FEATURE_LOCATION_CONFLICT::Coding region xref gene does not exist
prokka_LN890525/PROKKA_01042017:CDS	hypothetical protein	ENA_LN890525_LN890525.1:c23456-23268	LN890525_00023

DiscRep_SUB:FEATURE_LOCATION_CONFLICT::Coding region xref gene does not exist
prokka_LN890525/PROKKA_01042017:CDS	hypothetical protein	ENA_LN890525_LN890525.1:c23924-23520	LN890525_00024

DiscRep_SUB:FEATURE_LOCATION_CONFLICT::Coding region xref gene does not exist
prokka_LN890525/PROKKA_01042017:CDS	hypothetical protein	ENA_LN890525_LN890525.1:c24502-23975	LN890525_00025

DiscRep_SUB:FEATURE_LOCATION_CONFLICT::Coding region xref gene does not exist
prokka_LN890525/PROKKA_01042017:CDS	hypothetical protein	ENA_LN890525_LN890525.1:c25206-24502	LN890525_00026

DiscRep_SUB:FEATURE_LOCATION_CONFLICT::Coding region xref gene does not exist
prokka_LN890525/PROKKA_01042017:CDS	hypothetical protein	ENA_LN890525_LN890525.1:c26495-25206	LN890525_00027

DiscRep_SUB:FEATURE_LOCATION_CONFLICT::Coding region xref gene does not exist
prokka_LN890525/PROKKA_01042017:CDS	hypothetical protein	ENA_LN890525_LN890525.1:c27481-26498	LN890525_00028

DiscRep_SUB:FEATURE_LOCATION_CONFLICT::Coding region xref gene does not exist
prokka_LN890525/PROKKA_01042017:CDS	hypothetical protein	ENA_LN890525_LN890525.1:c28184-27492	LN890525_00029

DiscRep_SUB:FEATURE_LOCATION_CONFLICT::Coding region xref gene does not exist
prokka_LN890525/PROKKA_01042017:CDS	hypothetical protein	ENA_LN890525_LN890525.1:c28528-28181	LN890525_00030

DiscRep_SUB:FEATURE_LOCATION_CONFLICT::Coding region xref gene does not exist
prokka_LN890525/PROKKA_01042017:CDS	DNA primase TraC	ENA_LN890525_LN890525.1:c32313-28546	LN890525_00031

DiscRep_SUB:FEATURE_LOCATION_CONFLICT::Coding region xref gene does not exist
prokka_LN890525/PROKKA_01042017:CDS	Phospholipase D	ENA_LN890525_LN890525.1:c32954-32403	LN890525_00032

DiscRep_SUB:FEATURE_LOCATION_CONFLICT::Coding region xref gene does not exist
prokka_LN890525/PROKKA_01042017:CDS	hypothetical protein	ENA_LN890525_LN890525.1:c33259-32969	LN890525_00033

DiscRep_SUB:FEATURE_LOCATION_CONFLICT::Coding region xref gene does not exist
prokka_LN890525/PROKKA_01042017:CDS	Twitching mobility protein	ENA_LN890525_LN890525.1:c34404-33256	LN890525_00034

DiscRep_SUB:FEATURE_LOCATION_CONFLICT::Coding region xref gene does not exist
prokka_LN890525/PROKKA_01042017:CDS	hypothetical protein	ENA_LN890525_LN890525.1:c35219-34401	LN890525_00035

DiscRep_SUB:FEATURE_LOCATION_CONFLICT::Coding region xref gene does not exist
prokka_LN890525/PROKKA_01042017:CDS	hypothetical protein	ENA_LN890525_LN890525.1:c35674-35216	LN890525_00036

DiscRep_SUB:FEATURE_LOCATION_CONFLICT::Coding region xref gene does not exist
prokka_LN890525/PROKKA_01042017:CDS	Lipopolysaccharide core heptose(II)-phosphate phosphatase	ENA_LN890525_LN890525.1:c36653-36069	LN890525_00037

DiscRep_SUB:FEATURE_LOCATION_CONFLICT::Coding region xref gene does not exist
prokka_LN890525/PROKKA_01042017:CDS	hypothetical protein	ENA_LN890525_LN890525.1:c37912-36713	LN890525_00038

DiscRep_SUB:FEATURE_LOCATION_CONFLICT::Coding region xref gene does not exist
prokka_LN890525/PROKKA_01042017:CDS	hypothetical protein	ENA_LN890525_LN890525.1:c38825-38001	LN890525_00039

DiscRep_SUB:FEATURE_LOCATION_CONFLICT::Coding region xref gene does not exist
prokka_LN890525/PROKKA_01042017:CDS	Tyrosine recombinase XerC	ENA_LN890525_LN890525.1:c40130-38976	LN890525_00040

DiscRep_SUB:FEATURE_LOCATION_CONFLICT::Coding region xref gene does not exist
prokka_LN890525/PROKKA_01042017:CDS	hypothetical protein	ENA_LN890525_LN890525.1:c41370-41236	LN890525_00041

DiscRep_SUB:FEATURE_LOCATION_CONFLICT::Coding region xref gene does not exist
prokka_LN890525/PROKKA_01042017:CDS	hypothetical protein	ENA_LN890525_LN890525.1:c43277-42171	LN890525_00042

DiscRep_SUB:FEATURE_LOCATION_CONFLICT::Coding region xref gene does not exist
prokka_LN890525/PROKKA_01042017:CDS	hypothetical protein	ENA_LN890525_LN890525.1:c43933-43277	LN890525_00043

DiscRep_SUB:FEATURE_LOCATION_CONFLICT::Coding region xref gene does not exist
prokka_LN890525/PROKKA_01042017:CDS	hypothetical protein	ENA_LN890525_LN890525.1:c44478-43918	LN890525_00044

DiscRep_SUB:FEATURE_LOCATION_CONFLICT::Coding region xref gene does not exist
prokka_LN890525/PROKKA_01042017:CDS	hypothetical protein	ENA_LN890525_LN890525.1:c45102-44488	LN890525_00045

DiscRep_SUB:FEATURE_LOCATION_CONFLICT::Coding region xref gene does not exist
prokka_LN890525/PROKKA_01042017:CDS	Toxin coregulated pilus biosynthesis protein E	ENA_LN890525_LN890525.1:c46204-45119	LN890525_00046

DiscRep_SUB:FEATURE_LOCATION_CONFLICT::Coding region xref gene does not exist
prokka_LN890525/PROKKA_01042017:CDS	Toxin coregulated pilus biosynthesis protein T	ENA_LN890525_LN890525.1:c47770-46217	LN890525_00047

DiscRep_SUB:FEATURE_LOCATION_CONFLICT::Coding region xref gene does not exist
prokka_LN890525/PROKKA_01042017:CDS	hypothetical protein	ENA_LN890525_LN890525.1:c48233-47781	LN890525_00048

DiscRep_SUB:FEATURE_LOCATION_CONFLICT::Coding region xref gene does not exist
prokka_LN890525/PROKKA_01042017:CDS	hypothetical protein	ENA_LN890525_LN890525.1:c49515-48220	LN890525_00049

DiscRep_SUB:FEATURE_LOCATION_CONFLICT::Coding region xref gene does not exist
prokka_LN890525/PROKKA_01042017:CDS	Outer membrane lipoprotein BfpB	ENA_LN890525_LN890525.1:c51190-49508	LN890525_00050

DiscRep_SUB:FEATURE_LOCATION_CONFLICT::Coding region xref gene does not exist
prokka_LN890525/PROKKA_01042017:CDS	hypothetical protein	ENA_LN890525_LN890525.1:c51641-51204	LN890525_00051

DiscRep_SUB:FEATURE_LOCATION_CONFLICT::Coding region xref gene does not exist
prokka_LN890525/PROKKA_01042017:CDS	hypothetical protein	ENA_LN890525_LN890525.1:c52708-51641	LN890525_00052

DiscRep_SUB:FEATURE_LOCATION_CONFLICT::Coding region xref gene does not exist
prokka_LN890525/PROKKA_01042017:CDS	hypothetical protein	ENA_LN890525_LN890525.1:c53335-52742	LN890525_00053

DiscRep_SUB:FEATURE_LOCATION_CONFLICT::Coding region xref gene does not exist
prokka_LN890525/PROKKA_01042017:CDS	hypothetical protein	ENA_LN890525_LN890525.1:c53714-53460	LN890525_00054

DiscRep_SUB:FEATURE_LOCATION_CONFLICT::Coding region xref gene does not exist
prokka_LN890525/PROKKA_01042017:CDS	hypothetical protein	ENA_LN890525_LN890525.1:c54569-53886	LN890525_00055

DiscRep_SUB:FEATURE_LOCATION_CONFLICT::Coding region xref gene does not exist
prokka_LN890525/PROKKA_01042017:CDS	Transcription antitermination protein RfaH	ENA_LN890525_LN890525.1:c55356-54823	LN890525_00056

DiscRep_SUB:FEATURE_LOCATION_CONFLICT::Coding region xref gene does not exist
prokka_LN890525/PROKKA_01042017:CDS	hypothetical protein	ENA_LN890525_LN890525.1:c56085-55798	LN890525_00057

DiscRep_SUB:FEATURE_LOCATION_CONFLICT::Coding region xref gene does not exist
prokka_LN890525/PROKKA_01042017:CDS	Replication initiation protein	ENA_LN890525_LN890525.1:57194-58270	LN890525_00058

DiscRep_SUB:FEATURE_LOCATION_CONFLICT::Coding region xref gene does not exist
prokka_LN890525/PROKKA_01042017:CDS	hypothetical protein	ENA_LN890525_LN890525.1:59180-59458	LN890525_00059

DiscRep_SUB:FEATURE_LOCATION_CONFLICT::Coding region xref gene does not exist
prokka_LN890525/PROKKA_01042017:CDS	hypothetical protein	ENA_LN890525_LN890525.1:59458-59733	LN890525_00060

DiscRep_SUB:FEATURE_LOCATION_CONFLICT::Coding region xref gene does not exist
prokka_LN890525/PROKKA_01042017:CDS	hypothetical protein	ENA_LN890525_LN890525.1:59839-60120	LN890525_00061

DiscRep_SUB:FEATURE_LOCATION_CONFLICT::Coding region xref gene does not exist
prokka_LN890525/PROKKA_01042017:CDS	hypothetical protein	ENA_LN890525_LN890525.1:c60578-60312	LN890525_00062

DiscRep_SUB:FEATURE_LOCATION_CONFLICT::Coding region xref gene does not exist
prokka_LN890525/PROKKA_01042017:CDS	hypothetical protein	ENA_LN890525_LN890525.1:c61072-60578	LN890525_00063

DiscRep_SUB:FEATURE_LOCATION_CONFLICT::Coding region xref gene does not exist
prokka_LN890525/PROKKA_01042017:CDS	RNA chaperone ProQ	ENA_LN890525_LN890525.1:c61730-61128	LN890525_00064

DiscRep_SUB:FEATURE_LOCATION_CONFLICT::Coding region xref gene does not exist
prokka_LN890525/PROKKA_01042017:CDS	hypothetical protein	ENA_LN890525_LN890525.1:c62958-61906	LN890525_00065

DiscRep_SUB:FEATURE_LOCATION_CONFLICT::Coding region xref gene does not exist
prokka_LN890525/PROKKA_01042017:CDS	hypothetical protein	ENA_LN890525_LN890525.1:c63761-63171	LN890525_00066

DiscRep_SUB:FEATURE_LOCATION_CONFLICT::Coding region xref gene does not exist
prokka_LN890525/PROKKA_01042017:CDS	hypothetical protein	ENA_LN890525_LN890525.1:c64015-63761	LN890525_00067

DiscRep_SUB:FEATURE_LOCATION_CONFLICT::Coding region xref gene does not exist
prokka_LN890525/PROKKA_01042017:CDS	hypothetical protein	ENA_LN890525_LN890525.1:64583-64996	LN890525_00068

DiscRep_SUB:FEATURE_LOCATION_CONFLICT::Coding region xref gene does not exist
prokka_LN890525/PROKKA_01042017:CDS	Tyrosine recombinase XerD	ENA_LN890525_LN890525.1:64998-65777	LN890525_00069

DiscRep_SUB:FEATURE_LOCATION_CONFLICT::Coding region xref gene does not exist
prokka_LN890525/PROKKA_01042017:CDS	hypothetical protein	ENA_LN890525_LN890525.1:65957-66601	LN890525_00070

DiscRep_SUB:FEATURE_LOCATION_CONFLICT::Coding region xref gene does not exist
prokka_LN890525/PROKKA_01042017:CDS	hypothetical protein	ENA_LN890525_LN890525.1:66688-66996	LN890525_00071

DiscRep_SUB:FEATURE_LOCATION_CONFLICT::Coding region xref gene does not exist
prokka_LN890525/PROKKA_01042017:CDS	Plasmid segregation protein ParM	ENA_LN890525_LN890525.1:67410-68390	LN890525_00072

DiscRep_SUB:FEATURE_LOCATION_CONFLICT::Coding region xref gene does not exist
prokka_LN890525/PROKKA_01042017:CDS	hypothetical protein	ENA_LN890525_LN890525.1:68383-68799	LN890525_00073

DiscRep_SUB:FEATURE_LOCATION_CONFLICT::Coding region xref gene does not exist
prokka_LN890525/PROKKA_01042017:CDS	DNA polymerase IV 1	ENA_LN890525_LN890525.1:c70075-68801	LN890525_00074

DiscRep_SUB:FEATURE_LOCATION_CONFLICT::Coding region xref gene does not exist
prokka_LN890525/PROKKA_01042017:CDS	LexA repressor	ENA_LN890525_LN890525.1:c70512-70075	LN890525_00075

DiscRep_SUB:FEATURE_LOCATION_CONFLICT::Coding region xref gene does not exist
prokka_LN890525/PROKKA_01042017:CDS	hypothetical protein	ENA_LN890525_LN890525.1:c70757-70509	LN890525_00076

DiscRep_SUB:FEATURE_LOCATION_CONFLICT::Coding region xref gene does not exist
prokka_LN890525/PROKKA_01042017:CDS	hypothetical protein	ENA_LN890525_LN890525.1:71151-72077	LN890525_00077

DiscRep_SUB:FEATURE_LOCATION_CONFLICT::Coding region xref gene does not exist
prokka_LN890525/PROKKA_01042017:CDS	hypothetical protein	ENA_LN890525_LN890525.1:72074-72286	LN890525_00078

DiscRep_SUB:FEATURE_LOCATION_CONFLICT::Coding region xref gene does not exist
prokka_LN890525/PROKKA_01042017:CDS	DNA adenine methyltransferase YhdJ	ENA_LN890525_LN890525.1:72462-73145	LN890525_00079

DiscRep_SUB:FEATURE_LOCATION_CONFLICT::Coding region xref gene does not exist
prokka_LN890525/PROKKA_01042017:CDS	hypothetical protein	ENA_LN890525_LN890525.1:73146-73367	LN890525_00080

DiscRep_SUB:FEATURE_LOCATION_CONFLICT::Coding region xref gene does not exist
prokka_LN890525/PROKKA_01042017:CDS	hypothetical protein	ENA_LN890525_LN890525.1:73380-73814	LN890525_00081

DiscRep_SUB:FEATURE_LOCATION_CONFLICT::Coding region xref gene does not exist
prokka_LN890525/PROKKA_01042017:CDS	hypothetical protein	ENA_LN890525_LN890525.1:73814-74635	LN890525_00082

DiscRep_SUB:FEATURE_LOCATION_CONFLICT::Coding region xref gene does not exist
prokka_LN890525/PROKKA_01042017:CDS	Antirestriction protein KlcA	ENA_LN890525_LN890525.1:75052-75477	LN890525_00083

DiscRep_SUB:FEATURE_LOCATION_CONFLICT::Coding region xref gene does not exist
prokka_LN890525/PROKKA_01042017:CDS	hypothetical protein	ENA_LN890525_LN890525.1:75524-75946	LN890525_00084

DiscRep_SUB:FEATURE_LOCATION_CONFLICT::Coding region xref gene does not exist
prokka_LN890525/PROKKA_01042017:CDS	hypothetical protein	ENA_LN890525_LN890525.1:75943-76134	LN890525_00085

DiscRep_SUB:FEATURE_LOCATION_CONFLICT::Coding region xref gene does not exist
prokka_LN890525/PROKKA_01042017:CDS	Plasmid-derived single-stranded DNA-binding protein	ENA_LN890525_LN890525.1:76904-77431	LN890525_00086

DiscRep_SUB:FEATURE_LOCATION_CONFLICT::Coding region xref gene does not exist
prokka_LN890525/PROKKA_01042017:CDS	hypothetical protein	ENA_LN890525_LN890525.1:77489-77722	LN890525_00087

DiscRep_SUB:FEATURE_LOCATION_CONFLICT::Coding region xref gene does not exist
prokka_LN890525/PROKKA_01042017:CDS	Chromosome-partitioning protein Spo0J	ENA_LN890525_LN890525.1:77691-79739	LN890525_00088

DiscRep_SUB:FEATURE_LOCATION_CONFLICT::Coding region xref gene does not exist
prokka_LN890525/PROKKA_01042017:CDS	hypothetical protein	ENA_LN890525_LN890525.1:79794-80228	LN890525_00089

DiscRep_SUB:FEATURE_LOCATION_CONFLICT::Coding region xref gene does not exist
prokka_LN890525/PROKKA_01042017:CDS	hypothetical protein	ENA_LN890525_LN890525.1:80225-80944	LN890525_00090

DiscRep_SUB:FEATURE_LOCATION_CONFLICT::Coding region xref gene does not exist
prokka_LN890525/PROKKA_01042017:CDS	hypothetical protein	ENA_LN890525_LN890525.1:80941-81537	LN890525_00091

DiscRep_SUB:FEATURE_LOCATION_CONFLICT::Coding region xref gene does not exist
prokka_LN890525/PROKKA_01042017:CDS	hypothetical protein	ENA_LN890525_LN890525.1:82000-82500	LN890525_00092

DiscRep_SUB:FEATURE_LOCATION_CONFLICT::Coding region xref gene does not exist
prokka_LN890525/PROKKA_01042017:CDS	hypothetical protein	ENA_LN890525_LN890525.1:83229-83663	LN890525_00093

DiscRep_SUB:FEATURE_LOCATION_CONFLICT::Coding region xref gene does not exist
prokka_LN890525/PROKKA_01042017:CDS	hypothetical protein	ENA_LN890525_LN890525.1:83756-84022	LN890525_00094

DiscRep_ALL:DISC_QUALITY_SCORES::Quality scores are missing on all sequences.

DiscRep_ALL:ONCALLER_COMMENT_PRESENT::1 comment descriptors were found (all same)
prokka_LN890525/PROKKA_01042017:ENA_LN890525_LN890525.1:Annotated using prokka 1.12-beta from https://github.com/tseemann/prokka

DiscRep_ALL:SHORT_PROT_SEQUENCES::1 protein sequences are shorter than 50 aa.
prokka_LN890525/PROKKA_01042017:ENA_LN890525_LN890525.1_41 (length 44)

DiscRep_ALL:MISSING_GENOMEASSEMBLY_COMMENTS::1 bioseqs are missing GenomeAssembly structured comments
prokka_LN890525/PROKKA_01042017:ENA_LN890525_LN890525.1 (length 84987)

DiscRep_ALL:MOLTYPE_NOT_MRNA::1 molecule types are not set as mRNA.
prokka_LN890525/PROKKA_01042017:ENA_LN890525_LN890525.1 (length 84987)

DiscRep_ALL:TECHNIQUE_NOT_TSA::1 technique are not set as TSA
prokka_LN890525/PROKKA_01042017:ENA_LN890525_LN890525.1 (length 84987)

DiscRep_ALL:MISSING_STRUCTURED_COMMENT::1 sequences do not include structured comments.
prokka_LN890525/PROKKA_01042017:ENA_LN890525_LN890525.1 (length 84987)

DiscRep_ALL:MISSING_PROJECT::95 sequences do not include project.
prokka_LN890525/PROKKA_01042017:ENA_LN890525_LN890525.1 (length 84987)
prokka_LN890525/PROKKA_01042017:ENA_LN890525_LN890525.1_1 (length 56)
prokka_LN890525/PROKKA_01042017:ENA_LN890525_LN890525.1_2 (length 83)
prokka_LN890525/PROKKA_01042017:ENA_LN890525_LN890525.1_3 (length 100)
prokka_LN890525/PROKKA_01042017:ENA_LN890525_LN890525.1_4 (length 282)
prokka_LN890525/PROKKA_01042017:ENA_LN890525_LN890525.1_5 (length 111)
prokka_LN890525/PROKKA_01042017:ENA_LN890525_LN890525.1_6 (length 110)
prokka_LN890525/PROKKA_01042017:ENA_LN890525_LN890525.1_7 (length 899)
prokka_LN890525/PROKKA_01042017:ENA_LN890525_LN890525.1_8 (length 763)
prokka_LN890525/PROKKA_01042017:ENA_LN890525_LN890525.1_9 (length 356)
prokka_LN890525/PROKKA_01042017:ENA_LN890525_LN890525.1_10 (length 402)
prokka_LN890525/PROKKA_01042017:ENA_LN890525_LN890525.1_11 (length 317)
prokka_LN890525/PROKKA_01042017:ENA_LN890525_LN890525.1_12 (length 51)
prokka_LN890525/PROKKA_01042017:ENA_LN890525_LN890525.1_13 (length 83)
prokka_LN890525/PROKKA_01042017:ENA_LN890525_LN890525.1_14 (length 58)
prokka_LN890525/PROKKA_01042017:ENA_LN890525_LN890525.1_15 (length 69)
prokka_LN890525/PROKKA_01042017:ENA_LN890525_LN890525.1_16 (length 220)
prokka_LN890525/PROKKA_01042017:ENA_LN890525_LN890525.1_17 (length 722)
prokka_LN890525/PROKKA_01042017:ENA_LN890525_LN890525.1_18 (length 194)
prokka_LN890525/PROKKA_01042017:ENA_LN890525_LN890525.1_19 (length 400)
prokka_LN890525/PROKKA_01042017:ENA_LN890525_LN890525.1_20 (length 204)
prokka_LN890525/PROKKA_01042017:ENA_LN890525_LN890525.1_21 (length 1014)
prokka_LN890525/PROKKA_01042017:ENA_LN890525_LN890525.1_22 (length 266)
prokka_LN890525/PROKKA_01042017:ENA_LN890525_LN890525.1_23 (length 62)
prokka_LN890525/PROKKA_01042017:ENA_LN890525_LN890525.1_24 (length 134)
prokka_LN890525/PROKKA_01042017:ENA_LN890525_LN890525.1_25 (length 175)
prokka_LN890525/PROKKA_01042017:ENA_LN890525_LN890525.1_26 (length 234)
prokka_LN890525/PROKKA_01042017:ENA_LN890525_LN890525.1_27 (length 429)
prokka_LN890525/PROKKA_01042017:ENA_LN890525_LN890525.1_28 (length 327)
prokka_LN890525/PROKKA_01042017:ENA_LN890525_LN890525.1_29 (length 230)
prokka_LN890525/PROKKA_01042017:ENA_LN890525_LN890525.1_30 (length 115)
prokka_LN890525/PROKKA_01042017:ENA_LN890525_LN890525.1_31 (length 1255)
prokka_LN890525/PROKKA_01042017:ENA_LN890525_LN890525.1_32 (length 183)
prokka_LN890525/PROKKA_01042017:ENA_LN890525_LN890525.1_33 (length 96)
prokka_LN890525/PROKKA_01042017:ENA_LN890525_LN890525.1_34 (length 382)
prokka_LN890525/PROKKA_01042017:ENA_LN890525_LN890525.1_35 (length 272)
prokka_LN890525/PROKKA_01042017:ENA_LN890525_LN890525.1_36 (length 152)
prokka_LN890525/PROKKA_01042017:ENA_LN890525_LN890525.1_37 (length 194)
prokka_LN890525/PROKKA_01042017:ENA_LN890525_LN890525.1_38 (length 399)
prokka_LN890525/PROKKA_01042017:ENA_LN890525_LN890525.1_39 (length 274)
prokka_LN890525/PROKKA_01042017:ENA_LN890525_LN890525.1_40 (length 384)
prokka_LN890525/PROKKA_01042017:ENA_LN890525_LN890525.1_41 (length 44)
prokka_LN890525/PROKKA_01042017:ENA_LN890525_LN890525.1_42 (length 368)
prokka_LN890525/PROKKA_01042017:ENA_LN890525_LN890525.1_43 (length 218)
prokka_LN890525/PROKKA_01042017:ENA_LN890525_LN890525.1_44 (length 186)
prokka_LN890525/PROKKA_01042017:ENA_LN890525_LN890525.1_45 (length 204)
prokka_LN890525/PROKKA_01042017:ENA_LN890525_LN890525.1_46 (length 361)
prokka_LN890525/PROKKA_01042017:ENA_LN890525_LN890525.1_47 (length 517)
prokka_LN890525/PROKKA_01042017:ENA_LN890525_LN890525.1_48 (length 150)
prokka_LN890525/PROKKA_01042017:ENA_LN890525_LN890525.1_49 (length 431)
prokka_LN890525/PROKKA_01042017:ENA_LN890525_LN890525.1_50 (length 560)
prokka_LN890525/PROKKA_01042017:ENA_LN890525_LN890525.1_51 (length 145)
prokka_LN890525/PROKKA_01042017:ENA_LN890525_LN890525.1_52 (length 355)
prokka_LN890525/PROKKA_01042017:ENA_LN890525_LN890525.1_53 (length 197)
prokka_LN890525/PROKKA_01042017:ENA_LN890525_LN890525.1_54 (length 84)
prokka_LN890525/PROKKA_01042017:ENA_LN890525_LN890525.1_55 (length 227)
prokka_LN890525/PROKKA_01042017:ENA_LN890525_LN890525.1_56 (length 177)
prokka_LN890525/PROKKA_01042017:ENA_LN890525_LN890525.1_57 (length 95)
prokka_LN890525/PROKKA_01042017:ENA_LN890525_LN890525.1_58 (length 358)
prokka_LN890525/PROKKA_01042017:ENA_LN890525_LN890525.1_59 (length 92)
prokka_LN890525/PROKKA_01042017:ENA_LN890525_LN890525.1_60 (length 91)
prokka_LN890525/PROKKA_01042017:ENA_LN890525_LN890525.1_61 (length 93)
prokka_LN890525/PROKKA_01042017:ENA_LN890525_LN890525.1_62 (length 88)
prokka_LN890525/PROKKA_01042017:ENA_LN890525_LN890525.1_63 (length 164)
prokka_LN890525/PROKKA_01042017:ENA_LN890525_LN890525.1_64 (length 200)
prokka_LN890525/PROKKA_01042017:ENA_LN890525_LN890525.1_65 (length 350)
prokka_LN890525/PROKKA_01042017:ENA_LN890525_LN890525.1_66 (length 196)
prokka_LN890525/PROKKA_01042017:ENA_LN890525_LN890525.1_67 (length 84)
prokka_LN890525/PROKKA_01042017:ENA_LN890525_LN890525.1_68 (length 137)
prokka_LN890525/PROKKA_01042017:ENA_LN890525_LN890525.1_69 (length 259)
prokka_LN890525/PROKKA_01042017:ENA_LN890525_LN890525.1_70 (length 214)
prokka_LN890525/PROKKA_01042017:ENA_LN890525_LN890525.1_71 (length 102)
prokka_LN890525/PROKKA_01042017:ENA_LN890525_LN890525.1_72 (length 326)
prokka_LN890525/PROKKA_01042017:ENA_LN890525_LN890525.1_73 (length 138)
prokka_LN890525/PROKKA_01042017:ENA_LN890525_LN890525.1_74 (length 424)
prokka_LN890525/PROKKA_01042017:ENA_LN890525_LN890525.1_75 (length 145)
prokka_LN890525/PROKKA_01042017:ENA_LN890525_LN890525.1_76 (length 82)
prokka_LN890525/PROKKA_01042017:ENA_LN890525_LN890525.1_77 (length 308)
prokka_LN890525/PROKKA_01042017:ENA_LN890525_LN890525.1_78 (length 70)
prokka_LN890525/PROKKA_01042017:ENA_LN890525_LN890525.1_79 (length 227)
prokka_LN890525/PROKKA_01042017:ENA_LN890525_LN890525.1_80 (length 73)
prokka_LN890525/PROKKA_01042017:ENA_LN890525_LN890525.1_81 (length 144)
prokka_LN890525/PROKKA_01042017:ENA_LN890525_LN890525.1_82 (length 273)
prokka_LN890525/PROKKA_01042017:ENA_LN890525_LN890525.1_83 (length 141)
prokka_LN890525/PROKKA_01042017:ENA_LN890525_LN890525.1_84 (length 140)
prokka_LN890525/PROKKA_01042017:ENA_LN890525_LN890525.1_85 (length 63)
prokka_LN890525/PROKKA_01042017:ENA_LN890525_LN890525.1_86 (length 175)
prokka_LN890525/PROKKA_01042017:ENA_LN890525_LN890525.1_87 (length 77)
prokka_LN890525/PROKKA_01042017:ENA_LN890525_LN890525.1_88 (length 682)
prokka_LN890525/PROKKA_01042017:ENA_LN890525_LN890525.1_89 (length 144)
prokka_LN890525/PROKKA_01042017:ENA_LN890525_LN890525.1_90 (length 239)
prokka_LN890525/PROKKA_01042017:ENA_LN890525_LN890525.1_91 (length 198)
prokka_LN890525/PROKKA_01042017:ENA_LN890525_LN890525.1_92 (length 166)
prokka_LN890525/PROKKA_01042017:ENA_LN890525_LN890525.1_93 (length 144)
prokka_LN890525/PROKKA_01042017:ENA_LN890525_LN890525.1_94 (length 88)

DiscRep_ALL:DISC_INCONSISTENT_MOLINFO_TECH::Molinfo Technique Report (some missing, all same)
DiscRep_SUB:DISC_INCONSISTENT_MOLINFO_TECH::technique (all missing)
DiscRep_SUB:DISC_INCONSISTENT_MOLINFO_TECH::1 Molinfos are missing field technique
prokka_LN890525/PROKKA_01042017:ENA_LN890525_LN890525.1 (length 84987)

